17:26:52.646 [main                     ] DEBUG Logger               - Configured Logger
17:26:52.656 [main                     ] DEBUG GameApplication      - Logging settings
Title: Untitled
Version: 0.0
Width: 1280
Height: 720
Fullscreen: false
Intro: false
Profiling: false
Single step:false
App Mode: DEVELOPER
Menu Key: ESCAPE
Stage Style: DECORATED
Scene Factory: class com.leewyatt.mario.MairoApp$1

17:26:53.253 [JavaFX Application Thread] DEBUG FXGLApplication      - Initializing FXGL
17:26:53.255 [JavaFX Application Thread] INFO  Engine               - FXGL-11.17 (16.07.2021 15.46) on WINDOWS (J:17.0.1 FX:16)
17:26:53.256 [JavaFX Application Thread] DEBUG Engine               - JRE Vendor Name: Oracle Corporation
17:26:53.256 [JavaFX Application Thread] DEBUG Engine               - Running on OS: Windows 10 version 10.0
17:26:53.256 [JavaFX Application Thread] DEBUG Engine               - Architecture: amd64
17:26:53.256 [JavaFX Application Thread] INFO  Engine               - Source code and latest versions at: https://github.com/AlmasB/FXGL
17:26:53.257 [JavaFX Application Thread] INFO  Engine               -              Join the FXGL chat at: https://gitter.im/AlmasB/FXGL
17:26:53.384 [JavaFX Application Thread] DEBUG PrimaryStageWindow   - Creating a JavaFX scene
17:26:53.441 [JavaFX Application Thread] DEBUG PrimaryStageWindow   - Target settings size: 1280.0 x 720.0
17:26:53.441 [JavaFX Application Thread] DEBUG PrimaryStageWindow   - Scaled scene size:    1280.0 x 720.0
17:26:53.441 [JavaFX Application Thread] DEBUG PrimaryStageWindow   - Scaled ratio: (1.0, 1.0)
17:26:53.442 [JavaFX Application Thread] DEBUG PrimaryStageWindow   - Set initial scene to FXGLStartupScene
17:26:53.450 [JavaFX Application Thread] DEBUG PrimaryStageWindow   - Opening main window
17:26:53.542 [JavaFX Application Thread] DEBUG PrimaryStageWindow   - Window border size: (16.0, 39.0)
17:26:53.542 [JavaFX Application Thread] DEBUG PrimaryStageWindow   - Scaled size: 1280.0 x 720.0
17:26:53.542 [JavaFX Application Thread] DEBUG PrimaryStageWindow   - Scaled ratio: (1.0, 1.0)
17:26:53.543 [JavaFX Application Thread] DEBUG PrimaryStageWindow   - Scene size: 1280.0 x 720.0
17:26:53.543 [JavaFX Application Thread] DEBUG PrimaryStageWindow   - Stage size: 1296.0 x 759.0
17:26:53.550 [FXGL Background Thread 1 ] DEBUG Engine               - Initializing environment variables
17:26:53.608 [FXGL Background Thread 1 ] DEBUG FXGLAssetLoaderServi - User app class for loading assets: class com.leewyatt.mario.MairoApp
17:26:53.609 [FXGL Background Thread 1 ] DEBUG GameApplicationServi - Applying CSS: fxgl_dark.css
17:26:53.609 [FXGL Background Thread 1 ] DEBUG FXGLAssetLoaderServi - Loading from file system: jar:file:///C:/Users/Benny%20Chao/.m2/repository/com/github/almasb/fxgl/11.17/fxgl-11.17.jar!/fxglassets/ui/css/fxgl_dark.css
17:26:53.668 [FXGL Background Thread 1 ] DEBUG GameApplicationServi - Initializing application scenes
17:26:53.725 [FXGL Background Thread 1 ] DEBUG GameWorld            - Game world initialized
17:26:53.794 [FXGL Background Thread 1 ] DEBUG PhysicsWorld         - Physics world initialized: appHeight=720, physics.ppm=50.0
17:26:53.795 [FXGL Background Thread 1 ] DEBUG PhysicsWorld         - Using strategy: BRUTE_FORCE
17:26:53.798 [FXGL Background Thread 1 ] DEBUG GameScene            - Game scene initialized: 1280x720
17:26:53.811 [FXGL Background Thread 1 ] DEBUG FXGL.DefaultMenu     - createMenuBodyGameMenu()
17:26:53.835 [FXGL Background Thread 1 ] DEBUG FXGL.DefaultMenu     - createOptionsMenu()
17:26:53.847 [FXGL Background Thread 1 ] DEBUG FXGLAssetLoaderServi - Loading from file system: jar:file:///C:/Users/Benny%20Chao/.m2/repository/com/github/almasb/fxgl/11.17/fxgl-11.17.jar!/fxglassets/textures/particles/smoke.png
17:26:54.009 [FXGL Background Thread 1 ] DEBUG FXGLAssetLoaderServi - Loading from file system: jar:file:///C:/Users/Benny%20Chao/.m2/repository/com/github/almasb/fxgl/11.17/fxgl-11.17.jar!/fxglassets/textures/particles/trace_horizontal.png
17:26:54.048 [FXGL Background Thread 1 ] DEBUG GameApplicationServi - Application scenes initialized
17:26:54.060 [FXGL Background Thread 1 ] DEBUG SystemBundleService  - Loading FXGL system data
17:26:54.065 [FXGL Background Thread 1 ] DEBUG FileSystemAccess     - Reading from: C:\Users\Benny Chao\IdeaProjects\FXGL_Mario\system\fxgl.bundle
17:26:54.073 [FXGL Background Thread 1 ] DEBUG SystemBundleService  - Bundle FXGL: {}
17:26:54.073 [FXGL Background Thread 1 ] DEBUG UpdaterService       - Checking for updates
17:26:54.081 [FXGL Background Thread 4 ] DEBUG FXGLApplication      - Loading fonts
17:26:54.081 [FXGL Background Thread 1 ] DEBUG FXGLApplication      - Loading default localization
17:26:54.081 [FXGL Background Thread 4 ] DEBUG FXGLAssetLoaderServi - Loading from file system: jar:file:///C:/Users/Benny%20Chao/.m2/repository/com/github/almasb/fxgl/11.17/fxgl-11.17.jar!/fxglassets/ui/fonts/VarelaRound-Regular.ttf
17:26:54.082 [FXGL Background Thread 1 ] DEBUG FXGLAssetLoaderServi - Loading from file system: jar:file:///C:/Users/Benny%20Chao/.m2/repository/com/github/almasb/fxgl/11.17/fxgl-11.17.jar!/fxglassets/languages/english.lang
17:26:54.104 [FXGL Background Thread 1 ] INFO  FXGLApplication      - FXGL initialization took: 0.553 sec
17:26:54.118 [JavaFX Application Thread] DEBUG Input                - Registered new binding: left - A
17:26:54.119 [JavaFX Application Thread] DEBUG Input                - Registered new binding: right - D
17:26:54.119 [JavaFX Application Thread] DEBUG Input                - Registered new binding: jump - W
17:26:54.119 [JavaFX Application Thread] DEBUG Input                - Registered new binding: Use - E
17:26:54.120 [JavaFX Application Thread] DEBUG FXGLAssetLoaderServi - Loading from file system: file:/C:/Users/Benny%20Chao/IdeaProjects/FXGL_Mario/target/classes/assets/music/BGM_dash_runner.wav
17:26:54.158 [FXGL Background Thread 4 ] DEBUG FXGLAssetLoaderServi - Loading from file system: jar:file:///C:/Users/Benny%20Chao/.m2/repository/com/github/almasb/fxgl/11.17/fxgl-11.17.jar!/fxglassets/ui/fonts/Abel-Regular.ttf
17:26:54.164 [FXGL Background Thread 4 ] DEBUG FXGLAssetLoaderServi - Loading from file system: jar:file:///C:/Users/Benny%20Chao/.m2/repository/com/github/almasb/fxgl/11.17/fxgl-11.17.jar!/fxglassets/ui/fonts/lucida_console.ttf
17:26:54.172 [FXGL Background Thread 4 ] DEBUG FXGLAssetLoaderServi - Loading from file system: jar:file:///C:/Users/Benny%20Chao/.m2/repository/com/github/almasb/fxgl/11.17/fxgl-11.17.jar!/fxglassets/ui/fonts/Courier-Prime.ttf
17:26:54.383 [JavaFX Application Thread] DEBUG AudioPlayer          - Playing music com.almasb.fxgl.audio.Music@54c5a1d9
17:26:54.384 [JavaFX Application Thread] DEBUG FXGLAssetLoaderServi - Loading from file system: jar:file:///C:/Users/Benny%20Chao/.m2/repository/com/github/almasb/fxgl/11.17/fxgl-11.17.jar!/fxglassets/textures/fxgl_icon.png
17:26:54.417 [JavaFX Application Thread] DEBUG FXGLAssetLoaderServi - Loading from file system: jar:file:///C:/Users/Benny%20Chao/.m2/repository/com/github/almasb/fxgl/11.17/fxgl-11.17.jar!/fxglassets/textures/fxgl_default_cursor.png
17:26:54.419 [JavaFX Application Thread] DEBUG Input                - Registered new binding: Screenshot - CTRL+8
17:26:54.419 [JavaFX Application Thread] DEBUG Input                - Registered new binding: System info dump - CTRL+9
17:26:54.419 [JavaFX Application Thread] DEBUG Input                - Registered new binding: Restart - CTRL+R
17:26:54.420 [JavaFX Application Thread] DEBUG Input                - Registered new binding: Toggle Debug Camera - CTRL+C
17:26:54.422 [JavaFX Application Thread] DEBUG LoopRunner           - Starting loop
17:26:54.422 [JavaFX Application Thread] DEBUG LoopRunner           - Initializing JavaFX AnimationTimerLoop
17:26:54.423 [JavaFX Application Thread] DEBUG GameApplicationServi - Starting new game
17:26:54.424 [JavaFX Application Thread] DEBUG Input                - Clearing active input actions
17:26:54.436 [JavaFX Application Thread] DEBUG GameApplicationServi - Removing overlay from FXGLStartupScene and adding to MarioLoadingScene
17:26:54.436 [JavaFX Application Thread] DEBUG PrimaryStageWindow   - FXGLStartupScene -> MarioLoadingScene
17:26:54.437 [JavaFX Application Thread] DEBUG GameApplicationServi - Clearing previous game
17:26:54.437 [JavaFX Application Thread] DEBUG GameScene            - Clearing game scene
17:26:54.437 [JavaFX Application Thread] DEBUG GameWorld            - Clearing game world
17:26:54.437 [JavaFX Application Thread] DEBUG PhysicsWorld         - Clearing physics world
17:26:54.439 [FXGL Background Thread 4 ] DEBUG FXGLApplication      - Initializing game
17:26:54.442 [JavaFX Application Thread] DEBUG FXGLApplication      - Registering font factories with UI factory
17:26:54.444 [FXGL Background Thread 4 ] DEBUG FXGLAssetLoaderServi - Loading from file system: file:/C:/Users/Benny%20Chao/IdeaProjects/FXGL_Mario/target/classes/assets/textures/ice/ice_disappear.png
17:26:54.507 [FXGL Background Thread 4 ] DEBUG FXGLAssetLoaderServi - Loading from file system: file:/C:/Users/Benny%20Chao/IdeaProjects/FXGL_Mario/target/classes/assets/textures/ice/iceWater.png
17:26:54.509 [FXGL Background Thread 4 ] DEBUG FXGLAssetLoaderServi - Loading from file system: file:/C:/Users/Benny%20Chao/IdeaProjects/FXGL_Mario/target/classes/assets/textures/ice/collideCoin.png
17:26:54.598 [FXGL Background Thread 2 ] INFO  UpdaterService       - Your current version:  11.17
17:26:54.598 [FXGL Background Thread 2 ] INFO  UpdaterService       - Latest stable version: 17.1
17:26:54.613 [FXGL Background Thread 4 ] DEBUG TMXLevelLoader       - Parsed TiledMap: file:/C:/Users/Benny%20Chao/IdeaProjects/FXGL_Mario/target/classes/assets/levels/tmx/level6.tmx
17:26:54.614 [FXGL Background Thread 4 ] DEBUG TMXLevelLoader       - Creating tile layer entities
17:26:54.615 [FXGL Background Thread 4 ] DEBUG TilesetLoader        - Loading view for layer 块层 1
17:26:54.626 [FXGL Background Thread 4 ] DEBUG TilesetLoader        - Created buffer with size 2940.0x700.0
17:26:54.670 [FXGL Background Thread 4 ] DEBUG TMXLevelLoader       - Creating object layer entities
17:26:54.693 [FXGL Background Thread 4 ] DEBUG FXGLAssetLoaderServi - Loading from file system: file:/C:/Users/Benny%20Chao/IdeaProjects/FXGL_Mario/target/classes/assets/textures/ice/iceBlock.png
17:26:54.714 [FXGL Background Thread 4 ] DEBUG FXGLAssetLoaderServi - Loading from file system: file:/C:/Users/Benny%20Chao/IdeaProjects/FXGL_Mario/target/classes/assets/textures/ice/tundra_140x40.png
17:26:54.721 [FXGL Background Thread 4 ] DEBUG FXGLAssetLoaderServi - Loading from file system: file:/C:/Users/Benny%20Chao/IdeaProjects/FXGL_Mario/target/classes/assets/textures/button.png
17:26:54.736 [FXGL Background Thread 4 ] DEBUG FXGLAssetLoaderServi - Loading from file system: file:/C:/Users/Benny%20Chao/IdeaProjects/FXGL_Mario/target/classes/assets/textures/coinGold.png
17:26:54.753 [FXGL Background Thread 4 ] DEBUG GameWorld            - Clearing removable entities
17:26:54.753 [FXGL Background Thread 4 ] DEBUG GameWorld            - Setting level: com.almasb.fxgl.entity.level.Level@1db74a4b
17:26:54.833 [FXGL Background Thread 4 ] DEBUG FXGLAssetLoaderServi - Loading from file system: file:/C:/Users/Benny%20Chao/IdeaProjects/FXGL_Mario/target/classes/assets/textures/player.png
17:26:54.840 [FXGL Background Thread 4 ] INFO  FXGLApplication      - Game initialization took: 0.400 sec
17:26:54.840 [JavaFX Application Thread] DEBUG Input                - Clearing active input actions
17:26:54.851 [JavaFX Application Thread] DEBUG GameApplicationServi - Removing overlay from MarioLoadingScene and adding to GameScene
17:26:54.852 [JavaFX Application Thread] DEBUG PrimaryStageWindow   - MarioLoadingScene -> GameScene
17:26:57.080 [FXGL Background Thread 3 ] DEBUG Engine               - Logging environment variables
17:26:57.080 [FXGL Background Thread 3 ] DEBUG Engine               - achievements: []
17:26:57.080 [FXGL Background Thread 3 ] DEBUG Engine               - actualHeight: 720.0
17:26:57.081 [FXGL Background Thread 3 ] DEBUG Engine               - actualHeightProperty: ReadOnlyDoubleProperty [value: 720.0]
17:26:57.081 [FXGL Background Thread 3 ] DEBUG Engine               - actualWidth: 1280.0
17:26:57.081 [FXGL Background Thread 3 ] DEBUG Engine               - actualWidthProperty: ReadOnlyDoubleProperty [value: 1280.0]
17:26:57.081 [FXGL Background Thread 3 ] DEBUG Engine               - appIcon: fxgl_icon.png
17:26:57.081 [FXGL Background Thread 3 ] DEBUG Engine               - applicationMode: DEVELOPER
17:26:57.081 [FXGL Background Thread 3 ] DEBUG Engine               - cSSList: [fxgl_dark.css]
17:26:57.081 [FXGL Background Thread 3 ] DEBUG Engine               - collisionDetectionStrategy: BRUTE_FORCE
17:26:57.082 [FXGL Background Thread 3 ] DEBUG Engine               - configClass: Optional.empty
17:26:57.082 [FXGL Background Thread 3 ] DEBUG Engine               - credits: []
17:26:57.082 [FXGL Background Thread 3 ] DEBUG Engine               - defaultCursor: CursorInfo(imageName=fxgl_default_cursor.png, hotspotX=7.0, hotspotY=6.0)
17:26:57.082 [FXGL Background Thread 3 ] DEBUG Engine               - devBBoxColorProperty: ObjectProperty [value: 0xff0000ff]
17:26:57.082 [FXGL Background Thread 3 ] DEBUG Engine               - devEnableDebugCameraProperty: BooleanProperty [value: false]
17:26:57.083 [FXGL Background Thread 3 ] DEBUG Engine               - devSensorColorProperty: ObjectProperty [value: 0xffff00ff]
17:26:57.083 [FXGL Background Thread 3 ] DEBUG Engine               - devShowBBoxProperty: BooleanProperty [value: false]
17:26:57.083 [FXGL Background Thread 3 ] DEBUG Engine               - devShowPositionProperty: BooleanProperty [value: false]
17:26:57.083 [FXGL Background Thread 3 ] DEBUG Engine               - enabledMenuItems: []
17:26:57.083 [FXGL Background Thread 3 ] DEBUG Engine               - engineServices: [class com.almasb.fxgl.app.services.FXGLAssetLoaderService, class com.almasb.fxgl.app.FXGLApplication$GameApplicationService, class com.almasb.fxgl.app.services.FXGLDialogService, class com.almasb.fxgl.app.services.IOTaskExecutorService, class com.almasb.fxgl.io.FileSystemService, class com.almasb.fxgl.localization.LocalizationService, class com.almasb.fxgl.app.services.SystemBundleService, class com.almasb.fxgl.profile.SaveLoadService, class com.almasb.fxgl.ui.FXGLUIFactoryServiceProvider, class com.almasb.fxgl.ui.FXGLDialogFactoryServiceProvider, class com.almasb.fxgl.audio.AudioPlayer, class com.almasb.fxgl.notification.impl.NotificationServiceProvider, class com.almasb.fxgl.achievement.AchievementService, class com.almasb.fxgl.cutscene.CutsceneService, class com.almasb.fxgl.minigames.MiniGameService, class com.almasb.fxgl.net.NetService, class com.almasb.fxgl.app.services.UpdaterService, class com.almasb.fxgl.dev.DevService]
17:26:57.083 [FXGL Background Thread 3 ] DEBUG Engine               - fontGame: Abel-Regular.ttf
17:26:57.084 [FXGL Background Thread 3 ] DEBUG Engine               - fontMono: lucida_console.ttf
17:26:57.084 [FXGL Background Thread 3 ] DEBUG Engine               - fontText: Courier-Prime.ttf
17:26:57.084 [FXGL Background Thread 3 ] DEBUG Engine               - fontUI: VarelaRound-Regular.ttf
17:26:57.084 [FXGL Background Thread 3 ] DEBUG Engine               - fullScreen: BooleanProperty [value: false]
17:26:57.084 [FXGL Background Thread 3 ] DEBUG Engine               - gameDifficulty: MEDIUM
17:26:57.084 [FXGL Background Thread 3 ] DEBUG Engine               - gameDifficultyProperty: ObjectProperty [value: MEDIUM]
17:26:57.084 [FXGL Background Thread 3 ] DEBUG Engine               - globalMusicVolume: 0.5
17:26:57.084 [FXGL Background Thread 3 ] DEBUG Engine               - globalMusicVolumeProperty: DoubleProperty [value: 0.25]
17:26:57.085 [FXGL Background Thread 3 ] DEBUG Engine               - globalSoundVolume: 0.5
17:26:57.085 [FXGL Background Thread 3 ] DEBUG Engine               - globalSoundVolumeProperty: DoubleProperty [value: 0.5]
17:26:57.085 [FXGL Background Thread 3 ] DEBUG Engine               - height: 720
17:26:57.085 [FXGL Background Thread 3 ] DEBUG Engine               - is3D: false
17:26:57.085 [FXGL Background Thread 3 ] DEBUG Engine               - isAndroid: false
17:26:57.085 [FXGL Background Thread 3 ] DEBUG Engine               - isBrowser: false
17:26:57.085 [FXGL Background Thread 3 ] DEBUG Engine               - isClickFeedbackEnabled: false
17:26:57.085 [FXGL Background Thread 3 ] DEBUG Engine               - isCloseConfirmation: false
17:26:57.086 [FXGL Background Thread 3 ] DEBUG Engine               - isDesktop: true
17:26:57.086 [FXGL Background Thread 3 ] DEBUG Engine               - isDeveloperMenuEnabled: false
17:26:57.086 [FXGL Background Thread 3 ] DEBUG Engine               - isEntityPreloadEnabled: true
17:26:57.086 [FXGL Background Thread 3 ] DEBUG Engine               - isExperimentalTiledLargeMap: false
17:26:57.086 [FXGL Background Thread 3 ] DEBUG Engine               - isFileSystemWriteAllowed: true
17:26:57.086 [FXGL Background Thread 3 ] DEBUG Engine               - isFullScreenAllowed: false
17:26:57.086 [FXGL Background Thread 3 ] DEBUG Engine               - isFullScreenFromStart: false
17:26:57.086 [FXGL Background Thread 3 ] DEBUG Engine               - isGameMenuEnabled: true
17:26:57.087 [FXGL Background Thread 3 ] DEBUG Engine               - isIOS: false
17:26:57.087 [FXGL Background Thread 3 ] DEBUG Engine               - isIntroEnabled: false
17:26:57.087 [FXGL Background Thread 3 ] DEBUG Engine               - isLinux: false
17:26:57.087 [FXGL Background Thread 3 ] DEBUG Engine               - isMac: false
17:26:57.087 [FXGL Background Thread 3 ] DEBUG Engine               - isMainMenuEnabled: false
17:26:57.087 [FXGL Background Thread 3 ] DEBUG Engine               - isManualResizeEnabled: false
17:26:57.087 [FXGL Background Thread 3 ] DEBUG Engine               - isMobile: false
17:26:57.087 [FXGL Background Thread 3 ] DEBUG Engine               - isNative: false
17:26:57.088 [FXGL Background Thread 3 ] DEBUG Engine               - isPauseMusicWhenMinimized: true
17:26:57.088 [FXGL Background Thread 3 ] DEBUG Engine               - isPreserveResizeRatio: false
17:26:57.088 [FXGL Background Thread 3 ] DEBUG Engine               - isProfilingEnabled: false
17:26:57.088 [FXGL Background Thread 3 ] DEBUG Engine               - isScaleAffectedOnResize: true
17:26:57.088 [FXGL Background Thread 3 ] DEBUG Engine               - isSingleStep: false
17:26:57.088 [FXGL Background Thread 3 ] DEBUG Engine               - isUserProfileEnabled: false
17:26:57.088 [FXGL Background Thread 3 ] DEBUG Engine               - isWindows: true
17:26:57.088 [FXGL Background Thread 3 ] DEBUG Engine               - language: ObjectProperty [value: ENGLISH]
17:26:57.089 [FXGL Background Thread 3 ] DEBUG Engine               - menuKey: ESCAPE
17:26:57.089 [FXGL Background Thread 3 ] DEBUG Engine               - mouseSensitivity: 0.2
17:26:57.089 [FXGL Background Thread 3 ] DEBUG Engine               - notificationViewClass: class com.almasb.fxgl.notification.view.XboxNotificationView
17:26:57.089 [FXGL Background Thread 3 ] DEBUG Engine               - pixelsPerMeter: 50.0
17:26:57.089 [FXGL Background Thread 3 ] DEBUG Engine               - platform: WINDOWS
17:26:57.089 [FXGL Background Thread 3 ] DEBUG Engine               - prefHeightProperty: ReadOnlyDoubleProperty [value: 720.0]
17:26:57.090 [FXGL Background Thread 3 ] DEBUG Engine               - prefWidthProperty: ReadOnlyDoubleProperty [value: 1280.0]
17:26:57.090 [FXGL Background Thread 3 ] DEBUG Engine               - profileDir: profiles/
17:26:57.090 [FXGL Background Thread 3 ] DEBUG Engine               - profileName: StringProperty [value: DEFAULT]
17:26:57.090 [FXGL Background Thread 3 ] DEBUG Engine               - randomSeed: -1
17:26:57.090 [FXGL Background Thread 3 ] DEBUG Engine               - runtimeInfo: RuntimeInfo(platform=WINDOWS, version=11.17, build=16.07.2021 15.46)
17:26:57.090 [FXGL Background Thread 3 ] DEBUG Engine               - saveFileExt: sav
17:26:57.091 [FXGL Background Thread 3 ] DEBUG Engine               - scaledHeightProp$fxgl: DoubleProperty [bound, value: 720.0]
17:26:57.091 [FXGL Background Thread 3 ] DEBUG Engine               - scaledWidthProp$fxgl: DoubleProperty [bound, value: 1280.0]
17:26:57.091 [FXGL Background Thread 3 ] DEBUG Engine               - sceneFactory: com.leewyatt.mario.MairoApp$1@18b263b
17:26:57.091 [FXGL Background Thread 3 ] DEBUG Engine               - secondsIn24h: 60
17:26:57.092 [FXGL Background Thread 3 ] DEBUG Engine               - soundMenuBack: menu/back.wav
17:26:57.092 [FXGL Background Thread 3 ] DEBUG Engine               - soundMenuPress: menu/press.wav
17:26:57.092 [FXGL Background Thread 3 ] DEBUG Engine               - soundMenuSelect: menu/select.wav
17:26:57.092 [FXGL Background Thread 3 ] DEBUG Engine               - soundNotification: core/notification.wav
17:26:57.092 [FXGL Background Thread 3 ] DEBUG Engine               - stageStyle: DECORATED
17:26:57.092 [FXGL Background Thread 3 ] DEBUG Engine               - supportedLanguages: [ENGLISH, FRENCH, GERMAN, HUNGARIAN, RUSSIAN]
17:26:57.093 [FXGL Background Thread 3 ] DEBUG Engine               - ticksPerSecond: -1
17:26:57.093 [FXGL Background Thread 3 ] DEBUG Engine               - title: Untitled
17:26:57.093 [FXGL Background Thread 3 ] DEBUG Engine               - urlGithub: https://github.com/AlmasB/FXGL
17:26:57.093 [FXGL Background Thread 3 ] DEBUG Engine               - urlLeaderboard: http://fxgl-top.herokuapp.com/
17:26:57.093 [FXGL Background Thread 3 ] DEBUG Engine               - urlPOM: https://raw.githubusercontent.com/AlmasB/FXGL/release/README.md
17:26:57.093 [FXGL Background Thread 3 ] DEBUG Engine               - userAppClass: class com.leewyatt.mario.MairoApp
17:26:57.093 [FXGL Background Thread 3 ] DEBUG Engine               - version: 0.0
17:26:57.093 [FXGL Background Thread 3 ] DEBUG Engine               - versionCheckDays: 7
17:26:57.093 [FXGL Background Thread 3 ] DEBUG Engine               - width: 1280
17:26:57.093 [FXGL Background Thread 3 ] DEBUG Engine               - Logging services
17:26:57.094 [FXGL Background Thread 3 ] DEBUG Engine               - class com.almasb.fxgl.app.services.FXGLAssetLoaderService
17:26:57.094 [FXGL Background Thread 3 ] DEBUG Engine               - class com.almasb.fxgl.app.FXGLApplication$GameApplicationService
17:26:57.094 [FXGL Background Thread 3 ] DEBUG Engine               - class com.almasb.fxgl.app.services.FXGLDialogService
17:26:57.094 [FXGL Background Thread 3 ] DEBUG Engine               - class com.almasb.fxgl.app.services.IOTaskExecutorService
17:26:57.094 [FXGL Background Thread 3 ] DEBUG Engine               - class com.almasb.fxgl.io.FileSystemService
17:26:57.094 [FXGL Background Thread 3 ] DEBUG Engine               - class com.almasb.fxgl.localization.LocalizationService
17:26:57.094 [FXGL Background Thread 3 ] DEBUG Engine               - class com.almasb.fxgl.app.services.SystemBundleService
17:26:57.094 [FXGL Background Thread 3 ] DEBUG Engine               - class com.almasb.fxgl.profile.SaveLoadService
17:26:57.094 [FXGL Background Thread 3 ] DEBUG Engine               - class com.almasb.fxgl.ui.FXGLUIFactoryServiceProvider
17:26:57.095 [FXGL Background Thread 3 ] DEBUG Engine               - class com.almasb.fxgl.ui.FXGLDialogFactoryServiceProvider
17:26:57.095 [FXGL Background Thread 3 ] DEBUG Engine               - class com.almasb.fxgl.audio.AudioPlayer
17:26:57.095 [FXGL Background Thread 3 ] DEBUG Engine               - class com.almasb.fxgl.notification.impl.NotificationServiceProvider
17:26:57.095 [FXGL Background Thread 3 ] DEBUG Engine               - class com.almasb.fxgl.achievement.AchievementService
17:26:57.095 [FXGL Background Thread 3 ] DEBUG Engine               - class com.almasb.fxgl.cutscene.CutsceneService
17:26:57.095 [FXGL Background Thread 3 ] DEBUG Engine               - class com.almasb.fxgl.minigames.MiniGameService
17:26:57.095 [FXGL Background Thread 3 ] DEBUG Engine               - class com.almasb.fxgl.net.NetService
17:26:57.095 [FXGL Background Thread 3 ] DEBUG Engine               - class com.almasb.fxgl.app.services.UpdaterService
17:26:57.095 [FXGL Background Thread 3 ] DEBUG Engine               - class com.almasb.fxgl.dev.DevService
17:27:07.767 [JavaFX Application Thread] DEBUG TMXLevelLoader       - Parsed TiledMap: file:/C:/Users/Benny%20Chao/IdeaProjects/FXGL_Mario/target/classes/assets/levels/tmx/level6.tmx
17:27:07.767 [JavaFX Application Thread] DEBUG TMXLevelLoader       - Creating tile layer entities
17:27:07.767 [JavaFX Application Thread] DEBUG TilesetLoader        - Loading view for layer 块层 1
17:27:07.774 [JavaFX Application Thread] DEBUG TilesetLoader        - Created buffer with size 2940.0x700.0
17:27:07.820 [JavaFX Application Thread] DEBUG TMXLevelLoader       - Creating object layer entities
17:27:07.845 [JavaFX Application Thread] DEBUG GameWorld            - Clearing removable entities
17:27:07.854 [JavaFX Application Thread] DEBUG GameWorld            - Setting level: com.almasb.fxgl.entity.level.Level@22041a7f
17:27:16.993 [JavaFX Application Thread] DEBUG TMXLevelLoader       - Parsed TiledMap: file:/C:/Users/Benny%20Chao/IdeaProjects/FXGL_Mario/target/classes/assets/levels/tmx/level6.tmx
17:27:16.993 [JavaFX Application Thread] DEBUG TMXLevelLoader       - Creating tile layer entities
17:27:16.993 [JavaFX Application Thread] DEBUG TilesetLoader        - Loading view for layer 块层 1
17:27:16.997 [JavaFX Application Thread] DEBUG TilesetLoader        - Created buffer with size 2940.0x700.0
17:27:17.036 [JavaFX Application Thread] DEBUG TMXLevelLoader       - Creating object layer entities
17:27:17.054 [JavaFX Application Thread] DEBUG GameWorld            - Clearing removable entities
17:27:17.060 [JavaFX Application Thread] DEBUG GameWorld            - Setting level: com.almasb.fxgl.entity.level.Level@6b7cda54
17:27:28.186 [JavaFX Application Thread] DEBUG PrimaryStageWindow   - Push state: DialogSubScene
17:27:28.186 [JavaFX Application Thread] DEBUG Input                - Clearing active input actions
17:27:28.190 [JavaFX Application Thread] DEBUG GameApplicationServi - Removing overlay from GameScene and adding to DialogSubScene
17:27:28.191 [JavaFX Application Thread] DEBUG PrimaryStageWindow   - GameScene -> DialogSubScene
17:27:29.444 [JavaFX Application Thread] DEBUG PrimaryStageWindow   - Pop state: DialogSubScene
17:27:29.444 [JavaFX Application Thread] DEBUG Input                - Clearing active input actions
17:27:29.445 [JavaFX Application Thread] DEBUG GameApplicationServi - Removing overlay from DialogSubScene and adding to GameScene
17:27:29.445 [JavaFX Application Thread] DEBUG PrimaryStageWindow   - GameScene <- DialogSubScene
17:27:29.447 [JavaFX Application Thread] DEBUG PrimaryStageWindow   - Push state: DialogSubScene
17:27:29.447 [JavaFX Application Thread] DEBUG Input                - Clearing active input actions
17:27:29.447 [JavaFX Application Thread] DEBUG GameApplicationServi - Removing overlay from GameScene and adding to DialogSubScene
17:27:29.448 [JavaFX Application Thread] DEBUG PrimaryStageWindow   - GameScene -> DialogSubScene
17:27:30.202 [JavaFX Application Thread] DEBUG PrimaryStageWindow   - Pop state: DialogSubScene
17:27:30.203 [JavaFX Application Thread] DEBUG Input                - Clearing active input actions
17:27:30.203 [JavaFX Application Thread] DEBUG GameApplicationServi - Removing overlay from DialogSubScene and adding to GameScene
17:27:30.203 [JavaFX Application Thread] DEBUG PrimaryStageWindow   - GameScene <- DialogSubScene
17:27:30.204 [JavaFX Application Thread] DEBUG GameApplicationServi - Starting new game
17:27:30.204 [JavaFX Application Thread] DEBUG Input                - Clearing active input actions
17:27:30.213 [JavaFX Application Thread] DEBUG GameApplicationServi - Removing overlay from GameScene and adding to MarioLoadingScene
17:27:30.214 [JavaFX Application Thread] DEBUG PrimaryStageWindow   - GameScene -> MarioLoadingScene
17:27:30.214 [JavaFX Application Thread] DEBUG GameApplicationServi - Clearing previous game
17:27:30.214 [JavaFX Application Thread] DEBUG GameScene            - Clearing game scene
17:27:30.214 [JavaFX Application Thread] DEBUG GameWorld            - Clearing game world
17:27:30.217 [JavaFX Application Thread] DEBUG PhysicsWorld         - Clearing physics world
17:27:30.218 [FXGL Background Thread 4 ] DEBUG FXGLApplication      - Initializing game
17:27:30.228 [FXGL Background Thread 4 ] DEBUG TMXLevelLoader       - Parsed TiledMap: file:/C:/Users/Benny%20Chao/IdeaProjects/FXGL_Mario/target/classes/assets/levels/tmx/level6.tmx
17:27:30.228 [FXGL Background Thread 4 ] DEBUG TMXLevelLoader       - Creating tile layer entities
17:27:30.229 [FXGL Background Thread 4 ] DEBUG TilesetLoader        - Loading view for layer 块层 1
17:27:30.232 [FXGL Background Thread 4 ] DEBUG TilesetLoader        - Created buffer with size 2940.0x700.0
17:27:30.272 [FXGL Background Thread 4 ] DEBUG TMXLevelLoader       - Creating object layer entities
17:27:30.291 [FXGL Background Thread 4 ] DEBUG GameWorld            - Clearing removable entities
17:27:30.291 [FXGL Background Thread 4 ] DEBUG GameWorld            - Setting level: com.almasb.fxgl.entity.level.Level@8020f37
17:27:30.353 [FXGL Background Thread 4 ] INFO  FXGLApplication      - Game initialization took: 0.135 sec
17:27:30.359 [JavaFX Application Thread] DEBUG Input                - Clearing active input actions
17:27:30.366 [JavaFX Application Thread] DEBUG GameApplicationServi - Removing overlay from MarioLoadingScene and adding to GameScene
17:27:30.366 [JavaFX Application Thread] DEBUG PrimaryStageWindow   - MarioLoadingScene -> GameScene
17:27:37.583 [JavaFX Application Thread] DEBUG TMXLevelLoader       - Parsed TiledMap: file:/C:/Users/Benny%20Chao/IdeaProjects/FXGL_Mario/target/classes/assets/levels/tmx/level6.tmx
17:27:37.584 [JavaFX Application Thread] DEBUG TMXLevelLoader       - Creating tile layer entities
17:27:37.584 [JavaFX Application Thread] DEBUG TilesetLoader        - Loading view for layer 块层 1
17:27:37.588 [JavaFX Application Thread] DEBUG TilesetLoader        - Created buffer with size 2940.0x700.0
17:27:37.629 [JavaFX Application Thread] DEBUG TMXLevelLoader       - Creating object layer entities
17:27:37.644 [JavaFX Application Thread] DEBUG GameWorld            - Clearing removable entities
17:27:37.648 [JavaFX Application Thread] DEBUG GameWorld            - Setting level: com.almasb.fxgl.entity.level.Level@140a13f9
17:27:42.990 [JavaFX Application Thread] DEBUG TMXLevelLoader       - Parsed TiledMap: file:/C:/Users/Benny%20Chao/IdeaProjects/FXGL_Mario/target/classes/assets/levels/tmx/level6.tmx
17:27:42.990 [JavaFX Application Thread] DEBUG TMXLevelLoader       - Creating tile layer entities
17:27:42.991 [JavaFX Application Thread] DEBUG TilesetLoader        - Loading view for layer 块层 1
17:27:42.992 [JavaFX Application Thread] DEBUG TilesetLoader        - Created buffer with size 2940.0x700.0
17:27:43.025 [JavaFX Application Thread] DEBUG TMXLevelLoader       - Creating object layer entities
17:27:43.039 [JavaFX Application Thread] DEBUG GameWorld            - Clearing removable entities
17:27:43.043 [JavaFX Application Thread] DEBUG GameWorld            - Setting level: com.almasb.fxgl.entity.level.Level@1d23db02
17:27:47.496 [JavaFX Application Thread] DEBUG FXGLAssetLoaderServi - Loading from file system: file:/C:/Users/Benny%20Chao/IdeaProjects/FXGL_Mario/target/classes/assets/sounds/coin.wav
17:28:10.504 [JavaFX Application Thread] DEBUG FXGLAssetLoaderServi - Loading from file system: file:/C:/Users/Benny%20Chao/IdeaProjects/FXGL_Mario/target/classes/assets/textures/exit_sign.png
17:28:28.172 [JavaFX Application Thread] DEBUG FXGLApplication      - Exiting FXGL
17:28:28.172 [JavaFX Application Thread] DEBUG LoopRunner           - Stopping loop
17:28:28.172 [JavaFX Application Thread] DEBUG SystemBundleService  - Saving FXGL system data
17:28:28.174 [JavaFX Application Thread] DEBUG FileSystemAccess     - Writing to: C:\Users\Benny Chao\IdeaProjects\FXGL_Mario\system\fxgl.bundle
17:28:28.176 [JavaFX Application Thread] DEBUG Async                - Shutting down background threads
17:28:28.176 [JavaFX Application Thread] DEBUG PrimaryStageWindow   - Closing main window
17:28:28.190 [JavaFX Application Thread] DEBUG Logger               - Closing Logger
