18:13:00.928 [main                     ] DEBUG Logger               - Configured Logger
18:13:00.985 [main                     ] DEBUG GameApplication      - Logging settings
Title: Untitled
Version: 0.0
Width: 1280
Height: 720
Fullscreen: false
Intro: false
Profiling: false
Single step:false
App Mode: DEVELOPER
Menu Key: ESCAPE
Stage Style: DECORATED
Scene Factory: class ca.bcit.comp2522.termproject.planetbandit.Platformer$1

18:13:01.503 [JavaFX Application Thread] DEBUG FXGLApplication      - Initializing FXGL
18:13:01.512 [JavaFX Application Thread] INFO  Engine               - FXGL-17.1 (24.03.2022 17.34) on WINDOWS (J:17.0.1 FX:18)
18:13:01.513 [JavaFX Application Thread] DEBUG Engine               - JRE Vendor Name: Oracle Corporation
18:13:01.513 [JavaFX Application Thread] DEBUG Engine               - Running on OS: Windows 10 version 10.0
18:13:01.514 [JavaFX Application Thread] DEBUG Engine               - Architecture: amd64
18:13:01.514 [JavaFX Application Thread] INFO  Engine               - Source code and latest versions at: https://github.com/AlmasB/FXGL
18:13:01.514 [JavaFX Application Thread] INFO  Engine               -       Ask questions and discuss at: https://github.com/AlmasB/FXGL/discussions
18:13:01.515 [JavaFX Application Thread] INFO  Engine               -              Join the FXGL chat at: https://gitter.im/AlmasB/FXGL
18:13:01.643 [JavaFX Application Thread] DEBUG PrimaryStageWindow   - Creating a JavaFX scene
18:13:01.712 [JavaFX Application Thread] DEBUG PrimaryStageWindow   - Target settings size: 1280.0 x 720.0
18:13:01.713 [JavaFX Application Thread] DEBUG PrimaryStageWindow   - Scaled scene size:    1280.0 x 720.0
18:13:01.713 [JavaFX Application Thread] DEBUG PrimaryStageWindow   - Scaled ratio: (1.0, 1.0)
18:13:01.715 [JavaFX Application Thread] DEBUG PrimaryStageWindow   - Set initial scene to FXGLStartupScene
18:13:01.728 [JavaFX Application Thread] DEBUG PrimaryStageWindow   - Opening main window
18:13:01.848 [JavaFX Application Thread] DEBUG PrimaryStageWindow   - Window border size: (16.0, 39.0)
18:13:01.849 [JavaFX Application Thread] DEBUG PrimaryStageWindow   - Scaled size: 1280.0 x 720.0
18:13:01.849 [JavaFX Application Thread] DEBUG PrimaryStageWindow   - Scaled ratio: (1.0, 1.0)
18:13:01.849 [JavaFX Application Thread] DEBUG PrimaryStageWindow   - Scene size: 1280.0 x 720.0
18:13:01.850 [JavaFX Application Thread] DEBUG PrimaryStageWindow   - Stage size: 1296.0 x 759.0
18:13:01.859 [FXGL Background Thread 1 ] DEBUG Engine               - Initializing environment variables
18:13:01.907 [FXGL Background Thread 1 ] DEBUG FXGLAssetLoaderServi - User app class for loading assets: class ca.bcit.comp2522.termproject.planetbandit.Platformer
18:13:01.908 [FXGL Background Thread 1 ] DEBUG GameApplicationServi - Applying CSS: fxgl_dark.css
18:13:01.909 [FXGL Background Thread 1 ] DEBUG FXGLAssetLoaderServi - Loading from file system: jar:file:///C:/Users/Benny%20Chao/.m2/repository/com/github/almasb/fxgl/17.1/fxgl-17.1.jar!/fxglassets/ui/css/fxgl_dark.css
18:13:01.968 [FXGL Background Thread 1 ] DEBUG GameApplicationServi - Initializing application scenes
18:13:02.030 [FXGL Background Thread 1 ] DEBUG GameWorld            - Game world initialized
18:13:02.094 [FXGL Background Thread 1 ] DEBUG PhysicsWorld         - Physics world initialized: appHeight=720, physics.ppm=50.0
18:13:02.094 [FXGL Background Thread 1 ] DEBUG PhysicsWorld         - Using strategy: BRUTE_FORCE
18:13:02.099 [FXGL Background Thread 1 ] DEBUG GameScene            - Game scene initialized: 1280x720
18:13:02.113 [FXGL Background Thread 1 ] DEBUG FXGL.DefaultMenu     - createMenuBodyGameMenu()
18:13:02.136 [FXGL Background Thread 1 ] DEBUG FXGL.DefaultMenu     - createOptionsMenu()
18:13:02.149 [FXGL Background Thread 1 ] DEBUG FXGLAssetLoaderServi - Loading from file system: jar:file:///C:/Users/Benny%20Chao/.m2/repository/com/github/almasb/fxgl/17.1/fxgl-17.1.jar!/fxglassets/textures/particles/smoke.png
18:13:02.310 [FXGL Background Thread 1 ] DEBUG FXGLAssetLoaderServi - Loading from file system: jar:file:///C:/Users/Benny%20Chao/.m2/repository/com/github/almasb/fxgl/17.1/fxgl-17.1.jar!/fxglassets/textures/particles/trace_horizontal.png
18:13:02.398 [FXGL Background Thread 1 ] DEBUG GameApplicationServi - Application scenes initialized
18:13:02.420 [FXGL Background Thread 1 ] DEBUG SystemBundleService  - Loading FXGL system data
18:13:02.425 [FXGL Background Thread 1 ] DEBUG FileSystemAccess     - Reading from: C:\Users\Benny Chao\IdeaProjects\522-202210-Term-Project-Planet-Bandit\system\fxgl.bundle
18:13:02.433 [FXGL Background Thread 1 ] DEBUG SystemBundleService  - Bundle FXGL: {}
18:13:02.433 [FXGL Background Thread 1 ] DEBUG UpdaterService       - Checking for updates
18:13:02.439 [FXGL Background Thread 4 ] DEBUG FXGLApplication      - Loading fonts
18:13:02.439 [FXGL Background Thread 1 ] DEBUG FXGLApplication      - Loading default localization
18:13:02.440 [FXGL Background Thread 1 ] DEBUG FXGLAssetLoaderServi - Loading from file system: jar:file:///C:/Users/Benny%20Chao/.m2/repository/com/github/almasb/fxgl/17.1/fxgl-17.1.jar!/fxglassets/languages/english.lang
18:13:02.441 [FXGL Background Thread 4 ] DEBUG FXGLAssetLoaderServi - Loading from file system: jar:file:///C:/Users/Benny%20Chao/.m2/repository/com/github/almasb/fxgl/17.1/fxgl-17.1.jar!/fxglassets/ui/fonts/VarelaRound-Regular.ttf
18:13:02.465 [FXGL Background Thread 1 ] INFO  FXGLApplication      - FXGL initialization took: 0.606 sec
18:13:02.483 [JavaFX Application Thread] DEBUG Input                - Registered new binding: left - A
18:13:02.483 [JavaFX Application Thread] DEBUG Input                - Registered new binding: right - D
18:13:02.483 [JavaFX Application Thread] DEBUG Input                - Registered new binding: jump - W
18:13:02.484 [JavaFX Application Thread] DEBUG Input                - Registered new binding: Use - E
18:13:02.485 [JavaFX Application Thread] DEBUG FXGLAssetLoaderServi - Loading from file system: file:/C:/Users/Benny%20Chao/IdeaProjects/522-202210-Term-Project-Planet-Bandit/target/classes/assets/music/BGM_dash_runner.wav
18:13:02.523 [FXGL Background Thread 4 ] DEBUG FXGLAssetLoaderServi - Loading from file system: jar:file:///C:/Users/Benny%20Chao/.m2/repository/com/github/almasb/fxgl/17.1/fxgl-17.1.jar!/fxglassets/ui/fonts/Abel-Regular.ttf
18:13:02.528 [FXGL Background Thread 4 ] DEBUG FXGLAssetLoaderServi - Loading from file system: jar:file:///C:/Users/Benny%20Chao/.m2/repository/com/github/almasb/fxgl/17.1/fxgl-17.1.jar!/fxglassets/ui/fonts/TerminalLandMono-Regular.otf
18:13:02.533 [FXGL Background Thread 4 ] DEBUG FXGLAssetLoaderServi - Loading from file system: jar:file:///C:/Users/Benny%20Chao/.m2/repository/com/github/almasb/fxgl/17.1/fxgl-17.1.jar!/fxglassets/ui/fonts/Courier-Prime.ttf
18:13:02.741 [JavaFX Application Thread] DEBUG AudioPlayer          - Playing music com.almasb.fxgl.audio.Music@4d8715c9
18:13:02.742 [JavaFX Application Thread] DEBUG FXGLAssetLoaderServi - Loading from file system: jar:file:///C:/Users/Benny%20Chao/.m2/repository/com/github/almasb/fxgl/17.1/fxgl-17.1.jar!/fxglassets/textures/fxgl_icon.png
18:13:02.770 [JavaFX Application Thread] DEBUG FXGLAssetLoaderServi - Loading from file system: jar:file:///C:/Users/Benny%20Chao/.m2/repository/com/github/almasb/fxgl/17.1/fxgl-17.1.jar!/fxglassets/textures/fxgl_default_cursor.png
18:13:02.773 [JavaFX Application Thread] DEBUG Input                - Registered new binding: Screenshot - CTRL+8
18:13:02.774 [JavaFX Application Thread] DEBUG Input                - Registered new binding: System info dump - CTRL+9
18:13:02.775 [JavaFX Application Thread] DEBUG Input                - Registered new binding: Restart - CTRL+R
18:13:02.776 [JavaFX Application Thread] DEBUG Input                - Registered new binding: Toggle Debug Camera - CTRL+7
18:13:02.779 [JavaFX Application Thread] DEBUG LoopRunner           - Starting loop
18:13:02.779 [JavaFX Application Thread] DEBUG LoopRunner           - Initializing JavaFX AnimationTimerLoop
18:13:02.781 [JavaFX Application Thread] DEBUG GameApplicationServi - Starting new game
18:13:02.782 [JavaFX Application Thread] DEBUG Input                - Clearing active input actions
18:13:02.795 [JavaFX Application Thread] DEBUG GameApplicationServi - Removing overlay from FXGLStartupScene and adding to MarioLoadingScene
18:13:02.796 [JavaFX Application Thread] DEBUG PrimaryStageWindow   - FXGLStartupScene -> MarioLoadingScene
18:13:02.796 [JavaFX Application Thread] DEBUG GameApplicationServi - Clearing previous game
18:13:02.796 [JavaFX Application Thread] DEBUG GameScene            - Clearing game scene
18:13:02.796 [JavaFX Application Thread] DEBUG GameWorld            - Clearing game world
18:13:02.797 [JavaFX Application Thread] DEBUG PhysicsWorld         - Clearing physics world
18:13:02.798 [FXGL Background Thread 4 ] DEBUG FXGLApplication      - Initializing game
18:13:02.800 [JavaFX Application Thread] DEBUG FXGLApplication      - Registering font factories with UI factory
18:13:02.804 [FXGL Background Thread 4 ] DEBUG FXGLAssetLoaderServi - Loading from file system: file:/C:/Users/Benny%20Chao/IdeaProjects/522-202210-Term-Project-Planet-Bandit/target/classes/assets/textures/ice/ice_disappear.png
18:13:02.843 [FXGL Background Thread 4 ] DEBUG FXGLAssetLoaderServi - Loading from file system: file:/C:/Users/Benny%20Chao/IdeaProjects/522-202210-Term-Project-Planet-Bandit/target/classes/assets/textures/ice/iceWater.png
18:13:02.845 [FXGL Background Thread 4 ] DEBUG FXGLAssetLoaderServi - Loading from file system: file:/C:/Users/Benny%20Chao/IdeaProjects/522-202210-Term-Project-Planet-Bandit/target/classes/assets/textures/ice/collideCoin.png
18:13:02.916 [FXGL Background Thread 4 ] WARN  TMXLevelLoader       - TiledMap generated from 1.2.3. Supported version: 1.4.2. Some features may not be parsed fully.
18:13:02.944 [FXGL Background Thread 4 ] DEBUG TMXLevelLoader       - Parsed TiledMap: file:/C:/Users/Benny%20Chao/IdeaProjects/522-202210-Term-Project-Planet-Bandit/target/classes/assets/levels/tmx/level6.tmx
18:13:02.946 [FXGL Background Thread 4 ] DEBUG TMXLevelLoader       - Creating tile layer entities
18:13:02.947 [FXGL Background Thread 4 ] DEBUG TilesetLoader        - Loading view for layer 块层 1
18:13:02.954 [FXGL Background Thread 4 ] DEBUG TilesetLoader        - Created buffer with size 2940.0x700.0
18:13:02.993 [FXGL Background Thread 4 ] DEBUG TMXLevelLoader       - Creating object layer entities
18:13:03.013 [FXGL Background Thread 4 ] DEBUG FXGLAssetLoaderServi - Loading from file system: file:/C:/Users/Benny%20Chao/IdeaProjects/522-202210-Term-Project-Planet-Bandit/target/classes/assets/textures/ice/iceBlock.png
18:13:03.035 [FXGL Background Thread 4 ] DEBUG FXGLAssetLoaderServi - Loading from file system: file:/C:/Users/Benny%20Chao/IdeaProjects/522-202210-Term-Project-Planet-Bandit/target/classes/assets/textures/ice/tundra_140x40.png
18:13:03.043 [FXGL Background Thread 4 ] DEBUG FXGLAssetLoaderServi - Loading from file system: file:/C:/Users/Benny%20Chao/IdeaProjects/522-202210-Term-Project-Planet-Bandit/target/classes/assets/textures/button.png
18:13:03.065 [FXGL Background Thread 4 ] DEBUG FXGLAssetLoaderServi - Loading from file system: file:/C:/Users/Benny%20Chao/IdeaProjects/522-202210-Term-Project-Planet-Bandit/target/classes/assets/textures/coinGold.png
18:13:03.080 [FXGL Background Thread 4 ] DEBUG GameWorld            - Clearing removable entities
18:13:03.081 [FXGL Background Thread 4 ] DEBUG GameWorld            - Setting level: com.almasb.fxgl.entity.level.Level@544d371b
18:13:03.158 [FXGL Background Thread 4 ] DEBUG FXGLAssetLoaderServi - Loading from file system: file:/C:/Users/Benny%20Chao/IdeaProjects/522-202210-Term-Project-Planet-Bandit/target/classes/assets/textures/player.png
18:13:03.165 [FXGL Background Thread 4 ] INFO  FXGLApplication      - Game initialization took: 0.366 sec
18:13:03.165 [JavaFX Application Thread] DEBUG Input                - Clearing active input actions
18:13:03.181 [JavaFX Application Thread] DEBUG GameApplicationServi - Removing overlay from MarioLoadingScene and adding to GameScene
18:13:03.181 [JavaFX Application Thread] DEBUG PrimaryStageWindow   - MarioLoadingScene -> GameScene
18:13:04.878 [JavaFX Application Thread] DEBUG FXGLApplication      - Exiting FXGL
18:13:04.879 [JavaFX Application Thread] DEBUG LoopRunner           - Stopping loop
18:13:04.879 [JavaFX Application Thread] DEBUG SystemBundleService  - Saving FXGL system data
18:13:04.881 [JavaFX Application Thread] DEBUG FileSystemAccess     - Writing to: C:\Users\Benny Chao\IdeaProjects\522-202210-Term-Project-Planet-Bandit\system\fxgl.bundle
18:13:04.883 [JavaFX Application Thread] DEBUG Async                - Shutting down background threads
18:13:04.884 [JavaFX Application Thread] DEBUG PrimaryStageWindow   - Closing main window
18:13:04.896 [JavaFX Application Thread] DEBUG Logger               - Closing Logger
