18:03:26.087 [main                     ] DEBUG Logger               - Configured Logger
18:03:26.132 [main                     ] DEBUG GameApplication      - Logging settings
Title: Untitled
Version: 0.0
Width: 1280
Height: 720
Fullscreen: false
Intro: false
Profiling: false
Single step:false
App Mode: DEVELOPER
Menu Key: ESCAPE
Stage Style: DECORATED
Scene Factory: class ca.bcit.comp2522.termproject.planetbandit.Platformer$1

18:03:26.621 [JavaFX Application Thread] DEBUG FXGLApplication      - Initializing FXGL
18:03:26.630 [JavaFX Application Thread] INFO  Engine               - FXGL-17.1 (24.03.2022 17.34) on WINDOWS (J:17.0.1 FX:18)
18:03:26.631 [JavaFX Application Thread] DEBUG Engine               - JRE Vendor Name: Oracle Corporation
18:03:26.632 [JavaFX Application Thread] DEBUG Engine               - Running on OS: Windows 10 version 10.0
18:03:26.632 [JavaFX Application Thread] DEBUG Engine               - Architecture: amd64
18:03:26.632 [JavaFX Application Thread] INFO  Engine               - Source code and latest versions at: https://github.com/AlmasB/FXGL
18:03:26.633 [JavaFX Application Thread] INFO  Engine               -       Ask questions and discuss at: https://github.com/AlmasB/FXGL/discussions
18:03:26.633 [JavaFX Application Thread] INFO  Engine               -              Join the FXGL chat at: https://gitter.im/AlmasB/FXGL
18:03:26.759 [JavaFX Application Thread] DEBUG PrimaryStageWindow   - Creating a JavaFX scene
18:03:26.811 [JavaFX Application Thread] DEBUG PrimaryStageWindow   - Target settings size: 1280.0 x 720.0
18:03:26.812 [JavaFX Application Thread] DEBUG PrimaryStageWindow   - Scaled scene size:    1280.0 x 720.0
18:03:26.812 [JavaFX Application Thread] DEBUG PrimaryStageWindow   - Scaled ratio: (1.0, 1.0)
18:03:26.813 [JavaFX Application Thread] DEBUG PrimaryStageWindow   - Set initial scene to FXGLStartupScene
18:03:26.821 [JavaFX Application Thread] DEBUG PrimaryStageWindow   - Opening main window
18:03:26.914 [JavaFX Application Thread] DEBUG PrimaryStageWindow   - Window border size: (16.0, 39.0)
18:03:26.914 [JavaFX Application Thread] DEBUG PrimaryStageWindow   - Scaled size: 1280.0 x 720.0
18:03:26.915 [JavaFX Application Thread] DEBUG PrimaryStageWindow   - Scaled ratio: (1.0, 1.0)
18:03:26.915 [JavaFX Application Thread] DEBUG PrimaryStageWindow   - Scene size: 1280.0 x 720.0
18:03:26.915 [JavaFX Application Thread] DEBUG PrimaryStageWindow   - Stage size: 1296.0 x 759.0
18:03:26.924 [FXGL Background Thread 1 ] DEBUG Engine               - Initializing environment variables
18:03:26.972 [FXGL Background Thread 1 ] DEBUG FXGLAssetLoaderServi - User app class for loading assets: class ca.bcit.comp2522.termproject.planetbandit.Platformer
18:03:26.972 [FXGL Background Thread 1 ] DEBUG GameApplicationServi - Applying CSS: fxgl_dark.css
18:03:26.973 [FXGL Background Thread 1 ] DEBUG FXGLAssetLoaderServi - Loading from file system: jar:file:///C:/Users/Benny%20Chao/.m2/repository/com/github/almasb/fxgl/17.1/fxgl-17.1.jar!/fxglassets/ui/css/fxgl_dark.css
18:03:27.034 [FXGL Background Thread 1 ] DEBUG GameApplicationServi - Initializing application scenes
18:03:27.100 [FXGL Background Thread 1 ] DEBUG GameWorld            - Game world initialized
18:03:27.165 [FXGL Background Thread 1 ] DEBUG PhysicsWorld         - Physics world initialized: appHeight=720, physics.ppm=50.0
18:03:27.165 [FXGL Background Thread 1 ] DEBUG PhysicsWorld         - Using strategy: BRUTE_FORCE
18:03:27.170 [FXGL Background Thread 1 ] DEBUG GameScene            - Game scene initialized: 1280x720
18:03:27.182 [FXGL Background Thread 1 ] DEBUG FXGL.DefaultMenu     - createMenuBodyGameMenu()
18:03:27.203 [FXGL Background Thread 1 ] DEBUG FXGL.DefaultMenu     - createOptionsMenu()
18:03:27.219 [FXGL Background Thread 1 ] DEBUG FXGLAssetLoaderServi - Loading from file system: jar:file:///C:/Users/Benny%20Chao/.m2/repository/com/github/almasb/fxgl/17.1/fxgl-17.1.jar!/fxglassets/textures/particles/smoke.png
18:03:27.359 [FXGL Background Thread 1 ] DEBUG FXGLAssetLoaderServi - Loading from file system: jar:file:///C:/Users/Benny%20Chao/.m2/repository/com/github/almasb/fxgl/17.1/fxgl-17.1.jar!/fxglassets/textures/particles/trace_horizontal.png
18:03:27.438 [FXGL Background Thread 1 ] DEBUG GameApplicationServi - Application scenes initialized
18:03:27.451 [FXGL Background Thread 1 ] DEBUG SystemBundleService  - Loading FXGL system data
18:03:27.458 [FXGL Background Thread 1 ] DEBUG FileSystemAccess     - Reading from: C:\Users\Benny Chao\IdeaProjects\522-202210-Term-Project-Planet-Bandit\system\fxgl.bundle
18:03:27.467 [FXGL Background Thread 1 ] DEBUG SystemBundleService  - Bundle FXGL: {}
18:03:27.467 [FXGL Background Thread 1 ] DEBUG UpdaterService       - Checking for updates
18:03:27.471 [FXGL Background Thread 4 ] DEBUG FXGLApplication      - Loading fonts
18:03:27.472 [FXGL Background Thread 1 ] DEBUG FXGLApplication      - Loading default localization
18:03:27.472 [FXGL Background Thread 4 ] DEBUG FXGLAssetLoaderServi - Loading from file system: jar:file:///C:/Users/Benny%20Chao/.m2/repository/com/github/almasb/fxgl/17.1/fxgl-17.1.jar!/fxglassets/ui/fonts/VarelaRound-Regular.ttf
18:03:27.472 [FXGL Background Thread 1 ] DEBUG FXGLAssetLoaderServi - Loading from file system: jar:file:///C:/Users/Benny%20Chao/.m2/repository/com/github/almasb/fxgl/17.1/fxgl-17.1.jar!/fxglassets/languages/english.lang
18:03:27.497 [FXGL Background Thread 1 ] INFO  FXGLApplication      - FXGL initialization took: 0.572 sec
18:03:27.511 [JavaFX Application Thread] DEBUG Input                - Registered new binding: left - A
18:03:27.511 [JavaFX Application Thread] DEBUG Input                - Registered new binding: right - D
18:03:27.511 [JavaFX Application Thread] DEBUG Input                - Registered new binding: jump - W
18:03:27.511 [JavaFX Application Thread] DEBUG Input                - Registered new binding: Use - E
18:03:27.512 [JavaFX Application Thread] DEBUG FXGLAssetLoaderServi - Loading from file system: file:/C:/Users/Benny%20Chao/IdeaProjects/522-202210-Term-Project-Planet-Bandit/target/classes/assets/music/BGM_dash_runner.wav
18:03:27.539 [FXGL Background Thread 4 ] DEBUG FXGLAssetLoaderServi - Loading from file system: jar:file:///C:/Users/Benny%20Chao/.m2/repository/com/github/almasb/fxgl/17.1/fxgl-17.1.jar!/fxglassets/ui/fonts/Abel-Regular.ttf
18:03:27.544 [FXGL Background Thread 4 ] DEBUG FXGLAssetLoaderServi - Loading from file system: jar:file:///C:/Users/Benny%20Chao/.m2/repository/com/github/almasb/fxgl/17.1/fxgl-17.1.jar!/fxglassets/ui/fonts/TerminalLandMono-Regular.otf
18:03:27.549 [FXGL Background Thread 4 ] DEBUG FXGLAssetLoaderServi - Loading from file system: jar:file:///C:/Users/Benny%20Chao/.m2/repository/com/github/almasb/fxgl/17.1/fxgl-17.1.jar!/fxglassets/ui/fonts/Courier-Prime.ttf
18:03:27.745 [JavaFX Application Thread] DEBUG AudioPlayer          - Playing music com.almasb.fxgl.audio.Music@786a4977
18:03:27.755 [JavaFX Application Thread] DEBUG FXGLAssetLoaderServi - Loading from file system: jar:file:///C:/Users/Benny%20Chao/.m2/repository/com/github/almasb/fxgl/17.1/fxgl-17.1.jar!/fxglassets/textures/fxgl_icon.png
18:03:27.786 [JavaFX Application Thread] DEBUG FXGLAssetLoaderServi - Loading from file system: jar:file:///C:/Users/Benny%20Chao/.m2/repository/com/github/almasb/fxgl/17.1/fxgl-17.1.jar!/fxglassets/textures/fxgl_default_cursor.png
18:03:27.789 [JavaFX Application Thread] DEBUG Input                - Registered new binding: Screenshot - CTRL+8
18:03:27.789 [JavaFX Application Thread] DEBUG Input                - Registered new binding: System info dump - CTRL+9
18:03:27.790 [JavaFX Application Thread] DEBUG Input                - Registered new binding: Restart - CTRL+R
18:03:27.791 [JavaFX Application Thread] DEBUG Input                - Registered new binding: Toggle Debug Camera - CTRL+7
18:03:27.794 [JavaFX Application Thread] DEBUG LoopRunner           - Starting loop
18:03:27.795 [JavaFX Application Thread] DEBUG LoopRunner           - Initializing JavaFX AnimationTimerLoop
18:03:27.796 [JavaFX Application Thread] DEBUG GameApplicationServi - Starting new game
18:03:27.796 [JavaFX Application Thread] DEBUG Input                - Clearing active input actions
18:03:27.810 [JavaFX Application Thread] DEBUG GameApplicationServi - Removing overlay from FXGLStartupScene and adding to MarioLoadingScene
18:03:27.811 [JavaFX Application Thread] DEBUG PrimaryStageWindow   - FXGLStartupScene -> MarioLoadingScene
18:03:27.811 [JavaFX Application Thread] DEBUG GameApplicationServi - Clearing previous game
18:03:27.811 [JavaFX Application Thread] DEBUG GameScene            - Clearing game scene
18:03:27.811 [JavaFX Application Thread] DEBUG GameWorld            - Clearing game world
18:03:27.811 [JavaFX Application Thread] DEBUG PhysicsWorld         - Clearing physics world
18:03:27.812 [FXGL Background Thread 4 ] DEBUG FXGLApplication      - Initializing game
18:03:27.812 [JavaFX Application Thread] DEBUG FXGLApplication      - Registering font factories with UI factory
18:03:27.817 [FXGL Background Thread 4 ] DEBUG FXGLAssetLoaderServi - Loading from file system: file:/C:/Users/Benny%20Chao/IdeaProjects/522-202210-Term-Project-Planet-Bandit/target/classes/assets/textures/ice/ice_disappear.png
18:03:27.852 [FXGL Background Thread 4 ] DEBUG FXGLAssetLoaderServi - Loading from file system: file:/C:/Users/Benny%20Chao/IdeaProjects/522-202210-Term-Project-Planet-Bandit/target/classes/assets/textures/ice/iceWater.png
18:03:27.854 [FXGL Background Thread 4 ] DEBUG FXGLAssetLoaderServi - Loading from file system: file:/C:/Users/Benny%20Chao/IdeaProjects/522-202210-Term-Project-Planet-Bandit/target/classes/assets/textures/ice/collideCoin.png
18:03:27.920 [FXGL Background Thread 4 ] WARN  TMXLevelLoader       - TiledMap generated from 1.2.3. Supported version: 1.4.2. Some features may not be parsed fully.
18:03:27.946 [FXGL Background Thread 4 ] DEBUG TMXLevelLoader       - Parsed TiledMap: file:/C:/Users/Benny%20Chao/IdeaProjects/522-202210-Term-Project-Planet-Bandit/target/classes/assets/levels/tmx/level6.tmx
18:03:27.947 [FXGL Background Thread 4 ] DEBUG TMXLevelLoader       - Creating tile layer entities
18:03:27.949 [FXGL Background Thread 4 ] DEBUG TilesetLoader        - Loading view for layer 块层 1
18:03:27.955 [FXGL Background Thread 4 ] DEBUG TilesetLoader        - Created buffer with size 2940.0x700.0
18:03:27.995 [FXGL Background Thread 4 ] DEBUG TMXLevelLoader       - Creating object layer entities
18:03:28.015 [FXGL Background Thread 4 ] DEBUG FXGLAssetLoaderServi - Loading from file system: file:/C:/Users/Benny%20Chao/IdeaProjects/522-202210-Term-Project-Planet-Bandit/target/classes/assets/textures/ice/iceBlock.png
18:03:28.039 [FXGL Background Thread 4 ] DEBUG FXGLAssetLoaderServi - Loading from file system: file:/C:/Users/Benny%20Chao/IdeaProjects/522-202210-Term-Project-Planet-Bandit/target/classes/assets/textures/ice/tundra_140x40.png
18:03:28.048 [FXGL Background Thread 4 ] DEBUG FXGLAssetLoaderServi - Loading from file system: file:/C:/Users/Benny%20Chao/IdeaProjects/522-202210-Term-Project-Planet-Bandit/target/classes/assets/textures/button.png
18:03:28.062 [FXGL Background Thread 4 ] DEBUG FXGLAssetLoaderServi - Loading from file system: file:/C:/Users/Benny%20Chao/IdeaProjects/522-202210-Term-Project-Planet-Bandit/target/classes/assets/textures/coinGold.png
18:03:28.078 [FXGL Background Thread 4 ] DEBUG GameWorld            - Clearing removable entities
18:03:28.079 [FXGL Background Thread 4 ] DEBUG GameWorld            - Setting level: com.almasb.fxgl.entity.level.Level@4a5b5edd
18:03:28.170 [FXGL Background Thread 4 ] DEBUG FXGLAssetLoaderServi - Loading from file system: file:/C:/Users/Benny%20Chao/IdeaProjects/522-202210-Term-Project-Planet-Bandit/target/classes/assets/textures/player.png
18:03:28.181 [FXGL Background Thread 4 ] INFO  FXGLApplication      - Game initialization took: 0.368 sec
18:03:28.182 [JavaFX Application Thread] DEBUG Input                - Clearing active input actions
18:03:28.196 [JavaFX Application Thread] DEBUG GameApplicationServi - Removing overlay from MarioLoadingScene and adding to GameScene
18:03:28.197 [JavaFX Application Thread] DEBUG PrimaryStageWindow   - MarioLoadingScene -> GameScene
18:03:30.472 [FXGL Background Thread 3 ] DEBUG Engine               - Logging environment variables
18:03:30.473 [FXGL Background Thread 3 ] DEBUG Engine               - achievements: []
18:03:30.473 [FXGL Background Thread 3 ] DEBUG Engine               - actualHeight: 720.0
18:03:30.473 [FXGL Background Thread 3 ] DEBUG Engine               - actualHeightProperty: ReadOnlyDoubleProperty [value: 720.0]
18:03:30.473 [FXGL Background Thread 3 ] DEBUG Engine               - actualWidth: 1280.0
18:03:30.473 [FXGL Background Thread 3 ] DEBUG Engine               - actualWidthProperty: ReadOnlyDoubleProperty [value: 1280.0]
18:03:30.473 [FXGL Background Thread 3 ] DEBUG Engine               - appIcon: fxgl_icon.png
18:03:30.474 [FXGL Background Thread 3 ] DEBUG Engine               - applicationMode: DEVELOPER
18:03:30.474 [FXGL Background Thread 3 ] DEBUG Engine               - cSSList: [fxgl_dark.css]
18:03:30.474 [FXGL Background Thread 3 ] DEBUG Engine               - collisionDetectionStrategy: BRUTE_FORCE
18:03:30.474 [FXGL Background Thread 3 ] DEBUG Engine               - configClass: Optional.empty
18:03:30.474 [FXGL Background Thread 3 ] DEBUG Engine               - credits: []
18:03:30.475 [FXGL Background Thread 3 ] DEBUG Engine               - defaultCursor: CursorInfo(imageName=fxgl_default_cursor.png, hotspotX=7.0, hotspotY=6.0)
18:03:30.475 [FXGL Background Thread 3 ] DEBUG Engine               - devBBoxColorProperty: ObjectProperty [value: 0xff0000ff]
18:03:30.475 [FXGL Background Thread 3 ] DEBUG Engine               - devEnableDebugCameraProperty: BooleanProperty [value: false]
18:03:30.475 [FXGL Background Thread 3 ] DEBUG Engine               - devSensorColorProperty: ObjectProperty [value: 0xffff00ff]
18:03:30.476 [FXGL Background Thread 3 ] DEBUG Engine               - devShowBBoxProperty: BooleanProperty [value: false]
18:03:30.476 [FXGL Background Thread 3 ] DEBUG Engine               - devShowPositionProperty: BooleanProperty [value: false]
18:03:30.476 [FXGL Background Thread 3 ] DEBUG Engine               - enabledMenuItems: []
18:03:30.476 [FXGL Background Thread 3 ] DEBUG Engine               - engineServices: [class com.almasb.fxgl.app.services.FXGLAssetLoaderService, class com.almasb.fxgl.app.FXGLApplication$GameApplicationService, class com.almasb.fxgl.app.services.FXGLDialogService, class com.almasb.fxgl.app.services.IOTaskExecutorService, class com.almasb.fxgl.io.FileSystemService, class com.almasb.fxgl.localization.LocalizationService, class com.almasb.fxgl.app.services.SystemBundleService, class com.almasb.fxgl.profile.SaveLoadService, class com.almasb.fxgl.ui.FXGLUIFactoryServiceProvider, class com.almasb.fxgl.ui.FXGLDialogFactoryServiceProvider, class com.almasb.fxgl.audio.AudioPlayer, class com.almasb.fxgl.notification.impl.NotificationServiceProvider, class com.almasb.fxgl.achievement.AchievementService, class com.almasb.fxgl.cutscene.CutsceneService, class com.almasb.fxgl.minigames.MiniGameService, class com.almasb.fxgl.net.NetService, class com.almasb.fxgl.app.services.UpdaterService, class com.almasb.fxgl.dev.DevService]
18:03:30.477 [FXGL Background Thread 3 ] DEBUG Engine               - fontGame: Abel-Regular.ttf
18:03:30.477 [FXGL Background Thread 3 ] DEBUG Engine               - fontMono: TerminalLandMono-Regular.otf
18:03:30.477 [FXGL Background Thread 3 ] DEBUG Engine               - fontText: Courier-Prime.ttf
18:03:30.477 [FXGL Background Thread 3 ] DEBUG Engine               - fontUI: VarelaRound-Regular.ttf
18:03:30.477 [FXGL Background Thread 3 ] DEBUG Engine               - fullScreen: BooleanProperty [value: false]
18:03:30.477 [FXGL Background Thread 3 ] DEBUG Engine               - gameDifficulty: MEDIUM
18:03:30.477 [FXGL Background Thread 3 ] DEBUG Engine               - gameDifficultyProperty: ObjectProperty [value: MEDIUM]
18:03:30.478 [FXGL Background Thread 3 ] DEBUG Engine               - globalMusicVolume: 0.5
18:03:30.478 [FXGL Background Thread 3 ] DEBUG Engine               - globalMusicVolumeProperty: DoubleProperty [value: 0.25]
18:03:30.478 [FXGL Background Thread 3 ] DEBUG Engine               - globalSoundVolume: 0.5
18:03:30.478 [FXGL Background Thread 3 ] DEBUG Engine               - globalSoundVolumeProperty: DoubleProperty [value: 0.5]
18:03:30.478 [FXGL Background Thread 3 ] DEBUG Engine               - height: 720
18:03:30.478 [FXGL Background Thread 3 ] DEBUG Engine               - is3D: false
18:03:30.479 [FXGL Background Thread 3 ] DEBUG Engine               - isAndroid: false
18:03:30.479 [FXGL Background Thread 3 ] DEBUG Engine               - isBrowser: false
18:03:30.479 [FXGL Background Thread 3 ] DEBUG Engine               - isClickFeedbackEnabled: false
18:03:30.479 [FXGL Background Thread 3 ] DEBUG Engine               - isCloseConfirmation: false
18:03:30.479 [FXGL Background Thread 3 ] DEBUG Engine               - isDesktop: true
18:03:30.479 [FXGL Background Thread 3 ] DEBUG Engine               - isDeveloperMenuEnabled: false
18:03:30.479 [FXGL Background Thread 3 ] DEBUG Engine               - isEmbedded: false
18:03:30.480 [FXGL Background Thread 3 ] DEBUG Engine               - isEntityPreloadEnabled: true
18:03:30.480 [FXGL Background Thread 3 ] DEBUG Engine               - isExperimentalTiledLargeMap: false
18:03:30.480 [FXGL Background Thread 3 ] DEBUG Engine               - isFileSystemWriteAllowed: true
18:03:30.480 [FXGL Background Thread 3 ] DEBUG Engine               - isFullScreenAllowed: false
18:03:30.480 [FXGL Background Thread 3 ] DEBUG Engine               - isFullScreenFromStart: false
18:03:30.480 [FXGL Background Thread 3 ] DEBUG Engine               - isGameMenuEnabled: true
18:03:30.481 [FXGL Background Thread 3 ] DEBUG Engine               - isIOS: false
18:03:30.481 [FXGL Background Thread 3 ] DEBUG Engine               - isIntroEnabled: false
18:03:30.481 [FXGL Background Thread 3 ] DEBUG Engine               - isLinux: false
18:03:30.481 [FXGL Background Thread 3 ] DEBUG Engine               - isMac: false
18:03:30.481 [FXGL Background Thread 3 ] DEBUG Engine               - isMainMenuEnabled: false
18:03:30.481 [FXGL Background Thread 3 ] DEBUG Engine               - isManualResizeEnabled: false
18:03:30.481 [FXGL Background Thread 3 ] DEBUG Engine               - isMobile: false
18:03:30.481 [FXGL Background Thread 3 ] DEBUG Engine               - isNative: false
18:03:30.482 [FXGL Background Thread 3 ] DEBUG Engine               - isPauseMusicWhenMinimized: true
18:03:30.482 [FXGL Background Thread 3 ] DEBUG Engine               - isPreserveResizeRatio: false
18:03:30.482 [FXGL Background Thread 3 ] DEBUG Engine               - isProfilingEnabled: false
18:03:30.482 [FXGL Background Thread 3 ] DEBUG Engine               - isScaleAffectedOnResize: true
18:03:30.482 [FXGL Background Thread 3 ] DEBUG Engine               - isSingleStep: false
18:03:30.482 [FXGL Background Thread 3 ] DEBUG Engine               - isUserProfileEnabled: false
18:03:30.482 [FXGL Background Thread 3 ] DEBUG Engine               - isWindows: true
18:03:30.482 [FXGL Background Thread 3 ] DEBUG Engine               - language: ObjectProperty [value: ENGLISH]
18:03:30.483 [FXGL Background Thread 3 ] DEBUG Engine               - menuKey: ESCAPE
18:03:30.483 [FXGL Background Thread 3 ] DEBUG Engine               - mouseSensitivity: 0.2
18:03:30.483 [FXGL Background Thread 3 ] DEBUG Engine               - notificationViewClass: class com.almasb.fxgl.notification.view.XboxNotificationView
18:03:30.483 [FXGL Background Thread 3 ] DEBUG Engine               - pixelsPerMeter: 50.0
18:03:30.483 [FXGL Background Thread 3 ] DEBUG Engine               - platform: WINDOWS
18:03:30.483 [FXGL Background Thread 3 ] DEBUG Engine               - prefHeightProperty: ReadOnlyDoubleProperty [value: 720.0]
18:03:30.483 [FXGL Background Thread 3 ] DEBUG Engine               - prefWidthProperty: ReadOnlyDoubleProperty [value: 1280.0]
18:03:30.483 [FXGL Background Thread 3 ] DEBUG Engine               - profileDir: profiles/
18:03:30.484 [FXGL Background Thread 3 ] DEBUG Engine               - profileName: StringProperty [value: DEFAULT]
18:03:30.484 [FXGL Background Thread 3 ] DEBUG Engine               - randomSeed: -1
18:03:30.484 [FXGL Background Thread 3 ] DEBUG Engine               - runtimeInfo: RuntimeInfo(platform=WINDOWS, version=17.1, build=24.03.2022 17.34)
18:03:30.484 [FXGL Background Thread 3 ] DEBUG Engine               - saveFileExt: sav
18:03:30.485 [FXGL Background Thread 3 ] DEBUG Engine               - scaledHeightProp$fxgl: DoubleProperty [bound, value: 720.0]
18:03:30.485 [FXGL Background Thread 3 ] DEBUG Engine               - scaledWidthProp$fxgl: DoubleProperty [bound, value: 1280.0]
18:03:30.485 [FXGL Background Thread 3 ] DEBUG Engine               - sceneFactory: ca.bcit.comp2522.termproject.planetbandit.Platformer$1@6f43a931
18:03:30.485 [FXGL Background Thread 3 ] DEBUG Engine               - secondsIn24h: 60
18:03:30.485 [FXGL Background Thread 3 ] DEBUG Engine               - soundMenuBack: menu/back.wav
18:03:30.485 [FXGL Background Thread 3 ] DEBUG Engine               - soundMenuPress: menu/press.wav
18:03:30.485 [FXGL Background Thread 3 ] DEBUG Engine               - soundMenuSelect: menu/select.wav
18:03:30.485 [FXGL Background Thread 3 ] DEBUG Engine               - soundNotification: core/notification.wav
18:03:30.486 [FXGL Background Thread 3 ] DEBUG Engine               - stageStyle: DECORATED
18:03:30.486 [FXGL Background Thread 3 ] DEBUG Engine               - supportedLanguages: [ENGLISH, FRENCH, GERMAN, HUNGARIAN, RUSSIAN]
18:03:30.486 [FXGL Background Thread 3 ] DEBUG Engine               - ticksPerSecond: -1
18:03:30.486 [FXGL Background Thread 3 ] DEBUG Engine               - title: Untitled
18:03:30.486 [FXGL Background Thread 3 ] DEBUG Engine               - urlGithub: https://github.com/AlmasB/FXGL
18:03:30.486 [FXGL Background Thread 3 ] DEBUG Engine               - urlLeaderboard: http://fxgl-top.herokuapp.com/
18:03:30.486 [FXGL Background Thread 3 ] DEBUG Engine               - urlPOM: https://raw.githubusercontent.com/AlmasB/FXGL/release/README.md
18:03:30.486 [FXGL Background Thread 3 ] DEBUG Engine               - userAppClass: class ca.bcit.comp2522.termproject.planetbandit.Platformer
18:03:30.487 [FXGL Background Thread 3 ] DEBUG Engine               - version: 0.0
18:03:30.487 [FXGL Background Thread 3 ] DEBUG Engine               - versionCheckDays: 7
18:03:30.487 [FXGL Background Thread 3 ] DEBUG Engine               - width: 1280
18:03:30.487 [FXGL Background Thread 3 ] DEBUG Engine               - Logging services
18:03:30.487 [FXGL Background Thread 3 ] DEBUG Engine               - class com.almasb.fxgl.app.services.FXGLAssetLoaderService
18:03:30.487 [FXGL Background Thread 3 ] DEBUG Engine               - class com.almasb.fxgl.app.FXGLApplication$GameApplicationService
18:03:30.487 [FXGL Background Thread 3 ] DEBUG Engine               - class com.almasb.fxgl.app.services.FXGLDialogService
18:03:30.488 [FXGL Background Thread 3 ] DEBUG Engine               - class com.almasb.fxgl.app.services.IOTaskExecutorService
18:03:30.488 [FXGL Background Thread 3 ] DEBUG Engine               - class com.almasb.fxgl.io.FileSystemService
18:03:30.488 [FXGL Background Thread 3 ] DEBUG Engine               - class com.almasb.fxgl.localization.LocalizationService
18:03:30.488 [FXGL Background Thread 3 ] DEBUG Engine               - class com.almasb.fxgl.app.services.SystemBundleService
18:03:30.488 [FXGL Background Thread 3 ] DEBUG Engine               - class com.almasb.fxgl.profile.SaveLoadService
18:03:30.488 [FXGL Background Thread 3 ] DEBUG Engine               - class com.almasb.fxgl.ui.FXGLUIFactoryServiceProvider
18:03:30.488 [FXGL Background Thread 3 ] DEBUG Engine               - class com.almasb.fxgl.ui.FXGLDialogFactoryServiceProvider
18:03:30.488 [FXGL Background Thread 3 ] DEBUG Engine               - class com.almasb.fxgl.audio.AudioPlayer
18:03:30.488 [FXGL Background Thread 3 ] DEBUG Engine               - class com.almasb.fxgl.notification.impl.NotificationServiceProvider
18:03:30.489 [FXGL Background Thread 3 ] DEBUG Engine               - class com.almasb.fxgl.achievement.AchievementService
18:03:30.489 [FXGL Background Thread 3 ] DEBUG Engine               - class com.almasb.fxgl.cutscene.CutsceneService
18:03:30.489 [FXGL Background Thread 3 ] DEBUG Engine               - class com.almasb.fxgl.minigames.MiniGameService
18:03:30.489 [FXGL Background Thread 3 ] DEBUG Engine               - class com.almasb.fxgl.net.NetService
18:03:30.489 [FXGL Background Thread 3 ] DEBUG Engine               - class com.almasb.fxgl.app.services.UpdaterService
18:03:30.489 [FXGL Background Thread 3 ] DEBUG Engine               - class com.almasb.fxgl.dev.DevService
18:03:39.827 [JavaFX Application Thread] WARN  TMXLevelLoader       - TiledMap generated from 1.2.3. Supported version: 1.4.2. Some features may not be parsed fully.
18:03:39.840 [JavaFX Application Thread] DEBUG TMXLevelLoader       - Parsed TiledMap: file:/C:/Users/Benny%20Chao/IdeaProjects/522-202210-Term-Project-Planet-Bandit/target/classes/assets/levels/tmx/level6.tmx
18:03:39.841 [JavaFX Application Thread] DEBUG TMXLevelLoader       - Creating tile layer entities
18:03:39.841 [JavaFX Application Thread] DEBUG TilesetLoader        - Loading view for layer 块层 1
18:03:39.845 [JavaFX Application Thread] DEBUG TilesetLoader        - Created buffer with size 2940.0x700.0
18:03:39.885 [JavaFX Application Thread] DEBUG TMXLevelLoader       - Creating object layer entities
18:03:39.909 [JavaFX Application Thread] DEBUG GameWorld            - Clearing removable entities
18:03:39.917 [JavaFX Application Thread] DEBUG GameWorld            - Setting level: com.almasb.fxgl.entity.level.Level@5c118e0
18:03:43.952 [JavaFX Application Thread] DEBUG FXGLAssetLoaderServi - Loading from file system: file:/C:/Users/Benny%20Chao/IdeaProjects/522-202210-Term-Project-Planet-Bandit/target/classes/assets/sounds/coin.wav
18:04:03.424 [JavaFX Application Thread] DEBUG FXGLAssetLoaderServi - Loading from file system: file:/C:/Users/Benny%20Chao/IdeaProjects/522-202210-Term-Project-Planet-Bandit/target/classes/assets/textures/exit_sign.png
18:04:11.073 [JavaFX Application Thread] WARN  TMXLevelLoader       - TiledMap generated from 1.2.3. Supported version: 1.4.2. Some features may not be parsed fully.
18:04:11.084 [JavaFX Application Thread] DEBUG TMXLevelLoader       - Parsed TiledMap: file:/C:/Users/Benny%20Chao/IdeaProjects/522-202210-Term-Project-Planet-Bandit/target/classes/assets/levels/tmx/level6.tmx
18:04:11.084 [JavaFX Application Thread] DEBUG TMXLevelLoader       - Creating tile layer entities
18:04:11.084 [JavaFX Application Thread] DEBUG TilesetLoader        - Loading view for layer 块层 1
18:04:11.087 [JavaFX Application Thread] DEBUG TilesetLoader        - Created buffer with size 2940.0x700.0
18:04:11.125 [JavaFX Application Thread] DEBUG TMXLevelLoader       - Creating object layer entities
18:04:11.143 [JavaFX Application Thread] DEBUG GameWorld            - Clearing removable entities
18:04:11.147 [JavaFX Application Thread] DEBUG GameWorld            - Setting level: com.almasb.fxgl.entity.level.Level@6dd69931
18:04:26.066 [JavaFX Application Thread] DEBUG PrimaryStageWindow   - Push state: DialogSubScene
18:04:26.066 [JavaFX Application Thread] DEBUG Input                - Clearing active input actions
18:04:26.070 [JavaFX Application Thread] DEBUG GameApplicationServi - Removing overlay from GameScene and adding to DialogSubScene
18:04:26.070 [JavaFX Application Thread] DEBUG PrimaryStageWindow   - GameScene -> DialogSubScene
18:04:28.024 [JavaFX Application Thread] DEBUG PrimaryStageWindow   - Pop state: DialogSubScene
18:04:28.024 [JavaFX Application Thread] DEBUG Input                - Clearing active input actions
18:04:28.024 [JavaFX Application Thread] DEBUG GameApplicationServi - Removing overlay from DialogSubScene and adding to GameScene
18:04:28.025 [JavaFX Application Thread] DEBUG PrimaryStageWindow   - GameScene <- DialogSubScene
18:04:28.027 [JavaFX Application Thread] DEBUG PrimaryStageWindow   - Push state: DialogSubScene
18:04:28.027 [JavaFX Application Thread] DEBUG Input                - Clearing active input actions
18:04:28.027 [JavaFX Application Thread] DEBUG GameApplicationServi - Removing overlay from GameScene and adding to DialogSubScene
18:04:28.028 [JavaFX Application Thread] DEBUG PrimaryStageWindow   - GameScene -> DialogSubScene
18:04:29.404 [JavaFX Application Thread] DEBUG PrimaryStageWindow   - Pop state: DialogSubScene
18:04:29.404 [JavaFX Application Thread] DEBUG Input                - Clearing active input actions
18:04:29.405 [JavaFX Application Thread] DEBUG GameApplicationServi - Removing overlay from DialogSubScene and adding to GameScene
18:04:29.405 [JavaFX Application Thread] DEBUG PrimaryStageWindow   - GameScene <- DialogSubScene
18:04:29.405 [JavaFX Application Thread] DEBUG GameApplicationServi - Starting new game
18:04:29.405 [JavaFX Application Thread] DEBUG Input                - Clearing active input actions
18:04:29.411 [JavaFX Application Thread] DEBUG GameApplicationServi - Removing overlay from GameScene and adding to MarioLoadingScene
18:04:29.412 [JavaFX Application Thread] DEBUG PrimaryStageWindow   - GameScene -> MarioLoadingScene
18:04:29.412 [JavaFX Application Thread] DEBUG GameApplicationServi - Clearing previous game
18:04:29.412 [JavaFX Application Thread] DEBUG GameScene            - Clearing game scene
18:04:29.412 [JavaFX Application Thread] DEBUG GameWorld            - Clearing game world
18:04:29.415 [JavaFX Application Thread] DEBUG PhysicsWorld         - Clearing physics world
18:04:29.416 [FXGL Background Thread 5 ] DEBUG FXGLApplication      - Initializing game
18:04:29.420 [FXGL Background Thread 5 ] WARN  TMXLevelLoader       - TiledMap generated from 1.2.3. Supported version: 1.4.2. Some features may not be parsed fully.
18:04:29.428 [FXGL Background Thread 5 ] DEBUG TMXLevelLoader       - Parsed TiledMap: file:/C:/Users/Benny%20Chao/IdeaProjects/522-202210-Term-Project-Planet-Bandit/target/classes/assets/levels/tmx/level6.tmx
18:04:29.428 [FXGL Background Thread 5 ] DEBUG TMXLevelLoader       - Creating tile layer entities
18:04:29.429 [FXGL Background Thread 5 ] DEBUG TilesetLoader        - Loading view for layer 块层 1
18:04:29.436 [FXGL Background Thread 5 ] DEBUG TilesetLoader        - Created buffer with size 2940.0x700.0
18:04:29.473 [FXGL Background Thread 5 ] DEBUG TMXLevelLoader       - Creating object layer entities
18:04:29.489 [FXGL Background Thread 5 ] DEBUG GameWorld            - Clearing removable entities
18:04:29.490 [FXGL Background Thread 5 ] DEBUG GameWorld            - Setting level: com.almasb.fxgl.entity.level.Level@38d0122
18:04:29.547 [FXGL Background Thread 5 ] INFO  FXGLApplication      - Game initialization took: 0.131 sec
18:04:29.548 [JavaFX Application Thread] DEBUG Input                - Clearing active input actions
18:04:29.555 [JavaFX Application Thread] DEBUG GameApplicationServi - Removing overlay from MarioLoadingScene and adding to GameScene
18:04:29.555 [JavaFX Application Thread] DEBUG PrimaryStageWindow   - MarioLoadingScene -> GameScene
18:04:30.677 [JavaFX Application Thread] DEBUG FXGLApplication      - Exiting FXGL
18:04:30.678 [JavaFX Application Thread] DEBUG LoopRunner           - Stopping loop
18:04:30.678 [JavaFX Application Thread] DEBUG SystemBundleService  - Saving FXGL system data
18:04:30.680 [JavaFX Application Thread] DEBUG FileSystemAccess     - Writing to: C:\Users\Benny Chao\IdeaProjects\522-202210-Term-Project-Planet-Bandit\system\fxgl.bundle
18:04:30.682 [JavaFX Application Thread] DEBUG Async                - Shutting down background threads
18:04:30.682 [JavaFX Application Thread] DEBUG PrimaryStageWindow   - Closing main window
18:04:30.696 [JavaFX Application Thread] DEBUG Logger               - Closing Logger
