17:40:35.613 [main                     ] DEBUG Logger               - Configured Logger
17:40:35.624 [main                     ] DEBUG GameApplication      - Logging settings
Title: Untitled
Version: 0.0
Width: 1280
Height: 720
Fullscreen: false
Intro: false
Profiling: false
Single step:false
App Mode: DEVELOPER
Menu Key: ESCAPE
Stage Style: DECORATED
Scene Factory: class com.leewyatt.mario.MairoApp$1

17:40:36.139 [JavaFX Application Thread] DEBUG FXGLApplication      - Initializing FXGL
17:40:36.141 [JavaFX Application Thread] INFO  Engine               - FXGL-11.17 (16.07.2021 15.46) on WINDOWS (J:17.0.1 FX:16)
17:40:36.141 [JavaFX Application Thread] DEBUG Engine               - JRE Vendor Name: Oracle Corporation
17:40:36.141 [JavaFX Application Thread] DEBUG Engine               - Running on OS: Windows 10 version 10.0
17:40:36.141 [JavaFX Application Thread] DEBUG Engine               - Architecture: amd64
17:40:36.142 [JavaFX Application Thread] INFO  Engine               - Source code and latest versions at: https://github.com/AlmasB/FXGL
17:40:36.142 [JavaFX Application Thread] INFO  Engine               -              Join the FXGL chat at: https://gitter.im/AlmasB/FXGL
17:40:36.262 [JavaFX Application Thread] DEBUG PrimaryStageWindow   - Creating a JavaFX scene
17:40:36.314 [JavaFX Application Thread] DEBUG PrimaryStageWindow   - Target settings size: 1280.0 x 720.0
17:40:36.314 [JavaFX Application Thread] DEBUG PrimaryStageWindow   - Scaled scene size:    1280.0 x 720.0
17:40:36.314 [JavaFX Application Thread] DEBUG PrimaryStageWindow   - Scaled ratio: (1.0, 1.0)
17:40:36.315 [JavaFX Application Thread] DEBUG PrimaryStageWindow   - Set initial scene to FXGLStartupScene
17:40:36.323 [JavaFX Application Thread] DEBUG PrimaryStageWindow   - Opening main window
17:40:36.415 [JavaFX Application Thread] DEBUG PrimaryStageWindow   - Window border size: (16.0, 39.0)
17:40:36.415 [JavaFX Application Thread] DEBUG PrimaryStageWindow   - Scaled size: 1280.0 x 720.0
17:40:36.415 [JavaFX Application Thread] DEBUG PrimaryStageWindow   - Scaled ratio: (1.0, 1.0)
17:40:36.415 [JavaFX Application Thread] DEBUG PrimaryStageWindow   - Scene size: 1280.0 x 720.0
17:40:36.415 [JavaFX Application Thread] DEBUG PrimaryStageWindow   - Stage size: 1296.0 x 759.0
17:40:36.428 [FXGL Background Thread 1 ] DEBUG Engine               - Initializing environment variables
17:40:36.487 [FXGL Background Thread 1 ] DEBUG FXGLAssetLoaderServi - User app class for loading assets: class com.leewyatt.mario.MairoApp
17:40:36.487 [FXGL Background Thread 1 ] DEBUG GameApplicationServi - Applying CSS: fxgl_dark.css
17:40:36.488 [FXGL Background Thread 1 ] DEBUG FXGLAssetLoaderServi - Loading from file system: jar:file:///C:/Users/Benny%20Chao/.m2/repository/com/github/almasb/fxgl/11.17/fxgl-11.17.jar!/fxglassets/ui/css/fxgl_dark.css
17:40:36.548 [FXGL Background Thread 1 ] DEBUG GameApplicationServi - Initializing application scenes
17:40:36.603 [FXGL Background Thread 1 ] DEBUG GameWorld            - Game world initialized
17:40:36.669 [FXGL Background Thread 1 ] DEBUG PhysicsWorld         - Physics world initialized: appHeight=720, physics.ppm=50.0
17:40:36.670 [FXGL Background Thread 1 ] DEBUG PhysicsWorld         - Using strategy: BRUTE_FORCE
17:40:36.673 [FXGL Background Thread 1 ] DEBUG GameScene            - Game scene initialized: 1280x720
17:40:36.684 [FXGL Background Thread 1 ] DEBUG FXGL.DefaultMenu     - createMenuBodyGameMenu()
17:40:36.704 [FXGL Background Thread 1 ] DEBUG FXGL.DefaultMenu     - createOptionsMenu()
17:40:36.716 [FXGL Background Thread 1 ] DEBUG FXGLAssetLoaderServi - Loading from file system: jar:file:///C:/Users/Benny%20Chao/.m2/repository/com/github/almasb/fxgl/11.17/fxgl-11.17.jar!/fxglassets/textures/particles/smoke.png
17:40:36.875 [FXGL Background Thread 1 ] DEBUG FXGLAssetLoaderServi - Loading from file system: jar:file:///C:/Users/Benny%20Chao/.m2/repository/com/github/almasb/fxgl/11.17/fxgl-11.17.jar!/fxglassets/textures/particles/trace_horizontal.png
17:40:36.926 [FXGL Background Thread 1 ] DEBUG GameApplicationServi - Application scenes initialized
17:40:36.939 [FXGL Background Thread 1 ] DEBUG SystemBundleService  - Loading FXGL system data
17:40:36.944 [FXGL Background Thread 1 ] DEBUG FileSystemAccess     - Reading from: C:\Users\Benny Chao\IdeaProjects\FXGL_Mario\system\fxgl.bundle
17:40:36.952 [FXGL Background Thread 1 ] DEBUG SystemBundleService  - Bundle FXGL: {}
17:40:36.952 [FXGL Background Thread 1 ] DEBUG UpdaterService       - Checking for updates
17:40:36.957 [FXGL Background Thread 4 ] DEBUG FXGLApplication      - Loading fonts
17:40:36.958 [FXGL Background Thread 1 ] DEBUG FXGLApplication      - Loading default localization
17:40:36.958 [FXGL Background Thread 4 ] DEBUG FXGLAssetLoaderServi - Loading from file system: jar:file:///C:/Users/Benny%20Chao/.m2/repository/com/github/almasb/fxgl/11.17/fxgl-11.17.jar!/fxglassets/ui/fonts/VarelaRound-Regular.ttf
17:40:36.958 [FXGL Background Thread 1 ] DEBUG FXGLAssetLoaderServi - Loading from file system: jar:file:///C:/Users/Benny%20Chao/.m2/repository/com/github/almasb/fxgl/11.17/fxgl-11.17.jar!/fxglassets/languages/english.lang
17:40:36.977 [FXGL Background Thread 1 ] INFO  FXGLApplication      - FXGL initialization took: 0.549 sec
17:40:36.995 [JavaFX Application Thread] DEBUG Input                - Registered new binding: left - A
17:40:36.996 [JavaFX Application Thread] DEBUG Input                - Registered new binding: right - D
17:40:36.996 [JavaFX Application Thread] DEBUG Input                - Registered new binding: jump - W
17:40:36.996 [JavaFX Application Thread] DEBUG Input                - Registered new binding: Use - E
17:40:36.997 [JavaFX Application Thread] DEBUG FXGLAssetLoaderServi - Loading from file system: file:/C:/Users/Benny%20Chao/IdeaProjects/FXGL_Mario/target/classes/assets/music/BGM_dash_runner.wav
17:40:37.032 [FXGL Background Thread 4 ] DEBUG FXGLAssetLoaderServi - Loading from file system: jar:file:///C:/Users/Benny%20Chao/.m2/repository/com/github/almasb/fxgl/11.17/fxgl-11.17.jar!/fxglassets/ui/fonts/Abel-Regular.ttf
17:40:37.042 [FXGL Background Thread 4 ] DEBUG FXGLAssetLoaderServi - Loading from file system: jar:file:///C:/Users/Benny%20Chao/.m2/repository/com/github/almasb/fxgl/11.17/fxgl-11.17.jar!/fxglassets/ui/fonts/lucida_console.ttf
17:40:37.051 [FXGL Background Thread 4 ] DEBUG FXGLAssetLoaderServi - Loading from file system: jar:file:///C:/Users/Benny%20Chao/.m2/repository/com/github/almasb/fxgl/11.17/fxgl-11.17.jar!/fxglassets/ui/fonts/Courier-Prime.ttf
17:40:37.236 [JavaFX Application Thread] DEBUG AudioPlayer          - Playing music com.almasb.fxgl.audio.Music@64f8d85c
17:40:37.237 [JavaFX Application Thread] DEBUG FXGLAssetLoaderServi - Loading from file system: jar:file:///C:/Users/Benny%20Chao/.m2/repository/com/github/almasb/fxgl/11.17/fxgl-11.17.jar!/fxglassets/textures/fxgl_icon.png
17:40:37.277 [JavaFX Application Thread] DEBUG FXGLAssetLoaderServi - Loading from file system: jar:file:///C:/Users/Benny%20Chao/.m2/repository/com/github/almasb/fxgl/11.17/fxgl-11.17.jar!/fxglassets/textures/fxgl_default_cursor.png
17:40:37.279 [JavaFX Application Thread] DEBUG Input                - Registered new binding: Screenshot - CTRL+8
17:40:37.279 [JavaFX Application Thread] DEBUG Input                - Registered new binding: System info dump - CTRL+9
17:40:37.279 [JavaFX Application Thread] DEBUG Input                - Registered new binding: Restart - CTRL+R
17:40:37.280 [JavaFX Application Thread] DEBUG Input                - Registered new binding: Toggle Debug Camera - CTRL+C
17:40:37.282 [JavaFX Application Thread] DEBUG LoopRunner           - Starting loop
17:40:37.283 [JavaFX Application Thread] DEBUG LoopRunner           - Initializing JavaFX AnimationTimerLoop
17:40:37.284 [JavaFX Application Thread] DEBUG GameApplicationServi - Starting new game
17:40:37.284 [JavaFX Application Thread] DEBUG Input                - Clearing active input actions
17:40:37.296 [JavaFX Application Thread] DEBUG GameApplicationServi - Removing overlay from FXGLStartupScene and adding to MarioLoadingScene
17:40:37.297 [JavaFX Application Thread] DEBUG PrimaryStageWindow   - FXGLStartupScene -> MarioLoadingScene
17:40:37.297 [JavaFX Application Thread] DEBUG GameApplicationServi - Clearing previous game
17:40:37.297 [JavaFX Application Thread] DEBUG GameScene            - Clearing game scene
17:40:37.297 [JavaFX Application Thread] DEBUG GameWorld            - Clearing game world
17:40:37.297 [JavaFX Application Thread] DEBUG PhysicsWorld         - Clearing physics world
17:40:37.299 [FXGL Background Thread 4 ] DEBUG FXGLApplication      - Initializing game
17:40:37.301 [JavaFX Application Thread] DEBUG FXGLApplication      - Registering font factories with UI factory
17:40:37.305 [FXGL Background Thread 4 ] DEBUG FXGLAssetLoaderServi - Loading from file system: file:/C:/Users/Benny%20Chao/IdeaProjects/FXGL_Mario/target/classes/assets/textures/ice/ice_disappear.png
17:40:37.332 [FXGL Background Thread 4 ] DEBUG FXGLAssetLoaderServi - Loading from file system: file:/C:/Users/Benny%20Chao/IdeaProjects/FXGL_Mario/target/classes/assets/textures/ice/iceWater.png
17:40:37.334 [FXGL Background Thread 4 ] DEBUG FXGLAssetLoaderServi - Loading from file system: file:/C:/Users/Benny%20Chao/IdeaProjects/FXGL_Mario/target/classes/assets/textures/ice/collideCoin.png
17:40:37.424 [FXGL Background Thread 4 ] DEBUG TMXLevelLoader       - Parsed TiledMap: file:/C:/Users/Benny%20Chao/IdeaProjects/FXGL_Mario/target/classes/assets/levels/tmx/level6.tmx
17:40:37.425 [FXGL Background Thread 4 ] DEBUG TMXLevelLoader       - Creating tile layer entities
17:40:37.427 [FXGL Background Thread 4 ] DEBUG TilesetLoader        - Loading view for layer 块层 1
17:40:37.433 [FXGL Background Thread 4 ] DEBUG TilesetLoader        - Created buffer with size 2940.0x700.0
17:40:37.480 [FXGL Background Thread 4 ] DEBUG TMXLevelLoader       - Creating object layer entities
17:40:37.499 [FXGL Background Thread 4 ] DEBUG FXGLAssetLoaderServi - Loading from file system: file:/C:/Users/Benny%20Chao/IdeaProjects/FXGL_Mario/target/classes/assets/textures/ice/iceBlock.png
17:40:37.520 [FXGL Background Thread 4 ] DEBUG FXGLAssetLoaderServi - Loading from file system: file:/C:/Users/Benny%20Chao/IdeaProjects/FXGL_Mario/target/classes/assets/textures/ice/tundra_140x40.png
17:40:37.527 [FXGL Background Thread 4 ] DEBUG FXGLAssetLoaderServi - Loading from file system: file:/C:/Users/Benny%20Chao/IdeaProjects/FXGL_Mario/target/classes/assets/textures/button.png
17:40:37.542 [FXGL Background Thread 4 ] DEBUG FXGLAssetLoaderServi - Loading from file system: file:/C:/Users/Benny%20Chao/IdeaProjects/FXGL_Mario/target/classes/assets/textures/coinGold.png
17:40:37.560 [FXGL Background Thread 4 ] DEBUG GameWorld            - Clearing removable entities
17:40:37.560 [FXGL Background Thread 4 ] DEBUG GameWorld            - Setting level: com.almasb.fxgl.entity.level.Level@6a968e5f
17:40:37.597 [FXGL Background Thread 2 ] INFO  UpdaterService       - Your current version:  11.17
17:40:37.597 [FXGL Background Thread 2 ] INFO  UpdaterService       - Latest stable version: 17.1
17:40:37.640 [FXGL Background Thread 4 ] DEBUG FXGLAssetLoaderServi - Loading from file system: file:/C:/Users/Benny%20Chao/IdeaProjects/FXGL_Mario/target/classes/assets/textures/player.png
17:40:37.648 [FXGL Background Thread 4 ] INFO  FXGLApplication      - Game initialization took: 0.348 sec
17:40:37.650 [JavaFX Application Thread] DEBUG Input                - Clearing active input actions
17:40:37.665 [JavaFX Application Thread] DEBUG GameApplicationServi - Removing overlay from MarioLoadingScene and adding to GameScene
17:40:37.666 [JavaFX Application Thread] DEBUG PrimaryStageWindow   - MarioLoadingScene -> GameScene
17:40:39.957 [FXGL Background Thread 3 ] DEBUG Engine               - Logging environment variables
17:40:39.957 [FXGL Background Thread 3 ] DEBUG Engine               - achievements: []
17:40:39.958 [FXGL Background Thread 3 ] DEBUG Engine               - actualHeight: 720.0
17:40:39.958 [FXGL Background Thread 3 ] DEBUG Engine               - actualHeightProperty: ReadOnlyDoubleProperty [value: 720.0]
17:40:39.958 [FXGL Background Thread 3 ] DEBUG Engine               - actualWidth: 1280.0
17:40:39.958 [FXGL Background Thread 3 ] DEBUG Engine               - actualWidthProperty: ReadOnlyDoubleProperty [value: 1280.0]
17:40:39.958 [FXGL Background Thread 3 ] DEBUG Engine               - appIcon: fxgl_icon.png
17:40:39.958 [FXGL Background Thread 3 ] DEBUG Engine               - applicationMode: DEVELOPER
17:40:39.958 [FXGL Background Thread 3 ] DEBUG Engine               - cSSList: [fxgl_dark.css]
17:40:39.959 [FXGL Background Thread 3 ] DEBUG Engine               - collisionDetectionStrategy: BRUTE_FORCE
17:40:39.959 [FXGL Background Thread 3 ] DEBUG Engine               - configClass: Optional.empty
17:40:39.959 [FXGL Background Thread 3 ] DEBUG Engine               - credits: []
17:40:39.959 [FXGL Background Thread 3 ] DEBUG Engine               - defaultCursor: CursorInfo(imageName=fxgl_default_cursor.png, hotspotX=7.0, hotspotY=6.0)
17:40:39.959 [FXGL Background Thread 3 ] DEBUG Engine               - devBBoxColorProperty: ObjectProperty [value: 0xff0000ff]
17:40:39.960 [FXGL Background Thread 3 ] DEBUG Engine               - devEnableDebugCameraProperty: BooleanProperty [value: false]
17:40:39.960 [FXGL Background Thread 3 ] DEBUG Engine               - devSensorColorProperty: ObjectProperty [value: 0xffff00ff]
17:40:39.960 [FXGL Background Thread 3 ] DEBUG Engine               - devShowBBoxProperty: BooleanProperty [value: false]
17:40:39.960 [FXGL Background Thread 3 ] DEBUG Engine               - devShowPositionProperty: BooleanProperty [value: false]
17:40:39.960 [FXGL Background Thread 3 ] DEBUG Engine               - enabledMenuItems: []
17:40:39.961 [FXGL Background Thread 3 ] DEBUG Engine               - engineServices: [class com.almasb.fxgl.app.services.FXGLAssetLoaderService, class com.almasb.fxgl.app.FXGLApplication$GameApplicationService, class com.almasb.fxgl.app.services.FXGLDialogService, class com.almasb.fxgl.app.services.IOTaskExecutorService, class com.almasb.fxgl.io.FileSystemService, class com.almasb.fxgl.localization.LocalizationService, class com.almasb.fxgl.app.services.SystemBundleService, class com.almasb.fxgl.profile.SaveLoadService, class com.almasb.fxgl.ui.FXGLUIFactoryServiceProvider, class com.almasb.fxgl.ui.FXGLDialogFactoryServiceProvider, class com.almasb.fxgl.audio.AudioPlayer, class com.almasb.fxgl.notification.impl.NotificationServiceProvider, class com.almasb.fxgl.achievement.AchievementService, class com.almasb.fxgl.cutscene.CutsceneService, class com.almasb.fxgl.minigames.MiniGameService, class com.almasb.fxgl.net.NetService, class com.almasb.fxgl.app.services.UpdaterService, class com.almasb.fxgl.dev.DevService]
17:40:39.961 [FXGL Background Thread 3 ] DEBUG Engine               - fontGame: Abel-Regular.ttf
17:40:39.961 [FXGL Background Thread 3 ] DEBUG Engine               - fontMono: lucida_console.ttf
17:40:39.961 [FXGL Background Thread 3 ] DEBUG Engine               - fontText: Courier-Prime.ttf
17:40:39.961 [FXGL Background Thread 3 ] DEBUG Engine               - fontUI: VarelaRound-Regular.ttf
17:40:39.961 [FXGL Background Thread 3 ] DEBUG Engine               - fullScreen: BooleanProperty [value: false]
17:40:39.961 [FXGL Background Thread 3 ] DEBUG Engine               - gameDifficulty: MEDIUM
17:40:39.961 [FXGL Background Thread 3 ] DEBUG Engine               - gameDifficultyProperty: ObjectProperty [value: MEDIUM]
17:40:39.962 [FXGL Background Thread 3 ] DEBUG Engine               - globalMusicVolume: 0.5
17:40:39.962 [FXGL Background Thread 3 ] DEBUG Engine               - globalMusicVolumeProperty: DoubleProperty [value: 0.25]
17:40:39.962 [FXGL Background Thread 3 ] DEBUG Engine               - globalSoundVolume: 0.5
17:40:39.962 [FXGL Background Thread 3 ] DEBUG Engine               - globalSoundVolumeProperty: DoubleProperty [value: 0.5]
17:40:39.962 [FXGL Background Thread 3 ] DEBUG Engine               - height: 720
17:40:39.962 [FXGL Background Thread 3 ] DEBUG Engine               - is3D: false
17:40:39.962 [FXGL Background Thread 3 ] DEBUG Engine               - isAndroid: false
17:40:39.962 [FXGL Background Thread 3 ] DEBUG Engine               - isBrowser: false
17:40:39.963 [FXGL Background Thread 3 ] DEBUG Engine               - isClickFeedbackEnabled: false
17:40:39.963 [FXGL Background Thread 3 ] DEBUG Engine               - isCloseConfirmation: false
17:40:39.963 [FXGL Background Thread 3 ] DEBUG Engine               - isDesktop: true
17:40:39.963 [FXGL Background Thread 3 ] DEBUG Engine               - isDeveloperMenuEnabled: false
17:40:39.963 [FXGL Background Thread 3 ] DEBUG Engine               - isEntityPreloadEnabled: true
17:40:39.963 [FXGL Background Thread 3 ] DEBUG Engine               - isExperimentalTiledLargeMap: false
17:40:39.963 [FXGL Background Thread 3 ] DEBUG Engine               - isFileSystemWriteAllowed: true
17:40:39.963 [FXGL Background Thread 3 ] DEBUG Engine               - isFullScreenAllowed: false
17:40:39.964 [FXGL Background Thread 3 ] DEBUG Engine               - isFullScreenFromStart: false
17:40:39.964 [FXGL Background Thread 3 ] DEBUG Engine               - isGameMenuEnabled: true
17:40:39.964 [FXGL Background Thread 3 ] DEBUG Engine               - isIOS: false
17:40:39.964 [FXGL Background Thread 3 ] DEBUG Engine               - isIntroEnabled: false
17:40:39.964 [FXGL Background Thread 3 ] DEBUG Engine               - isLinux: false
17:40:39.964 [FXGL Background Thread 3 ] DEBUG Engine               - isMac: false
17:40:39.964 [FXGL Background Thread 3 ] DEBUG Engine               - isMainMenuEnabled: false
17:40:39.964 [FXGL Background Thread 3 ] DEBUG Engine               - isManualResizeEnabled: false
17:40:39.964 [FXGL Background Thread 3 ] DEBUG Engine               - isMobile: false
17:40:39.965 [FXGL Background Thread 3 ] DEBUG Engine               - isNative: false
17:40:39.965 [FXGL Background Thread 3 ] DEBUG Engine               - isPauseMusicWhenMinimized: true
17:40:39.965 [FXGL Background Thread 3 ] DEBUG Engine               - isPreserveResizeRatio: false
17:40:39.965 [FXGL Background Thread 3 ] DEBUG Engine               - isProfilingEnabled: false
17:40:39.965 [FXGL Background Thread 3 ] DEBUG Engine               - isScaleAffectedOnResize: true
17:40:39.965 [FXGL Background Thread 3 ] DEBUG Engine               - isSingleStep: false
17:40:39.965 [FXGL Background Thread 3 ] DEBUG Engine               - isUserProfileEnabled: false
17:40:39.965 [FXGL Background Thread 3 ] DEBUG Engine               - isWindows: true
17:40:39.966 [FXGL Background Thread 3 ] DEBUG Engine               - language: ObjectProperty [value: ENGLISH]
17:40:39.966 [FXGL Background Thread 3 ] DEBUG Engine               - menuKey: ESCAPE
17:40:39.966 [FXGL Background Thread 3 ] DEBUG Engine               - mouseSensitivity: 0.2
17:40:39.966 [FXGL Background Thread 3 ] DEBUG Engine               - notificationViewClass: class com.almasb.fxgl.notification.view.XboxNotificationView
17:40:39.966 [FXGL Background Thread 3 ] DEBUG Engine               - pixelsPerMeter: 50.0
17:40:39.966 [FXGL Background Thread 3 ] DEBUG Engine               - platform: WINDOWS
17:40:39.967 [FXGL Background Thread 3 ] DEBUG Engine               - prefHeightProperty: ReadOnlyDoubleProperty [value: 720.0]
17:40:39.967 [FXGL Background Thread 3 ] DEBUG Engine               - prefWidthProperty: ReadOnlyDoubleProperty [value: 1280.0]
17:40:39.967 [FXGL Background Thread 3 ] DEBUG Engine               - profileDir: profiles/
17:40:39.967 [FXGL Background Thread 3 ] DEBUG Engine               - profileName: StringProperty [value: DEFAULT]
17:40:39.967 [FXGL Background Thread 3 ] DEBUG Engine               - randomSeed: -1
17:40:39.967 [FXGL Background Thread 3 ] DEBUG Engine               - runtimeInfo: RuntimeInfo(platform=WINDOWS, version=11.17, build=16.07.2021 15.46)
17:40:39.968 [FXGL Background Thread 3 ] DEBUG Engine               - saveFileExt: sav
17:40:39.968 [FXGL Background Thread 3 ] DEBUG Engine               - scaledHeightProp$fxgl: DoubleProperty [bound, value: 720.0]
17:40:39.968 [FXGL Background Thread 3 ] DEBUG Engine               - scaledWidthProp$fxgl: DoubleProperty [bound, value: 1280.0]
17:40:39.968 [FXGL Background Thread 3 ] DEBUG Engine               - sceneFactory: com.leewyatt.mario.MairoApp$1@32162f56
17:40:39.968 [FXGL Background Thread 3 ] DEBUG Engine               - secondsIn24h: 60
17:40:39.968 [FXGL Background Thread 3 ] DEBUG Engine               - soundMenuBack: menu/back.wav
17:40:39.968 [FXGL Background Thread 3 ] DEBUG Engine               - soundMenuPress: menu/press.wav
17:40:39.968 [FXGL Background Thread 3 ] DEBUG Engine               - soundMenuSelect: menu/select.wav
17:40:39.968 [FXGL Background Thread 3 ] DEBUG Engine               - soundNotification: core/notification.wav
17:40:39.969 [FXGL Background Thread 3 ] DEBUG Engine               - stageStyle: DECORATED
17:40:39.969 [FXGL Background Thread 3 ] DEBUG Engine               - supportedLanguages: [ENGLISH, FRENCH, GERMAN, HUNGARIAN, RUSSIAN]
17:40:39.969 [FXGL Background Thread 3 ] DEBUG Engine               - ticksPerSecond: -1
17:40:39.969 [FXGL Background Thread 3 ] DEBUG Engine               - title: Untitled
17:40:39.969 [FXGL Background Thread 3 ] DEBUG Engine               - urlGithub: https://github.com/AlmasB/FXGL
17:40:39.969 [FXGL Background Thread 3 ] DEBUG Engine               - urlLeaderboard: http://fxgl-top.herokuapp.com/
17:40:39.969 [FXGL Background Thread 3 ] DEBUG Engine               - urlPOM: https://raw.githubusercontent.com/AlmasB/FXGL/release/README.md
17:40:39.969 [FXGL Background Thread 3 ] DEBUG Engine               - userAppClass: class com.leewyatt.mario.MairoApp
17:40:39.969 [FXGL Background Thread 3 ] DEBUG Engine               - version: 0.0
17:40:39.969 [FXGL Background Thread 3 ] DEBUG Engine               - versionCheckDays: 7
17:40:39.970 [FXGL Background Thread 3 ] DEBUG Engine               - width: 1280
17:40:39.970 [FXGL Background Thread 3 ] DEBUG Engine               - Logging services
17:40:39.970 [FXGL Background Thread 3 ] DEBUG Engine               - class com.almasb.fxgl.app.services.FXGLAssetLoaderService
17:40:39.970 [FXGL Background Thread 3 ] DEBUG Engine               - class com.almasb.fxgl.app.FXGLApplication$GameApplicationService
17:40:39.970 [FXGL Background Thread 3 ] DEBUG Engine               - class com.almasb.fxgl.app.services.FXGLDialogService
17:40:39.970 [FXGL Background Thread 3 ] DEBUG Engine               - class com.almasb.fxgl.app.services.IOTaskExecutorService
17:40:39.970 [FXGL Background Thread 3 ] DEBUG Engine               - class com.almasb.fxgl.io.FileSystemService
17:40:39.970 [FXGL Background Thread 3 ] DEBUG Engine               - class com.almasb.fxgl.localization.LocalizationService
17:40:39.970 [FXGL Background Thread 3 ] DEBUG Engine               - class com.almasb.fxgl.app.services.SystemBundleService
17:40:39.971 [FXGL Background Thread 3 ] DEBUG Engine               - class com.almasb.fxgl.profile.SaveLoadService
17:40:39.971 [FXGL Background Thread 3 ] DEBUG Engine               - class com.almasb.fxgl.ui.FXGLUIFactoryServiceProvider
17:40:39.971 [FXGL Background Thread 3 ] DEBUG Engine               - class com.almasb.fxgl.ui.FXGLDialogFactoryServiceProvider
17:40:39.971 [FXGL Background Thread 3 ] DEBUG Engine               - class com.almasb.fxgl.audio.AudioPlayer
17:40:39.971 [FXGL Background Thread 3 ] DEBUG Engine               - class com.almasb.fxgl.notification.impl.NotificationServiceProvider
17:40:39.971 [FXGL Background Thread 3 ] DEBUG Engine               - class com.almasb.fxgl.achievement.AchievementService
17:40:39.971 [FXGL Background Thread 3 ] DEBUG Engine               - class com.almasb.fxgl.cutscene.CutsceneService
17:40:39.971 [FXGL Background Thread 3 ] DEBUG Engine               - class com.almasb.fxgl.minigames.MiniGameService
17:40:39.971 [FXGL Background Thread 3 ] DEBUG Engine               - class com.almasb.fxgl.net.NetService
17:40:39.971 [FXGL Background Thread 3 ] DEBUG Engine               - class com.almasb.fxgl.app.services.UpdaterService
17:40:39.972 [FXGL Background Thread 3 ] DEBUG Engine               - class com.almasb.fxgl.dev.DevService
17:40:40.162 [JavaFX Application Thread] DEBUG FXGLApplication      - Exiting FXGL
17:40:40.163 [JavaFX Application Thread] DEBUG LoopRunner           - Stopping loop
17:40:40.163 [JavaFX Application Thread] DEBUG SystemBundleService  - Saving FXGL system data
17:40:40.165 [JavaFX Application Thread] DEBUG FileSystemAccess     - Writing to: C:\Users\Benny Chao\IdeaProjects\FXGL_Mario\system\fxgl.bundle
17:40:40.167 [JavaFX Application Thread] DEBUG Async                - Shutting down background threads
17:40:40.168 [JavaFX Application Thread] DEBUG PrimaryStageWindow   - Closing main window
17:40:40.180 [JavaFX Application Thread] DEBUG Logger               - Closing Logger
