18:06:12.188 [main                     ] DEBUG Logger               - Configured Logger
18:06:12.232 [main                     ] DEBUG GameApplication      - Logging settings
Title: Untitled
Version: 0.0
Width: 1280
Height: 720
Fullscreen: false
Intro: false
Profiling: false
Single step:false
App Mode: DEVELOPER
Menu Key: ESCAPE
Stage Style: DECORATED
Scene Factory: class ca.bcit.comp2522.termproject.planetbandit.Platformer$1

18:06:12.694 [JavaFX Application Thread] DEBUG FXGLApplication      - Initializing FXGL
18:06:12.702 [JavaFX Application Thread] INFO  Engine               - FXGL-17.1 (24.03.2022 17.34) on WINDOWS (J:17.0.1 FX:18)
18:06:12.702 [JavaFX Application Thread] DEBUG Engine               - JRE Vendor Name: Oracle Corporation
18:06:12.703 [JavaFX Application Thread] DEBUG Engine               - Running on OS: Windows 10 version 10.0
18:06:12.703 [JavaFX Application Thread] DEBUG Engine               - Architecture: amd64
18:06:12.703 [JavaFX Application Thread] INFO  Engine               - Source code and latest versions at: https://github.com/AlmasB/FXGL
18:06:12.703 [JavaFX Application Thread] INFO  Engine               -       Ask questions and discuss at: https://github.com/AlmasB/FXGL/discussions
18:06:12.703 [JavaFX Application Thread] INFO  Engine               -              Join the FXGL chat at: https://gitter.im/AlmasB/FXGL
18:06:12.814 [JavaFX Application Thread] DEBUG PrimaryStageWindow   - Creating a JavaFX scene
18:06:12.865 [JavaFX Application Thread] DEBUG PrimaryStageWindow   - Target settings size: 1280.0 x 720.0
18:06:12.865 [JavaFX Application Thread] DEBUG PrimaryStageWindow   - Scaled scene size:    1280.0 x 720.0
18:06:12.866 [JavaFX Application Thread] DEBUG PrimaryStageWindow   - Scaled ratio: (1.0, 1.0)
18:06:12.867 [JavaFX Application Thread] DEBUG PrimaryStageWindow   - Set initial scene to FXGLStartupScene
18:06:12.875 [JavaFX Application Thread] DEBUG PrimaryStageWindow   - Opening main window
18:06:12.972 [JavaFX Application Thread] DEBUG PrimaryStageWindow   - Window border size: (16.0, 39.0)
18:06:12.973 [JavaFX Application Thread] DEBUG PrimaryStageWindow   - Scaled size: 1280.0 x 720.0
18:06:12.973 [JavaFX Application Thread] DEBUG PrimaryStageWindow   - Scaled ratio: (1.0, 1.0)
18:06:12.974 [JavaFX Application Thread] DEBUG PrimaryStageWindow   - Scene size: 1280.0 x 720.0
18:06:12.974 [JavaFX Application Thread] DEBUG PrimaryStageWindow   - Stage size: 1296.0 x 759.0
18:06:12.983 [FXGL Background Thread 1 ] DEBUG Engine               - Initializing environment variables
18:06:13.028 [FXGL Background Thread 1 ] DEBUG FXGLAssetLoaderServi - User app class for loading assets: class ca.bcit.comp2522.termproject.planetbandit.Platformer
18:06:13.028 [FXGL Background Thread 1 ] DEBUG GameApplicationServi - Applying CSS: fxgl_dark.css
18:06:13.029 [FXGL Background Thread 1 ] DEBUG FXGLAssetLoaderServi - Loading from file system: jar:file:///C:/Users/Benny%20Chao/.m2/repository/com/github/almasb/fxgl/17.1/fxgl-17.1.jar!/fxglassets/ui/css/fxgl_dark.css
18:06:13.088 [FXGL Background Thread 1 ] DEBUG GameApplicationServi - Initializing application scenes
18:06:13.147 [FXGL Background Thread 1 ] DEBUG GameWorld            - Game world initialized
18:06:13.213 [FXGL Background Thread 1 ] DEBUG PhysicsWorld         - Physics world initialized: appHeight=720, physics.ppm=50.0
18:06:13.213 [FXGL Background Thread 1 ] DEBUG PhysicsWorld         - Using strategy: BRUTE_FORCE
18:06:13.219 [FXGL Background Thread 1 ] DEBUG GameScene            - Game scene initialized: 1280x720
18:06:13.230 [FXGL Background Thread 1 ] DEBUG FXGL.DefaultMenu     - createMenuBodyGameMenu()
18:06:13.254 [FXGL Background Thread 1 ] DEBUG FXGL.DefaultMenu     - createOptionsMenu()
18:06:13.267 [FXGL Background Thread 1 ] DEBUG FXGLAssetLoaderServi - Loading from file system: jar:file:///C:/Users/Benny%20Chao/.m2/repository/com/github/almasb/fxgl/17.1/fxgl-17.1.jar!/fxglassets/textures/particles/smoke.png
18:06:13.432 [FXGL Background Thread 1 ] DEBUG FXGLAssetLoaderServi - Loading from file system: jar:file:///C:/Users/Benny%20Chao/.m2/repository/com/github/almasb/fxgl/17.1/fxgl-17.1.jar!/fxglassets/textures/particles/trace_horizontal.png
18:06:13.515 [FXGL Background Thread 1 ] DEBUG GameApplicationServi - Application scenes initialized
18:06:13.528 [FXGL Background Thread 1 ] DEBUG SystemBundleService  - Loading FXGL system data
18:06:13.534 [FXGL Background Thread 1 ] DEBUG FileSystemAccess     - Reading from: C:\Users\Benny Chao\IdeaProjects\522-202210-Term-Project-Planet-Bandit\system\fxgl.bundle
18:06:13.542 [FXGL Background Thread 1 ] DEBUG SystemBundleService  - Bundle FXGL: {}
18:06:13.543 [FXGL Background Thread 1 ] DEBUG UpdaterService       - Checking for updates
18:06:13.548 [FXGL Background Thread 4 ] DEBUG FXGLApplication      - Loading fonts
18:06:13.548 [FXGL Background Thread 1 ] DEBUG FXGLApplication      - Loading default localization
18:06:13.549 [FXGL Background Thread 4 ] DEBUG FXGLAssetLoaderServi - Loading from file system: jar:file:///C:/Users/Benny%20Chao/.m2/repository/com/github/almasb/fxgl/17.1/fxgl-17.1.jar!/fxglassets/ui/fonts/VarelaRound-Regular.ttf
18:06:13.549 [FXGL Background Thread 1 ] DEBUG FXGLAssetLoaderServi - Loading from file system: jar:file:///C:/Users/Benny%20Chao/.m2/repository/com/github/almasb/fxgl/17.1/fxgl-17.1.jar!/fxglassets/languages/english.lang
18:06:13.574 [FXGL Background Thread 1 ] INFO  FXGLApplication      - FXGL initialization took: 0.591 sec
18:06:13.591 [JavaFX Application Thread] DEBUG Input                - Registered new binding: left - A
18:06:13.592 [JavaFX Application Thread] DEBUG Input                - Registered new binding: right - D
18:06:13.592 [JavaFX Application Thread] DEBUG Input                - Registered new binding: jump - W
18:06:13.592 [JavaFX Application Thread] DEBUG Input                - Registered new binding: Use - E
18:06:13.593 [JavaFX Application Thread] DEBUG FXGLAssetLoaderServi - Loading from file system: file:/C:/Users/Benny%20Chao/IdeaProjects/522-202210-Term-Project-Planet-Bandit/target/classes/assets/music/BGM_dash_runner.wav
18:06:13.621 [FXGL Background Thread 4 ] DEBUG FXGLAssetLoaderServi - Loading from file system: jar:file:///C:/Users/Benny%20Chao/.m2/repository/com/github/almasb/fxgl/17.1/fxgl-17.1.jar!/fxglassets/ui/fonts/Abel-Regular.ttf
18:06:13.627 [FXGL Background Thread 4 ] DEBUG FXGLAssetLoaderServi - Loading from file system: jar:file:///C:/Users/Benny%20Chao/.m2/repository/com/github/almasb/fxgl/17.1/fxgl-17.1.jar!/fxglassets/ui/fonts/TerminalLandMono-Regular.otf
18:06:13.631 [FXGL Background Thread 4 ] DEBUG FXGLAssetLoaderServi - Loading from file system: jar:file:///C:/Users/Benny%20Chao/.m2/repository/com/github/almasb/fxgl/17.1/fxgl-17.1.jar!/fxglassets/ui/fonts/Courier-Prime.ttf
18:06:13.843 [JavaFX Application Thread] DEBUG AudioPlayer          - Playing music com.almasb.fxgl.audio.Music@4d8715c9
18:06:13.844 [JavaFX Application Thread] DEBUG FXGLAssetLoaderServi - Loading from file system: jar:file:///C:/Users/Benny%20Chao/.m2/repository/com/github/almasb/fxgl/17.1/fxgl-17.1.jar!/fxglassets/textures/fxgl_icon.png
18:06:13.873 [JavaFX Application Thread] DEBUG FXGLAssetLoaderServi - Loading from file system: jar:file:///C:/Users/Benny%20Chao/.m2/repository/com/github/almasb/fxgl/17.1/fxgl-17.1.jar!/fxglassets/textures/fxgl_default_cursor.png
18:06:13.875 [JavaFX Application Thread] DEBUG Input                - Registered new binding: Screenshot - CTRL+8
18:06:13.876 [JavaFX Application Thread] DEBUG Input                - Registered new binding: System info dump - CTRL+9
18:06:13.876 [JavaFX Application Thread] DEBUG Input                - Registered new binding: Restart - CTRL+R
18:06:13.877 [JavaFX Application Thread] DEBUG Input                - Registered new binding: Toggle Debug Camera - CTRL+7
18:06:13.880 [JavaFX Application Thread] DEBUG LoopRunner           - Starting loop
18:06:13.880 [JavaFX Application Thread] DEBUG LoopRunner           - Initializing JavaFX AnimationTimerLoop
18:06:13.881 [JavaFX Application Thread] DEBUG GameApplicationServi - Starting new game
18:06:13.882 [JavaFX Application Thread] DEBUG Input                - Clearing active input actions
18:06:13.896 [JavaFX Application Thread] DEBUG GameApplicationServi - Removing overlay from FXGLStartupScene and adding to MarioLoadingScene
18:06:13.897 [JavaFX Application Thread] DEBUG PrimaryStageWindow   - FXGLStartupScene -> MarioLoadingScene
18:06:13.897 [JavaFX Application Thread] DEBUG GameApplicationServi - Clearing previous game
18:06:13.897 [JavaFX Application Thread] DEBUG GameScene            - Clearing game scene
18:06:13.897 [JavaFX Application Thread] DEBUG GameWorld            - Clearing game world
18:06:13.897 [JavaFX Application Thread] DEBUG PhysicsWorld         - Clearing physics world
18:06:13.899 [JavaFX Application Thread] DEBUG FXGLApplication      - Registering font factories with UI factory
18:06:13.899 [FXGL Background Thread 4 ] DEBUG FXGLApplication      - Initializing game
18:06:13.903 [FXGL Background Thread 4 ] DEBUG FXGLAssetLoaderServi - Loading from file system: file:/C:/Users/Benny%20Chao/IdeaProjects/522-202210-Term-Project-Planet-Bandit/target/classes/assets/textures/ice/ice_disappear.png
18:06:13.940 [FXGL Background Thread 4 ] DEBUG FXGLAssetLoaderServi - Loading from file system: file:/C:/Users/Benny%20Chao/IdeaProjects/522-202210-Term-Project-Planet-Bandit/target/classes/assets/textures/ice/iceWater.png
18:06:13.942 [FXGL Background Thread 4 ] DEBUG FXGLAssetLoaderServi - Loading from file system: file:/C:/Users/Benny%20Chao/IdeaProjects/522-202210-Term-Project-Planet-Bandit/target/classes/assets/textures/ice/collideCoin.png
18:06:14.014 [FXGL Background Thread 4 ] WARN  TMXLevelLoader       - TiledMap generated from 1.2.3. Supported version: 1.4.2. Some features may not be parsed fully.
18:06:14.043 [FXGL Background Thread 4 ] DEBUG TMXLevelLoader       - Parsed TiledMap: file:/C:/Users/Benny%20Chao/IdeaProjects/522-202210-Term-Project-Planet-Bandit/target/classes/assets/levels/tmx/level6.tmx
18:06:14.045 [FXGL Background Thread 4 ] DEBUG TMXLevelLoader       - Creating tile layer entities
18:06:14.047 [FXGL Background Thread 4 ] DEBUG TilesetLoader        - Loading view for layer 块层 1
18:06:14.052 [FXGL Background Thread 4 ] DEBUG TilesetLoader        - Created buffer with size 2940.0x700.0
18:06:14.092 [FXGL Background Thread 4 ] DEBUG TMXLevelLoader       - Creating object layer entities
18:06:14.112 [FXGL Background Thread 4 ] DEBUG FXGLAssetLoaderServi - Loading from file system: file:/C:/Users/Benny%20Chao/IdeaProjects/522-202210-Term-Project-Planet-Bandit/target/classes/assets/textures/ice/iceBlock.png
18:06:14.134 [FXGL Background Thread 4 ] DEBUG FXGLAssetLoaderServi - Loading from file system: file:/C:/Users/Benny%20Chao/IdeaProjects/522-202210-Term-Project-Planet-Bandit/target/classes/assets/textures/ice/tundra_140x40.png
18:06:14.143 [FXGL Background Thread 4 ] DEBUG FXGLAssetLoaderServi - Loading from file system: file:/C:/Users/Benny%20Chao/IdeaProjects/522-202210-Term-Project-Planet-Bandit/target/classes/assets/textures/button.png
18:06:14.164 [FXGL Background Thread 4 ] DEBUG FXGLAssetLoaderServi - Loading from file system: file:/C:/Users/Benny%20Chao/IdeaProjects/522-202210-Term-Project-Planet-Bandit/target/classes/assets/textures/coinGold.png
18:06:14.182 [FXGL Background Thread 4 ] DEBUG GameWorld            - Clearing removable entities
18:06:14.183 [FXGL Background Thread 4 ] DEBUG GameWorld            - Setting level: com.almasb.fxgl.entity.level.Level@5e02fa68
18:06:14.262 [FXGL Background Thread 4 ] DEBUG FXGLAssetLoaderServi - Loading from file system: file:/C:/Users/Benny%20Chao/IdeaProjects/522-202210-Term-Project-Planet-Bandit/target/classes/assets/textures/player.png
18:06:14.268 [FXGL Background Thread 4 ] INFO  FXGLApplication      - Game initialization took: 0.370 sec
18:06:14.276 [JavaFX Application Thread] DEBUG Input                - Clearing active input actions
18:06:14.288 [JavaFX Application Thread] DEBUG GameApplicationServi - Removing overlay from MarioLoadingScene and adding to GameScene
18:06:14.288 [JavaFX Application Thread] DEBUG PrimaryStageWindow   - MarioLoadingScene -> GameScene
18:06:16.546 [FXGL Background Thread 3 ] DEBUG Engine               - Logging environment variables
18:06:16.547 [FXGL Background Thread 3 ] DEBUG Engine               - achievements: []
18:06:16.547 [FXGL Background Thread 3 ] DEBUG Engine               - actualHeight: 720.0
18:06:16.547 [FXGL Background Thread 3 ] DEBUG Engine               - actualHeightProperty: ReadOnlyDoubleProperty [value: 720.0]
18:06:16.547 [FXGL Background Thread 3 ] DEBUG Engine               - actualWidth: 1280.0
18:06:16.547 [FXGL Background Thread 3 ] DEBUG Engine               - actualWidthProperty: ReadOnlyDoubleProperty [value: 1280.0]
18:06:16.547 [FXGL Background Thread 3 ] DEBUG Engine               - appIcon: fxgl_icon.png
18:06:16.548 [FXGL Background Thread 3 ] DEBUG Engine               - applicationMode: DEVELOPER
18:06:16.548 [FXGL Background Thread 3 ] DEBUG Engine               - cSSList: [fxgl_dark.css]
18:06:16.548 [FXGL Background Thread 3 ] DEBUG Engine               - collisionDetectionStrategy: BRUTE_FORCE
18:06:16.548 [FXGL Background Thread 3 ] DEBUG Engine               - configClass: Optional.empty
18:06:16.548 [FXGL Background Thread 3 ] DEBUG Engine               - credits: []
18:06:16.549 [FXGL Background Thread 3 ] DEBUG Engine               - defaultCursor: CursorInfo(imageName=fxgl_default_cursor.png, hotspotX=7.0, hotspotY=6.0)
18:06:16.549 [FXGL Background Thread 3 ] DEBUG Engine               - devBBoxColorProperty: ObjectProperty [value: 0xff0000ff]
18:06:16.549 [FXGL Background Thread 3 ] DEBUG Engine               - devEnableDebugCameraProperty: BooleanProperty [value: false]
18:06:16.550 [FXGL Background Thread 3 ] DEBUG Engine               - devSensorColorProperty: ObjectProperty [value: 0xffff00ff]
18:06:16.550 [FXGL Background Thread 3 ] DEBUG Engine               - devShowBBoxProperty: BooleanProperty [value: false]
18:06:16.550 [FXGL Background Thread 3 ] DEBUG Engine               - devShowPositionProperty: BooleanProperty [value: false]
18:06:16.550 [FXGL Background Thread 3 ] DEBUG Engine               - enabledMenuItems: []
18:06:16.550 [FXGL Background Thread 3 ] DEBUG Engine               - engineServices: [class com.almasb.fxgl.app.services.FXGLAssetLoaderService, class com.almasb.fxgl.app.FXGLApplication$GameApplicationService, class com.almasb.fxgl.app.services.FXGLDialogService, class com.almasb.fxgl.app.services.IOTaskExecutorService, class com.almasb.fxgl.io.FileSystemService, class com.almasb.fxgl.localization.LocalizationService, class com.almasb.fxgl.app.services.SystemBundleService, class com.almasb.fxgl.profile.SaveLoadService, class com.almasb.fxgl.ui.FXGLUIFactoryServiceProvider, class com.almasb.fxgl.ui.FXGLDialogFactoryServiceProvider, class com.almasb.fxgl.audio.AudioPlayer, class com.almasb.fxgl.notification.impl.NotificationServiceProvider, class com.almasb.fxgl.achievement.AchievementService, class com.almasb.fxgl.cutscene.CutsceneService, class com.almasb.fxgl.minigames.MiniGameService, class com.almasb.fxgl.net.NetService, class com.almasb.fxgl.app.services.UpdaterService, class com.almasb.fxgl.dev.DevService]
18:06:16.550 [FXGL Background Thread 3 ] DEBUG Engine               - fontGame: Abel-Regular.ttf
18:06:16.551 [FXGL Background Thread 3 ] DEBUG Engine               - fontMono: TerminalLandMono-Regular.otf
18:06:16.551 [FXGL Background Thread 3 ] DEBUG Engine               - fontText: Courier-Prime.ttf
18:06:16.551 [FXGL Background Thread 3 ] DEBUG Engine               - fontUI: VarelaRound-Regular.ttf
18:06:16.551 [FXGL Background Thread 3 ] DEBUG Engine               - fullScreen: BooleanProperty [value: false]
18:06:16.551 [FXGL Background Thread 3 ] DEBUG Engine               - gameDifficulty: MEDIUM
18:06:16.551 [FXGL Background Thread 3 ] DEBUG Engine               - gameDifficultyProperty: ObjectProperty [value: MEDIUM]
18:06:16.551 [FXGL Background Thread 3 ] DEBUG Engine               - globalMusicVolume: 0.5
18:06:16.551 [FXGL Background Thread 3 ] DEBUG Engine               - globalMusicVolumeProperty: DoubleProperty [value: 0.25]
18:06:16.552 [FXGL Background Thread 3 ] DEBUG Engine               - globalSoundVolume: 0.5
18:06:16.552 [FXGL Background Thread 3 ] DEBUG Engine               - globalSoundVolumeProperty: DoubleProperty [value: 0.5]
18:06:16.552 [FXGL Background Thread 3 ] DEBUG Engine               - height: 720
18:06:16.552 [FXGL Background Thread 3 ] DEBUG Engine               - is3D: false
18:06:16.552 [FXGL Background Thread 3 ] DEBUG Engine               - isAndroid: false
18:06:16.552 [FXGL Background Thread 3 ] DEBUG Engine               - isBrowser: false
18:06:16.552 [FXGL Background Thread 3 ] DEBUG Engine               - isClickFeedbackEnabled: false
18:06:16.552 [FXGL Background Thread 3 ] DEBUG Engine               - isCloseConfirmation: false
18:06:16.553 [FXGL Background Thread 3 ] DEBUG Engine               - isDesktop: true
18:06:16.553 [FXGL Background Thread 3 ] DEBUG Engine               - isDeveloperMenuEnabled: false
18:06:16.553 [FXGL Background Thread 3 ] DEBUG Engine               - isEmbedded: false
18:06:16.553 [FXGL Background Thread 3 ] DEBUG Engine               - isEntityPreloadEnabled: true
18:06:16.553 [FXGL Background Thread 3 ] DEBUG Engine               - isExperimentalTiledLargeMap: false
18:06:16.553 [FXGL Background Thread 3 ] DEBUG Engine               - isFileSystemWriteAllowed: true
18:06:16.553 [FXGL Background Thread 3 ] DEBUG Engine               - isFullScreenAllowed: false
18:06:16.554 [FXGL Background Thread 3 ] DEBUG Engine               - isFullScreenFromStart: false
18:06:16.554 [FXGL Background Thread 3 ] DEBUG Engine               - isGameMenuEnabled: true
18:06:16.554 [FXGL Background Thread 3 ] DEBUG Engine               - isIOS: false
18:06:16.554 [FXGL Background Thread 3 ] DEBUG Engine               - isIntroEnabled: false
18:06:16.554 [FXGL Background Thread 3 ] DEBUG Engine               - isLinux: false
18:06:16.554 [FXGL Background Thread 3 ] DEBUG Engine               - isMac: false
18:06:16.554 [FXGL Background Thread 3 ] DEBUG Engine               - isMainMenuEnabled: false
18:06:16.554 [FXGL Background Thread 3 ] DEBUG Engine               - isManualResizeEnabled: false
18:06:16.554 [FXGL Background Thread 3 ] DEBUG Engine               - isMobile: false
18:06:16.555 [FXGL Background Thread 3 ] DEBUG Engine               - isNative: false
18:06:16.555 [FXGL Background Thread 3 ] DEBUG Engine               - isPauseMusicWhenMinimized: true
18:06:16.555 [FXGL Background Thread 3 ] DEBUG Engine               - isPreserveResizeRatio: false
18:06:16.555 [FXGL Background Thread 3 ] DEBUG Engine               - isProfilingEnabled: false
18:06:16.555 [FXGL Background Thread 3 ] DEBUG Engine               - isScaleAffectedOnResize: true
18:06:16.555 [FXGL Background Thread 3 ] DEBUG Engine               - isSingleStep: false
18:06:16.555 [FXGL Background Thread 3 ] DEBUG Engine               - isUserProfileEnabled: false
18:06:16.555 [FXGL Background Thread 3 ] DEBUG Engine               - isWindows: true
18:06:16.555 [FXGL Background Thread 3 ] DEBUG Engine               - language: ObjectProperty [value: ENGLISH]
18:06:16.556 [FXGL Background Thread 3 ] DEBUG Engine               - menuKey: ESCAPE
18:06:16.556 [FXGL Background Thread 3 ] DEBUG Engine               - mouseSensitivity: 0.2
18:06:16.556 [FXGL Background Thread 3 ] DEBUG Engine               - notificationViewClass: class com.almasb.fxgl.notification.view.XboxNotificationView
18:06:16.556 [FXGL Background Thread 3 ] DEBUG Engine               - pixelsPerMeter: 50.0
18:06:16.556 [FXGL Background Thread 3 ] DEBUG Engine               - platform: WINDOWS
18:06:16.556 [FXGL Background Thread 3 ] DEBUG Engine               - prefHeightProperty: ReadOnlyDoubleProperty [value: 720.0]
18:06:16.557 [FXGL Background Thread 3 ] DEBUG Engine               - prefWidthProperty: ReadOnlyDoubleProperty [value: 1280.0]
18:06:16.557 [FXGL Background Thread 3 ] DEBUG Engine               - profileDir: profiles/
18:06:16.557 [FXGL Background Thread 3 ] DEBUG Engine               - profileName: StringProperty [value: DEFAULT]
18:06:16.557 [FXGL Background Thread 3 ] DEBUG Engine               - randomSeed: -1
18:06:16.557 [FXGL Background Thread 3 ] DEBUG Engine               - runtimeInfo: RuntimeInfo(platform=WINDOWS, version=17.1, build=24.03.2022 17.34)
18:06:16.558 [FXGL Background Thread 3 ] DEBUG Engine               - saveFileExt: sav
18:06:16.558 [FXGL Background Thread 3 ] DEBUG Engine               - scaledHeightProp$fxgl: DoubleProperty [bound, value: 720.0]
18:06:16.558 [FXGL Background Thread 3 ] DEBUG Engine               - scaledWidthProp$fxgl: DoubleProperty [bound, value: 1280.0]
18:06:16.558 [FXGL Background Thread 3 ] DEBUG Engine               - sceneFactory: ca.bcit.comp2522.termproject.planetbandit.Platformer$1@310d62bb
18:06:16.558 [FXGL Background Thread 3 ] DEBUG Engine               - secondsIn24h: 60
18:06:16.558 [FXGL Background Thread 3 ] DEBUG Engine               - soundMenuBack: menu/back.wav
18:06:16.558 [FXGL Background Thread 3 ] DEBUG Engine               - soundMenuPress: menu/press.wav
18:06:16.558 [FXGL Background Thread 3 ] DEBUG Engine               - soundMenuSelect: menu/select.wav
18:06:16.558 [FXGL Background Thread 3 ] DEBUG Engine               - soundNotification: core/notification.wav
18:06:16.558 [FXGL Background Thread 3 ] DEBUG Engine               - stageStyle: DECORATED
18:06:16.559 [FXGL Background Thread 3 ] DEBUG Engine               - supportedLanguages: [ENGLISH, FRENCH, GERMAN, HUNGARIAN, RUSSIAN]
18:06:16.559 [FXGL Background Thread 3 ] DEBUG Engine               - ticksPerSecond: -1
18:06:16.559 [FXGL Background Thread 3 ] DEBUG Engine               - title: Untitled
18:06:16.559 [FXGL Background Thread 3 ] DEBUG Engine               - urlGithub: https://github.com/AlmasB/FXGL
18:06:16.559 [FXGL Background Thread 3 ] DEBUG Engine               - urlLeaderboard: http://fxgl-top.herokuapp.com/
18:06:16.559 [FXGL Background Thread 3 ] DEBUG Engine               - urlPOM: https://raw.githubusercontent.com/AlmasB/FXGL/release/README.md
18:06:16.559 [FXGL Background Thread 3 ] DEBUG Engine               - userAppClass: class ca.bcit.comp2522.termproject.planetbandit.Platformer
18:06:16.559 [FXGL Background Thread 3 ] DEBUG Engine               - version: 0.0
18:06:16.560 [FXGL Background Thread 3 ] DEBUG Engine               - versionCheckDays: 7
18:06:16.560 [FXGL Background Thread 3 ] DEBUG Engine               - width: 1280
18:06:16.560 [FXGL Background Thread 3 ] DEBUG Engine               - Logging services
18:06:16.560 [FXGL Background Thread 3 ] DEBUG Engine               - class com.almasb.fxgl.app.services.FXGLAssetLoaderService
18:06:16.560 [FXGL Background Thread 3 ] DEBUG Engine               - class com.almasb.fxgl.app.FXGLApplication$GameApplicationService
18:06:16.560 [FXGL Background Thread 3 ] DEBUG Engine               - class com.almasb.fxgl.app.services.FXGLDialogService
18:06:16.560 [FXGL Background Thread 3 ] DEBUG Engine               - class com.almasb.fxgl.app.services.IOTaskExecutorService
18:06:16.560 [FXGL Background Thread 3 ] DEBUG Engine               - class com.almasb.fxgl.io.FileSystemService
18:06:16.560 [FXGL Background Thread 3 ] DEBUG Engine               - class com.almasb.fxgl.localization.LocalizationService
18:06:16.561 [FXGL Background Thread 3 ] DEBUG Engine               - class com.almasb.fxgl.app.services.SystemBundleService
18:06:16.561 [FXGL Background Thread 3 ] DEBUG Engine               - class com.almasb.fxgl.profile.SaveLoadService
18:06:16.561 [FXGL Background Thread 3 ] DEBUG Engine               - class com.almasb.fxgl.ui.FXGLUIFactoryServiceProvider
18:06:16.561 [FXGL Background Thread 3 ] DEBUG Engine               - class com.almasb.fxgl.ui.FXGLDialogFactoryServiceProvider
18:06:16.561 [FXGL Background Thread 3 ] DEBUG Engine               - class com.almasb.fxgl.audio.AudioPlayer
18:06:16.561 [FXGL Background Thread 3 ] DEBUG Engine               - class com.almasb.fxgl.notification.impl.NotificationServiceProvider
18:06:16.561 [FXGL Background Thread 3 ] DEBUG Engine               - class com.almasb.fxgl.achievement.AchievementService
18:06:16.561 [FXGL Background Thread 3 ] DEBUG Engine               - class com.almasb.fxgl.cutscene.CutsceneService
18:06:16.561 [FXGL Background Thread 3 ] DEBUG Engine               - class com.almasb.fxgl.minigames.MiniGameService
18:06:16.561 [FXGL Background Thread 3 ] DEBUG Engine               - class com.almasb.fxgl.net.NetService
18:06:16.562 [FXGL Background Thread 3 ] DEBUG Engine               - class com.almasb.fxgl.app.services.UpdaterService
18:06:16.562 [FXGL Background Thread 3 ] DEBUG Engine               - class com.almasb.fxgl.dev.DevService
18:06:29.641 [JavaFX Application Thread] WARN  TMXLevelLoader       - TiledMap generated from 1.2.3. Supported version: 1.4.2. Some features may not be parsed fully.
18:06:29.654 [JavaFX Application Thread] DEBUG TMXLevelLoader       - Parsed TiledMap: file:/C:/Users/Benny%20Chao/IdeaProjects/522-202210-Term-Project-Planet-Bandit/target/classes/assets/levels/tmx/level6.tmx
18:06:29.655 [JavaFX Application Thread] DEBUG TMXLevelLoader       - Creating tile layer entities
18:06:29.655 [JavaFX Application Thread] DEBUG TilesetLoader        - Loading view for layer 块层 1
18:06:29.659 [JavaFX Application Thread] DEBUG TilesetLoader        - Created buffer with size 2940.0x700.0
18:06:29.697 [JavaFX Application Thread] DEBUG TMXLevelLoader       - Creating object layer entities
18:06:29.721 [JavaFX Application Thread] DEBUG GameWorld            - Clearing removable entities
18:06:29.729 [JavaFX Application Thread] DEBUG GameWorld            - Setting level: com.almasb.fxgl.entity.level.Level@d74e216
18:06:33.271 [JavaFX Application Thread] DEBUG FXGLAssetLoaderServi - Loading from file system: file:/C:/Users/Benny%20Chao/IdeaProjects/522-202210-Term-Project-Planet-Bandit/target/classes/assets/sounds/coin.wav
18:06:41.545 [JavaFX Application Thread] WARN  TMXLevelLoader       - TiledMap generated from 1.2.3. Supported version: 1.4.2. Some features may not be parsed fully.
18:06:41.554 [JavaFX Application Thread] DEBUG TMXLevelLoader       - Parsed TiledMap: file:/C:/Users/Benny%20Chao/IdeaProjects/522-202210-Term-Project-Planet-Bandit/target/classes/assets/levels/tmx/level6.tmx
18:06:41.554 [JavaFX Application Thread] DEBUG TMXLevelLoader       - Creating tile layer entities
18:06:41.555 [JavaFX Application Thread] DEBUG TilesetLoader        - Loading view for layer 块层 1
18:06:41.559 [JavaFX Application Thread] DEBUG TilesetLoader        - Created buffer with size 2940.0x700.0
18:06:41.597 [JavaFX Application Thread] DEBUG TMXLevelLoader       - Creating object layer entities
18:06:41.616 [JavaFX Application Thread] DEBUG GameWorld            - Clearing removable entities
18:06:41.622 [JavaFX Application Thread] DEBUG GameWorld            - Setting level: com.almasb.fxgl.entity.level.Level@222cccc4
18:07:02.023 [JavaFX Application Thread] DEBUG FXGLAssetLoaderServi - Loading from file system: file:/C:/Users/Benny%20Chao/IdeaProjects/522-202210-Term-Project-Planet-Bandit/target/classes/assets/textures/exit_sign.png
18:07:07.113 [JavaFX Application Thread] DEBUG PrimaryStageWindow   - Push state: DialogSubScene
18:07:07.113 [JavaFX Application Thread] DEBUG Input                - Clearing active input actions
18:07:07.117 [JavaFX Application Thread] DEBUG GameApplicationServi - Removing overlay from GameScene and adding to DialogSubScene
18:07:07.118 [JavaFX Application Thread] DEBUG PrimaryStageWindow   - GameScene -> DialogSubScene
18:07:09.163 [JavaFX Application Thread] DEBUG PrimaryStageWindow   - Pop state: DialogSubScene
18:07:09.164 [JavaFX Application Thread] DEBUG Input                - Clearing active input actions
18:07:09.164 [JavaFX Application Thread] DEBUG GameApplicationServi - Removing overlay from DialogSubScene and adding to GameScene
18:07:09.165 [JavaFX Application Thread] DEBUG PrimaryStageWindow   - GameScene <- DialogSubScene
18:07:09.166 [JavaFX Application Thread] DEBUG PrimaryStageWindow   - Push state: DialogSubScene
18:07:09.167 [JavaFX Application Thread] DEBUG Input                - Clearing active input actions
18:07:09.167 [JavaFX Application Thread] DEBUG GameApplicationServi - Removing overlay from GameScene and adding to DialogSubScene
18:07:09.167 [JavaFX Application Thread] DEBUG PrimaryStageWindow   - GameScene -> DialogSubScene
18:07:09.890 [JavaFX Application Thread] DEBUG PrimaryStageWindow   - Pop state: DialogSubScene
18:07:09.890 [JavaFX Application Thread] DEBUG Input                - Clearing active input actions
18:07:09.890 [JavaFX Application Thread] DEBUG GameApplicationServi - Removing overlay from DialogSubScene and adding to GameScene
18:07:09.890 [JavaFX Application Thread] DEBUG PrimaryStageWindow   - GameScene <- DialogSubScene
18:07:09.891 [JavaFX Application Thread] DEBUG FXGLApplication      - Exiting FXGL
18:07:09.891 [JavaFX Application Thread] DEBUG LoopRunner           - Stopping loop
18:07:09.891 [JavaFX Application Thread] DEBUG SystemBundleService  - Saving FXGL system data
18:07:09.893 [JavaFX Application Thread] DEBUG FileSystemAccess     - Writing to: C:\Users\Benny Chao\IdeaProjects\522-202210-Term-Project-Planet-Bandit\system\fxgl.bundle
18:07:09.895 [JavaFX Application Thread] DEBUG Async                - Shutting down background threads
18:07:09.895 [JavaFX Application Thread] DEBUG PrimaryStageWindow   - Closing main window
18:07:09.907 [JavaFX Application Thread] DEBUG Logger               - Closing Logger
