17:36:01.570 [main                     ] DEBUG Logger               - Configured Logger
17:36:01.625 [main                     ] DEBUG GameApplication      - Logging settings
Title: Untitled
Version: 0.0
Width: 1280
Height: 720
Fullscreen: false
Intro: false
Profiling: false
Single step:false
App Mode: DEVELOPER
Menu Key: ESCAPE
Stage Style: DECORATED
Scene Factory: class ca.bcit.comp2522.termproject.planetbandit.Platformer$1

17:36:02.129 [JavaFX Application Thread] DEBUG FXGLApplication      - Initializing FXGL
17:36:02.138 [JavaFX Application Thread] INFO  Engine               - FXGL-17.1 (24.03.2022 17.34) on WINDOWS (J:17.0.1 FX:18)
17:36:02.138 [JavaFX Application Thread] DEBUG Engine               - JRE Vendor Name: Oracle Corporation
17:36:02.139 [JavaFX Application Thread] DEBUG Engine               - Running on OS: Windows 10 version 10.0
17:36:02.139 [JavaFX Application Thread] DEBUG Engine               - Architecture: amd64
17:36:02.139 [JavaFX Application Thread] INFO  Engine               - Source code and latest versions at: https://github.com/AlmasB/FXGL
17:36:02.140 [JavaFX Application Thread] INFO  Engine               -       Ask questions and discuss at: https://github.com/AlmasB/FXGL/discussions
17:36:02.140 [JavaFX Application Thread] INFO  Engine               -              Join the FXGL chat at: https://gitter.im/AlmasB/FXGL
17:36:02.279 [JavaFX Application Thread] DEBUG PrimaryStageWindow   - Creating a JavaFX scene
17:36:02.350 [JavaFX Application Thread] DEBUG PrimaryStageWindow   - Target settings size: 1280.0 x 720.0
17:36:02.351 [JavaFX Application Thread] DEBUG PrimaryStageWindow   - Scaled scene size:    1280.0 x 720.0
17:36:02.351 [JavaFX Application Thread] DEBUG PrimaryStageWindow   - Scaled ratio: (1.0, 1.0)
17:36:02.353 [JavaFX Application Thread] DEBUG PrimaryStageWindow   - Set initial scene to FXGLStartupScene
17:36:02.363 [JavaFX Application Thread] DEBUG PrimaryStageWindow   - Opening main window
17:36:02.462 [JavaFX Application Thread] DEBUG PrimaryStageWindow   - Window border size: (16.0, 39.0)
17:36:02.462 [JavaFX Application Thread] DEBUG PrimaryStageWindow   - Scaled size: 1280.0 x 720.0
17:36:02.462 [JavaFX Application Thread] DEBUG PrimaryStageWindow   - Scaled ratio: (1.0, 1.0)
17:36:02.463 [JavaFX Application Thread] DEBUG PrimaryStageWindow   - Scene size: 1280.0 x 720.0
17:36:02.463 [JavaFX Application Thread] DEBUG PrimaryStageWindow   - Stage size: 1296.0 x 759.0
17:36:02.471 [FXGL Background Thread 1 ] DEBUG Engine               - Initializing environment variables
17:36:02.512 [FXGL Background Thread 1 ] DEBUG FXGLAssetLoaderServi - User app class for loading assets: class ca.bcit.comp2522.termproject.planetbandit.Platformer
17:36:02.512 [FXGL Background Thread 1 ] DEBUG GameApplicationServi - Applying CSS: fxgl_dark.css
17:36:02.513 [FXGL Background Thread 1 ] DEBUG FXGLAssetLoaderServi - Loading from file system: jar:file:///C:/Users/Benny%20Chao/.m2/repository/com/github/almasb/fxgl/17.1/fxgl-17.1.jar!/fxglassets/ui/css/fxgl_dark.css
17:36:02.575 [FXGL Background Thread 1 ] DEBUG GameApplicationServi - Initializing application scenes
17:36:02.642 [FXGL Background Thread 1 ] DEBUG GameWorld            - Game world initialized
17:36:02.701 [FXGL Background Thread 1 ] DEBUG PhysicsWorld         - Physics world initialized: appHeight=720, physics.ppm=50.0
17:36:02.702 [FXGL Background Thread 1 ] DEBUG PhysicsWorld         - Using strategy: BRUTE_FORCE
17:36:02.707 [FXGL Background Thread 1 ] DEBUG GameScene            - Game scene initialized: 1280x720
17:36:02.720 [FXGL Background Thread 1 ] DEBUG FXGL.DefaultMenu     - createMenuBodyGameMenu()
17:36:02.741 [FXGL Background Thread 1 ] DEBUG FXGL.DefaultMenu     - createOptionsMenu()
17:36:02.754 [FXGL Background Thread 1 ] DEBUG FXGLAssetLoaderServi - Loading from file system: jar:file:///C:/Users/Benny%20Chao/.m2/repository/com/github/almasb/fxgl/17.1/fxgl-17.1.jar!/fxglassets/textures/particles/smoke.png
17:36:02.887 [FXGL Background Thread 1 ] DEBUG FXGLAssetLoaderServi - Loading from file system: jar:file:///C:/Users/Benny%20Chao/.m2/repository/com/github/almasb/fxgl/17.1/fxgl-17.1.jar!/fxglassets/textures/particles/trace_horizontal.png
17:36:02.934 [FXGL Background Thread 1 ] DEBUG GameApplicationServi - Application scenes initialized
17:36:02.950 [FXGL Background Thread 1 ] DEBUG SystemBundleService  - Loading FXGL system data
17:36:02.954 [FXGL Background Thread 1 ] WARN  SystemBundleService  - Failed to load: java.io.FileNotFoundException: C:\Users\Benny Chao\IdeaProjects\522-202210-Term-Project-Planet-Bandit\system\fxgl.bundle (The system cannot find the file specified)
17:36:02.954 [FXGL Background Thread 1 ] DEBUG SystemBundleService  - Loading default FXGL system data
17:36:02.955 [FXGL Background Thread 1 ] DEBUG UpdaterService       - Checking for updates
17:36:02.961 [FXGL Background Thread 4 ] DEBUG FXGLApplication      - Loading fonts
17:36:02.962 [FXGL Background Thread 4 ] DEBUG FXGLAssetLoaderServi - Loading from file system: jar:file:///C:/Users/Benny%20Chao/.m2/repository/com/github/almasb/fxgl/17.1/fxgl-17.1.jar!/fxglassets/ui/fonts/VarelaRound-Regular.ttf
17:36:02.962 [FXGL Background Thread 1 ] DEBUG FXGLApplication      - Loading default localization
17:36:02.963 [FXGL Background Thread 1 ] DEBUG FXGLAssetLoaderServi - Loading from file system: jar:file:///C:/Users/Benny%20Chao/.m2/repository/com/github/almasb/fxgl/17.1/fxgl-17.1.jar!/fxglassets/languages/english.lang
17:36:02.987 [FXGL Background Thread 1 ] INFO  FXGLApplication      - FXGL initialization took: 0.515 sec
17:36:03.002 [JavaFX Application Thread] DEBUG Input                - Registered new binding: left - A
17:36:03.002 [JavaFX Application Thread] DEBUG Input                - Registered new binding: right - D
17:36:03.002 [JavaFX Application Thread] DEBUG Input                - Registered new binding: jump - W
17:36:03.002 [JavaFX Application Thread] DEBUG Input                - Registered new binding: Use - E
17:36:03.003 [JavaFX Application Thread] WARN  FXGLAssetLoaderServi - Asset "/assets/music/BGM_dash_runner.wav" was not found!
17:36:03.003 [JavaFX Application Thread] WARN  FXGLAssetLoaderServi - Failed to load MUSIC
17:36:03.005 [JavaFX Application Thread] DEBUG AudioPlayer          - Playing music com.almasb.fxgl.audio.Music@7023f770
17:36:03.006 [JavaFX Application Thread] DEBUG FXGLAssetLoaderServi - Loading from file system: jar:file:///C:/Users/Benny%20Chao/.m2/repository/com/github/almasb/fxgl/17.1/fxgl-17.1.jar!/fxglassets/textures/fxgl_icon.png
17:36:03.033 [FXGL Background Thread 4 ] DEBUG FXGLAssetLoaderServi - Loading from file system: jar:file:///C:/Users/Benny%20Chao/.m2/repository/com/github/almasb/fxgl/17.1/fxgl-17.1.jar!/fxglassets/ui/fonts/Abel-Regular.ttf
17:36:03.038 [FXGL Background Thread 4 ] DEBUG FXGLAssetLoaderServi - Loading from file system: jar:file:///C:/Users/Benny%20Chao/.m2/repository/com/github/almasb/fxgl/17.1/fxgl-17.1.jar!/fxglassets/ui/fonts/TerminalLandMono-Regular.otf
17:36:03.039 [JavaFX Application Thread] DEBUG FXGLAssetLoaderServi - Loading from file system: jar:file:///C:/Users/Benny%20Chao/.m2/repository/com/github/almasb/fxgl/17.1/fxgl-17.1.jar!/fxglassets/textures/fxgl_default_cursor.png
17:36:03.043 [JavaFX Application Thread] DEBUG Input                - Registered new binding: Screenshot - CTRL+8
17:36:03.043 [JavaFX Application Thread] DEBUG Input                - Registered new binding: System info dump - CTRL+9
17:36:03.043 [JavaFX Application Thread] DEBUG Input                - Registered new binding: Restart - CTRL+R
17:36:03.044 [JavaFX Application Thread] DEBUG Input                - Registered new binding: Toggle Debug Camera - CTRL+7
17:36:03.044 [FXGL Background Thread 4 ] DEBUG FXGLAssetLoaderServi - Loading from file system: jar:file:///C:/Users/Benny%20Chao/.m2/repository/com/github/almasb/fxgl/17.1/fxgl-17.1.jar!/fxglassets/ui/fonts/Courier-Prime.ttf
17:36:03.047 [JavaFX Application Thread] DEBUG LoopRunner           - Starting loop
17:36:03.047 [JavaFX Application Thread] DEBUG LoopRunner           - Initializing JavaFX AnimationTimerLoop
17:36:03.049 [JavaFX Application Thread] DEBUG GameApplicationServi - Starting new game
17:36:03.050 [JavaFX Application Thread] DEBUG Input                - Clearing active input actions
17:36:03.066 [JavaFX Application Thread] DEBUG GameApplicationServi - Removing overlay from FXGLStartupScene and adding to MarioLoadingScene
17:36:03.066 [JavaFX Application Thread] DEBUG PrimaryStageWindow   - FXGLStartupScene -> MarioLoadingScene
17:36:03.067 [JavaFX Application Thread] DEBUG GameApplicationServi - Clearing previous game
17:36:03.067 [JavaFX Application Thread] DEBUG GameScene            - Clearing game scene
17:36:03.067 [JavaFX Application Thread] DEBUG GameWorld            - Clearing game world
17:36:03.067 [JavaFX Application Thread] DEBUG PhysicsWorld         - Clearing physics world
17:36:03.069 [JavaFX Application Thread] DEBUG FXGLApplication      - Registering font factories with UI factory
17:36:03.069 [FXGL Background Thread 4 ] DEBUG FXGLApplication      - Initializing game
17:36:03.074 [FXGL Background Thread 4 ] WARN  FXGLAssetLoaderServi - Asset "/assets/textures/ice/ice_disappear.png" was not found!
17:36:03.075 [FXGL Background Thread 4 ] WARN  FXGLAssetLoaderServi - Failed to load RESIZABLE_IMAGE
17:36:03.132 [FXGL Background Thread 4 ] WARN  FXGLAssetLoaderServi - Asset "/assets/textures/ice/iceWater.png" was not found!
17:36:03.133 [FXGL Background Thread 4 ] WARN  FXGLAssetLoaderServi - Failed to load IMAGE
17:36:03.133 [FXGL Background Thread 4 ] WARN  FXGLAssetLoaderServi - Asset "/assets/textures/ice/collideCoin.png" was not found!
17:36:03.133 [FXGL Background Thread 4 ] WARN  FXGLAssetLoaderServi - Failed to load IMAGE
17:36:03.144 [FXGL Background Thread 4 ] WARN  FXGLAssetLoaderServi - Asset "/assets/levels/tmx/level6.tmx" was not found!
17:36:03.145 [JavaFX Application Thread] DEBUG LoopRunner           - Stopping loop
17:36:03.148 [JavaFX Application Thread] FATAL FXGLApplication      - Uncaught Exception:
java.lang.RuntimeException: Initialization failed
	at com.almasb.fxgl.all@17.1/com.almasb.fxgl.app.FXGLApplication$InitAppTask.failed(FXGLApplication.kt:343)
	at javafx.graphics@18/javafx.concurrent.Task.setState(Task.java:710)
	at javafx.graphics@18/javafx.concurrent.Task$TaskCallable.lambda$call$2(Task.java:1456)
	at javafx.graphics@18/com.sun.javafx.application.PlatformImpl.lambda$runLater$10(PlatformImpl.java:457)
	at java.base/java.security.AccessController.doPrivileged(AccessController.java:399)
	at javafx.graphics@18/com.sun.javafx.application.PlatformImpl.lambda$runLater$11(PlatformImpl.java:456)
	at javafx.graphics@18/com.sun.glass.ui.InvokeLaterDispatcher$Future.run(InvokeLaterDispatcher.java:96)
	at javafx.graphics@18/com.sun.glass.ui.win.WinApplication._runLoop(Native Method)
	at javafx.graphics@18/com.sun.glass.ui.win.WinApplication.lambda$runLoop$3(WinApplication.java:184)
	at java.base/java.lang.Thread.run(Thread.java:833)
Caused by: java.lang.IllegalArgumentException: Loading level failed. Asset not found: tmx/level6.tmx
	at com.almasb.fxgl.all@17.1/com.almasb.fxgl.app.services.FXGLAssetLoaderService.loadLevel(FXGLAssetLoaderService.kt:443)
	at com.almasb.fxgl.all@17.1/com.almasb.fxgl.dsl.FXGL$Companion.setLevelFromMap(FXGL.kt:634)
	at com.almasb.fxgl.all@17.1/com.almasb.fxgl.dsl.FXGL.setLevelFromMap(FXGL.kt)
	at ca.bcit.comp2522.termproject.planetbandit/ca.bcit.comp2522.termproject.planetbandit.Platformer.setLevel(MairoApp.java:289)
	at ca.bcit.comp2522.termproject.planetbandit/ca.bcit.comp2522.termproject.planetbandit.Platformer.nextLevel(MairoApp.java:279)
	at ca.bcit.comp2522.termproject.planetbandit/ca.bcit.comp2522.termproject.planetbandit.Platformer.initGame(MairoApp.java:319)
	at com.almasb.fxgl.all@17.1/com.almasb.fxgl.app.FXGLApplication$InitAppTask.initGame(FXGLApplication.kt:339)
	at com.almasb.fxgl.all@17.1/com.almasb.fxgl.app.FXGLApplication$InitAppTask.call(FXGLApplication.kt:319)
	at com.almasb.fxgl.all@17.1/com.almasb.fxgl.app.FXGLApplication$InitAppTask.call(FXGLApplication.kt:311)
	at javafx.graphics@18/javafx.concurrent.Task$TaskCallable.call(Task.java:1426)
	at java.base/java.util.concurrent.FutureTask.run(FutureTask.java:264)
	at java.base/java.util.concurrent.Executors$RunnableAdapter.call(Executors.java:539)
	at java.base/java.util.concurrent.FutureTask.run(FutureTask.java:264)
	at java.base/java.util.concurrent.ThreadPoolExecutor.runWorker(ThreadPoolExecutor.java:1136)
	at java.base/java.util.concurrent.ThreadPoolExecutor$Worker.run(ThreadPoolExecutor.java:635)
	... 1 more

17:36:03.149 [JavaFX Application Thread] FATAL FXGLApplication      - Application will now exit
17:36:03.174 [JavaFX Application Thread] DEBUG PrimaryStageWindow   - Push state: ErrorSubScene
17:36:03.174 [JavaFX Application Thread] DEBUG Input                - Clearing active input actions
17:36:03.183 [JavaFX Application Thread] DEBUG GameApplicationServi - Removing overlay from MarioLoadingScene and adding to ErrorSubScene
17:36:03.183 [JavaFX Application Thread] DEBUG PrimaryStageWindow   - MarioLoadingScene -> ErrorSubScene
17:36:05.961 [FXGL Background Thread 3 ] DEBUG Engine               - Logging environment variables
17:36:05.962 [FXGL Background Thread 3 ] DEBUG Engine               - achievements: []
17:36:05.962 [FXGL Background Thread 3 ] DEBUG Engine               - actualHeight: 720.0
17:36:05.962 [FXGL Background Thread 3 ] DEBUG Engine               - actualHeightProperty: ReadOnlyDoubleProperty [value: 720.0]
17:36:05.962 [FXGL Background Thread 3 ] DEBUG Engine               - actualWidth: 1280.0
17:36:05.962 [FXGL Background Thread 3 ] DEBUG Engine               - actualWidthProperty: ReadOnlyDoubleProperty [value: 1280.0]
17:36:05.962 [FXGL Background Thread 3 ] DEBUG Engine               - appIcon: fxgl_icon.png
17:36:05.963 [FXGL Background Thread 3 ] DEBUG Engine               - applicationMode: DEVELOPER
17:36:05.963 [FXGL Background Thread 3 ] DEBUG Engine               - cSSList: [fxgl_dark.css]
17:36:05.963 [FXGL Background Thread 3 ] DEBUG Engine               - collisionDetectionStrategy: BRUTE_FORCE
17:36:05.963 [FXGL Background Thread 3 ] DEBUG Engine               - configClass: Optional.empty
17:36:05.963 [FXGL Background Thread 3 ] DEBUG Engine               - credits: []
17:36:05.963 [FXGL Background Thread 3 ] DEBUG Engine               - defaultCursor: CursorInfo(imageName=fxgl_default_cursor.png, hotspotX=7.0, hotspotY=6.0)
17:36:05.964 [FXGL Background Thread 3 ] DEBUG Engine               - devBBoxColorProperty: ObjectProperty [value: 0xff0000ff]
17:36:05.964 [FXGL Background Thread 3 ] DEBUG Engine               - devEnableDebugCameraProperty: BooleanProperty [value: false]
17:36:05.964 [FXGL Background Thread 3 ] DEBUG Engine               - devSensorColorProperty: ObjectProperty [value: 0xffff00ff]
17:36:05.964 [FXGL Background Thread 3 ] DEBUG Engine               - devShowBBoxProperty: BooleanProperty [value: false]
17:36:05.965 [FXGL Background Thread 3 ] DEBUG Engine               - devShowPositionProperty: BooleanProperty [value: false]
17:36:05.965 [FXGL Background Thread 3 ] DEBUG Engine               - enabledMenuItems: []
17:36:05.965 [FXGL Background Thread 3 ] DEBUG Engine               - engineServices: [class com.almasb.fxgl.app.services.FXGLAssetLoaderService, class com.almasb.fxgl.app.FXGLApplication$GameApplicationService, class com.almasb.fxgl.app.services.FXGLDialogService, class com.almasb.fxgl.app.services.IOTaskExecutorService, class com.almasb.fxgl.io.FileSystemService, class com.almasb.fxgl.localization.LocalizationService, class com.almasb.fxgl.app.services.SystemBundleService, class com.almasb.fxgl.profile.SaveLoadService, class com.almasb.fxgl.ui.FXGLUIFactoryServiceProvider, class com.almasb.fxgl.ui.FXGLDialogFactoryServiceProvider, class com.almasb.fxgl.audio.AudioPlayer, class com.almasb.fxgl.notification.impl.NotificationServiceProvider, class com.almasb.fxgl.achievement.AchievementService, class com.almasb.fxgl.cutscene.CutsceneService, class com.almasb.fxgl.minigames.MiniGameService, class com.almasb.fxgl.net.NetService, class com.almasb.fxgl.app.services.UpdaterService, class com.almasb.fxgl.dev.DevService]
17:36:05.965 [FXGL Background Thread 3 ] DEBUG Engine               - fontGame: Abel-Regular.ttf
17:36:05.965 [FXGL Background Thread 3 ] DEBUG Engine               - fontMono: TerminalLandMono-Regular.otf
17:36:05.966 [FXGL Background Thread 3 ] DEBUG Engine               - fontText: Courier-Prime.ttf
17:36:05.966 [FXGL Background Thread 3 ] DEBUG Engine               - fontUI: VarelaRound-Regular.ttf
17:36:05.966 [FXGL Background Thread 3 ] DEBUG Engine               - fullScreen: BooleanProperty [value: false]
17:36:05.966 [FXGL Background Thread 3 ] DEBUG Engine               - gameDifficulty: MEDIUM
17:36:05.966 [FXGL Background Thread 3 ] DEBUG Engine               - gameDifficultyProperty: ObjectProperty [value: MEDIUM]
17:36:05.966 [FXGL Background Thread 3 ] DEBUG Engine               - globalMusicVolume: 0.5
17:36:05.967 [FXGL Background Thread 3 ] DEBUG Engine               - globalMusicVolumeProperty: DoubleProperty [value: 0.25]
17:36:05.967 [FXGL Background Thread 3 ] DEBUG Engine               - globalSoundVolume: 0.5
17:36:05.967 [FXGL Background Thread 3 ] DEBUG Engine               - globalSoundVolumeProperty: DoubleProperty [value: 0.5]
17:36:05.967 [FXGL Background Thread 3 ] DEBUG Engine               - height: 720
17:36:05.967 [FXGL Background Thread 3 ] DEBUG Engine               - is3D: false
17:36:05.967 [FXGL Background Thread 3 ] DEBUG Engine               - isAndroid: false
17:36:05.967 [FXGL Background Thread 3 ] DEBUG Engine               - isBrowser: false
17:36:05.967 [FXGL Background Thread 3 ] DEBUG Engine               - isClickFeedbackEnabled: false
17:36:05.968 [FXGL Background Thread 3 ] DEBUG Engine               - isCloseConfirmation: false
17:36:05.968 [FXGL Background Thread 3 ] DEBUG Engine               - isDesktop: true
17:36:05.968 [FXGL Background Thread 3 ] DEBUG Engine               - isDeveloperMenuEnabled: false
17:36:05.968 [FXGL Background Thread 3 ] DEBUG Engine               - isEmbedded: false
17:36:05.968 [FXGL Background Thread 3 ] DEBUG Engine               - isEntityPreloadEnabled: true
17:36:05.968 [FXGL Background Thread 3 ] DEBUG Engine               - isExperimentalTiledLargeMap: false
17:36:05.968 [FXGL Background Thread 3 ] DEBUG Engine               - isFileSystemWriteAllowed: true
17:36:05.969 [FXGL Background Thread 3 ] DEBUG Engine               - isFullScreenAllowed: false
17:36:05.969 [FXGL Background Thread 3 ] DEBUG Engine               - isFullScreenFromStart: false
17:36:05.969 [FXGL Background Thread 3 ] DEBUG Engine               - isGameMenuEnabled: true
17:36:05.969 [FXGL Background Thread 3 ] DEBUG Engine               - isIOS: false
17:36:05.969 [FXGL Background Thread 3 ] DEBUG Engine               - isIntroEnabled: false
17:36:05.969 [FXGL Background Thread 3 ] DEBUG Engine               - isLinux: false
17:36:05.969 [FXGL Background Thread 3 ] DEBUG Engine               - isMac: false
17:36:05.970 [FXGL Background Thread 3 ] DEBUG Engine               - isMainMenuEnabled: false
17:36:05.970 [FXGL Background Thread 3 ] DEBUG Engine               - isManualResizeEnabled: false
17:36:05.970 [FXGL Background Thread 3 ] DEBUG Engine               - isMobile: false
17:36:05.970 [FXGL Background Thread 3 ] DEBUG Engine               - isNative: false
17:36:05.970 [FXGL Background Thread 3 ] DEBUG Engine               - isPauseMusicWhenMinimized: true
17:36:05.970 [FXGL Background Thread 3 ] DEBUG Engine               - isPreserveResizeRatio: false
17:36:05.970 [FXGL Background Thread 3 ] DEBUG Engine               - isProfilingEnabled: false
17:36:05.970 [FXGL Background Thread 3 ] DEBUG Engine               - isScaleAffectedOnResize: true
17:36:05.971 [FXGL Background Thread 3 ] DEBUG Engine               - isSingleStep: false
17:36:05.971 [FXGL Background Thread 3 ] DEBUG Engine               - isUserProfileEnabled: false
17:36:05.971 [FXGL Background Thread 3 ] DEBUG Engine               - isWindows: true
17:36:05.971 [FXGL Background Thread 3 ] DEBUG Engine               - language: ObjectProperty [value: ENGLISH]
17:36:05.971 [FXGL Background Thread 3 ] DEBUG Engine               - menuKey: ESCAPE
17:36:05.971 [FXGL Background Thread 3 ] DEBUG Engine               - mouseSensitivity: 0.2
17:36:05.971 [FXGL Background Thread 3 ] DEBUG Engine               - notificationViewClass: class com.almasb.fxgl.notification.view.XboxNotificationView
17:36:05.971 [FXGL Background Thread 3 ] DEBUG Engine               - pixelsPerMeter: 50.0
17:36:05.972 [FXGL Background Thread 3 ] DEBUG Engine               - platform: WINDOWS
17:36:05.972 [FXGL Background Thread 3 ] DEBUG Engine               - prefHeightProperty: ReadOnlyDoubleProperty [value: 720.0]
17:36:05.972 [FXGL Background Thread 3 ] DEBUG Engine               - prefWidthProperty: ReadOnlyDoubleProperty [value: 1280.0]
17:36:05.972 [FXGL Background Thread 3 ] DEBUG Engine               - profileDir: profiles/
17:36:05.972 [FXGL Background Thread 3 ] DEBUG Engine               - profileName: StringProperty [value: DEFAULT]
17:36:05.972 [FXGL Background Thread 3 ] DEBUG Engine               - randomSeed: -1
17:36:05.973 [FXGL Background Thread 3 ] DEBUG Engine               - runtimeInfo: RuntimeInfo(platform=WINDOWS, version=17.1, build=24.03.2022 17.34)
17:36:05.973 [FXGL Background Thread 3 ] DEBUG Engine               - saveFileExt: sav
17:36:05.973 [FXGL Background Thread 3 ] DEBUG Engine               - scaledHeightProp$fxgl: DoubleProperty [bound, value: 720.0]
17:36:05.973 [FXGL Background Thread 3 ] DEBUG Engine               - scaledWidthProp$fxgl: DoubleProperty [bound, value: 1280.0]
17:36:05.973 [FXGL Background Thread 3 ] DEBUG Engine               - sceneFactory: ca.bcit.comp2522.termproject.planetbandit.Platformer$1@54bc3fbf
17:36:05.973 [FXGL Background Thread 3 ] DEBUG Engine               - secondsIn24h: 60
17:36:05.973 [FXGL Background Thread 3 ] DEBUG Engine               - soundMenuBack: menu/back.wav
17:36:05.974 [FXGL Background Thread 3 ] DEBUG Engine               - soundMenuPress: menu/press.wav
17:36:05.974 [FXGL Background Thread 3 ] DEBUG Engine               - soundMenuSelect: menu/select.wav
17:36:05.974 [FXGL Background Thread 3 ] DEBUG Engine               - soundNotification: core/notification.wav
17:36:05.974 [FXGL Background Thread 3 ] DEBUG Engine               - stageStyle: DECORATED
17:36:05.974 [FXGL Background Thread 3 ] DEBUG Engine               - supportedLanguages: [ENGLISH, FRENCH, GERMAN, HUNGARIAN, RUSSIAN]
17:36:05.974 [FXGL Background Thread 3 ] DEBUG Engine               - ticksPerSecond: -1
17:36:05.974 [FXGL Background Thread 3 ] DEBUG Engine               - title: Untitled
17:36:05.974 [FXGL Background Thread 3 ] DEBUG Engine               - urlGithub: https://github.com/AlmasB/FXGL
17:36:05.975 [FXGL Background Thread 3 ] DEBUG Engine               - urlLeaderboard: http://fxgl-top.herokuapp.com/
17:36:05.975 [FXGL Background Thread 3 ] DEBUG Engine               - urlPOM: https://raw.githubusercontent.com/AlmasB/FXGL/release/README.md
17:36:05.975 [FXGL Background Thread 3 ] DEBUG Engine               - userAppClass: class ca.bcit.comp2522.termproject.planetbandit.Platformer
17:36:05.975 [FXGL Background Thread 3 ] DEBUG Engine               - version: 0.0
17:36:05.975 [FXGL Background Thread 3 ] DEBUG Engine               - versionCheckDays: 7
17:36:05.975 [FXGL Background Thread 3 ] DEBUG Engine               - width: 1280
17:36:05.975 [FXGL Background Thread 3 ] DEBUG Engine               - Logging services
17:36:05.975 [FXGL Background Thread 3 ] DEBUG Engine               - class com.almasb.fxgl.app.services.FXGLAssetLoaderService
17:36:05.976 [FXGL Background Thread 3 ] DEBUG Engine               - class com.almasb.fxgl.app.FXGLApplication$GameApplicationService
17:36:05.976 [FXGL Background Thread 3 ] DEBUG Engine               - class com.almasb.fxgl.app.services.FXGLDialogService
17:36:05.976 [FXGL Background Thread 3 ] DEBUG Engine               - class com.almasb.fxgl.app.services.IOTaskExecutorService
17:36:05.976 [FXGL Background Thread 3 ] DEBUG Engine               - class com.almasb.fxgl.io.FileSystemService
17:36:05.976 [FXGL Background Thread 3 ] DEBUG Engine               - class com.almasb.fxgl.localization.LocalizationService
17:36:05.976 [FXGL Background Thread 3 ] DEBUG Engine               - class com.almasb.fxgl.app.services.SystemBundleService
17:36:05.976 [FXGL Background Thread 3 ] DEBUG Engine               - class com.almasb.fxgl.profile.SaveLoadService
17:36:05.976 [FXGL Background Thread 3 ] DEBUG Engine               - class com.almasb.fxgl.ui.FXGLUIFactoryServiceProvider
17:36:05.976 [FXGL Background Thread 3 ] DEBUG Engine               - class com.almasb.fxgl.ui.FXGLDialogFactoryServiceProvider
17:36:05.977 [FXGL Background Thread 3 ] DEBUG Engine               - class com.almasb.fxgl.audio.AudioPlayer
17:36:05.977 [FXGL Background Thread 3 ] DEBUG Engine               - class com.almasb.fxgl.notification.impl.NotificationServiceProvider
17:36:05.977 [FXGL Background Thread 3 ] DEBUG Engine               - class com.almasb.fxgl.achievement.AchievementService
17:36:05.977 [FXGL Background Thread 3 ] DEBUG Engine               - class com.almasb.fxgl.cutscene.CutsceneService
17:36:05.977 [FXGL Background Thread 3 ] DEBUG Engine               - class com.almasb.fxgl.minigames.MiniGameService
17:36:05.977 [FXGL Background Thread 3 ] DEBUG Engine               - class com.almasb.fxgl.net.NetService
17:36:05.977 [FXGL Background Thread 3 ] DEBUG Engine               - class com.almasb.fxgl.app.services.UpdaterService
17:36:05.977 [FXGL Background Thread 3 ] DEBUG Engine               - class com.almasb.fxgl.dev.DevService
17:36:06.367 [JavaFX Application Thread] DEBUG FXGLApplication      - Exiting FXGL
17:36:06.367 [JavaFX Application Thread] DEBUG Async                - Shutting down background threads
17:36:06.367 [JavaFX Application Thread] DEBUG PrimaryStageWindow   - Closing main window
17:36:06.380 [JavaFX Application Thread] DEBUG Logger               - Closing Logger
