17:44:19.043 [main                     ] DEBUG Logger               - Configured Logger
17:44:19.086 [main                     ] DEBUG GameApplication      - Logging settings
Title: Untitled
Version: 0.0
Width: 1280
Height: 720
Fullscreen: false
Intro: false
Profiling: false
Single step:false
App Mode: DEVELOPER
Menu Key: ESCAPE
Stage Style: DECORATED
Scene Factory: class com.leewyatt.mario.MairoApp$1

17:44:19.553 [JavaFX Application Thread] DEBUG FXGLApplication      - Initializing FXGL
17:44:19.560 [JavaFX Application Thread] INFO  Engine               - FXGL-17.1 (24.03.2022 17.34) on WINDOWS (J:17.0.1 FX:18)
17:44:19.561 [JavaFX Application Thread] DEBUG Engine               - JRE Vendor Name: Oracle Corporation
17:44:19.561 [JavaFX Application Thread] DEBUG Engine               - Running on OS: Windows 10 version 10.0
17:44:19.561 [JavaFX Application Thread] DEBUG Engine               - Architecture: amd64
17:44:19.561 [JavaFX Application Thread] INFO  Engine               - Source code and latest versions at: https://github.com/AlmasB/FXGL
17:44:19.562 [JavaFX Application Thread] INFO  Engine               -       Ask questions and discuss at: https://github.com/AlmasB/FXGL/discussions
17:44:19.562 [JavaFX Application Thread] INFO  Engine               -              Join the FXGL chat at: https://gitter.im/AlmasB/FXGL
17:44:19.673 [JavaFX Application Thread] DEBUG PrimaryStageWindow   - Creating a JavaFX scene
17:44:19.726 [JavaFX Application Thread] DEBUG PrimaryStageWindow   - Target settings size: 1280.0 x 720.0
17:44:19.726 [JavaFX Application Thread] DEBUG PrimaryStageWindow   - Scaled scene size:    1280.0 x 720.0
17:44:19.727 [JavaFX Application Thread] DEBUG PrimaryStageWindow   - Scaled ratio: (1.0, 1.0)
17:44:19.728 [JavaFX Application Thread] DEBUG PrimaryStageWindow   - Set initial scene to FXGLStartupScene
17:44:19.735 [JavaFX Application Thread] DEBUG PrimaryStageWindow   - Opening main window
17:44:19.835 [JavaFX Application Thread] DEBUG PrimaryStageWindow   - Window border size: (16.0, 39.0)
17:44:19.836 [JavaFX Application Thread] DEBUG PrimaryStageWindow   - Scaled size: 1280.0 x 720.0
17:44:19.836 [JavaFX Application Thread] DEBUG PrimaryStageWindow   - Scaled ratio: (1.0, 1.0)
17:44:19.837 [JavaFX Application Thread] DEBUG PrimaryStageWindow   - Scene size: 1280.0 x 720.0
17:44:19.837 [JavaFX Application Thread] DEBUG PrimaryStageWindow   - Stage size: 1296.0 x 759.0
17:44:19.845 [FXGL Background Thread 1 ] DEBUG Engine               - Initializing environment variables
17:44:19.899 [FXGL Background Thread 1 ] DEBUG FXGLAssetLoaderServi - User app class for loading assets: class com.leewyatt.mario.MairoApp
17:44:19.899 [FXGL Background Thread 1 ] DEBUG GameApplicationServi - Applying CSS: fxgl_dark.css
17:44:19.900 [FXGL Background Thread 1 ] DEBUG FXGLAssetLoaderServi - Loading from file system: jar:file:///C:/Users/Benny%20Chao/.m2/repository/com/github/almasb/fxgl/17.1/fxgl-17.1.jar!/fxglassets/ui/css/fxgl_dark.css
17:44:19.958 [FXGL Background Thread 1 ] DEBUG GameApplicationServi - Initializing application scenes
17:44:20.017 [FXGL Background Thread 1 ] DEBUG GameWorld            - Game world initialized
17:44:20.082 [FXGL Background Thread 1 ] DEBUG PhysicsWorld         - Physics world initialized: appHeight=720, physics.ppm=50.0
17:44:20.082 [FXGL Background Thread 1 ] DEBUG PhysicsWorld         - Using strategy: BRUTE_FORCE
17:44:20.087 [FXGL Background Thread 1 ] DEBUG GameScene            - Game scene initialized: 1280x720
17:44:20.100 [FXGL Background Thread 1 ] DEBUG FXGL.DefaultMenu     - createMenuBodyGameMenu()
17:44:20.124 [FXGL Background Thread 1 ] DEBUG FXGL.DefaultMenu     - createOptionsMenu()
17:44:20.141 [FXGL Background Thread 1 ] DEBUG FXGLAssetLoaderServi - Loading from file system: jar:file:///C:/Users/Benny%20Chao/.m2/repository/com/github/almasb/fxgl/17.1/fxgl-17.1.jar!/fxglassets/textures/particles/smoke.png
17:44:20.262 [FXGL Background Thread 1 ] DEBUG FXGLAssetLoaderServi - Loading from file system: jar:file:///C:/Users/Benny%20Chao/.m2/repository/com/github/almasb/fxgl/17.1/fxgl-17.1.jar!/fxglassets/textures/particles/trace_horizontal.png
17:44:20.300 [FXGL Background Thread 1 ] DEBUG GameApplicationServi - Application scenes initialized
17:44:20.316 [FXGL Background Thread 1 ] DEBUG SystemBundleService  - Loading FXGL system data
17:44:20.320 [FXGL Background Thread 1 ] DEBUG FileSystemAccess     - Reading from: C:\Users\Benny Chao\IdeaProjects\522-202210-Term-Project-Planet-Bandit\system\fxgl.bundle
17:44:20.329 [FXGL Background Thread 1 ] DEBUG SystemBundleService  - Bundle FXGL: {}
17:44:20.330 [FXGL Background Thread 1 ] DEBUG UpdaterService       - Checking for updates
17:44:20.335 [FXGL Background Thread 4 ] DEBUG FXGLApplication      - Loading fonts
17:44:20.336 [FXGL Background Thread 4 ] DEBUG FXGLAssetLoaderServi - Loading from file system: jar:file:///C:/Users/Benny%20Chao/.m2/repository/com/github/almasb/fxgl/17.1/fxgl-17.1.jar!/fxglassets/ui/fonts/VarelaRound-Regular.ttf
17:44:20.336 [FXGL Background Thread 1 ] DEBUG FXGLApplication      - Loading default localization
17:44:20.336 [FXGL Background Thread 1 ] DEBUG FXGLAssetLoaderServi - Loading from file system: jar:file:///C:/Users/Benny%20Chao/.m2/repository/com/github/almasb/fxgl/17.1/fxgl-17.1.jar!/fxglassets/languages/english.lang
17:44:20.360 [FXGL Background Thread 1 ] INFO  FXGLApplication      - FXGL initialization took: 0.514 sec
17:44:20.373 [JavaFX Application Thread] DEBUG Input                - Registered new binding: left - A
17:44:20.373 [JavaFX Application Thread] DEBUG Input                - Registered new binding: right - D
17:44:20.374 [JavaFX Application Thread] DEBUG Input                - Registered new binding: jump - W
17:44:20.374 [JavaFX Application Thread] DEBUG Input                - Registered new binding: Use - E
17:44:20.374 [JavaFX Application Thread] DEBUG FXGLAssetLoaderServi - Loading from file system: file:/C:/Users/Benny%20Chao/IdeaProjects/522-202210-Term-Project-Planet-Bandit/target/classes/assets/music/BGM_dash_runner.wav
17:44:20.403 [FXGL Background Thread 4 ] DEBUG FXGLAssetLoaderServi - Loading from file system: jar:file:///C:/Users/Benny%20Chao/.m2/repository/com/github/almasb/fxgl/17.1/fxgl-17.1.jar!/fxglassets/ui/fonts/Abel-Regular.ttf
17:44:20.409 [FXGL Background Thread 4 ] DEBUG FXGLAssetLoaderServi - Loading from file system: jar:file:///C:/Users/Benny%20Chao/.m2/repository/com/github/almasb/fxgl/17.1/fxgl-17.1.jar!/fxglassets/ui/fonts/TerminalLandMono-Regular.otf
17:44:20.414 [FXGL Background Thread 4 ] DEBUG FXGLAssetLoaderServi - Loading from file system: jar:file:///C:/Users/Benny%20Chao/.m2/repository/com/github/almasb/fxgl/17.1/fxgl-17.1.jar!/fxglassets/ui/fonts/Courier-Prime.ttf
17:44:20.622 [JavaFX Application Thread] DEBUG AudioPlayer          - Playing music com.almasb.fxgl.audio.Music@4b7af0f6
17:44:20.623 [JavaFX Application Thread] DEBUG FXGLAssetLoaderServi - Loading from file system: jar:file:///C:/Users/Benny%20Chao/.m2/repository/com/github/almasb/fxgl/17.1/fxgl-17.1.jar!/fxglassets/textures/fxgl_icon.png
17:44:20.665 [JavaFX Application Thread] DEBUG FXGLAssetLoaderServi - Loading from file system: jar:file:///C:/Users/Benny%20Chao/.m2/repository/com/github/almasb/fxgl/17.1/fxgl-17.1.jar!/fxglassets/textures/fxgl_default_cursor.png
17:44:20.669 [JavaFX Application Thread] DEBUG Input                - Registered new binding: Screenshot - CTRL+8
17:44:20.669 [JavaFX Application Thread] DEBUG Input                - Registered new binding: System info dump - CTRL+9
17:44:20.670 [JavaFX Application Thread] DEBUG Input                - Registered new binding: Restart - CTRL+R
17:44:20.672 [JavaFX Application Thread] DEBUG Input                - Registered new binding: Toggle Debug Camera - CTRL+7
17:44:20.677 [JavaFX Application Thread] DEBUG LoopRunner           - Starting loop
17:44:20.677 [JavaFX Application Thread] DEBUG LoopRunner           - Initializing JavaFX AnimationTimerLoop
17:44:20.679 [JavaFX Application Thread] DEBUG GameApplicationServi - Starting new game
17:44:20.680 [JavaFX Application Thread] DEBUG Input                - Clearing active input actions
17:44:20.693 [JavaFX Application Thread] DEBUG GameApplicationServi - Removing overlay from FXGLStartupScene and adding to MarioLoadingScene
17:44:20.693 [JavaFX Application Thread] DEBUG PrimaryStageWindow   - FXGLStartupScene -> MarioLoadingScene
17:44:20.693 [JavaFX Application Thread] DEBUG GameApplicationServi - Clearing previous game
17:44:20.693 [JavaFX Application Thread] DEBUG GameScene            - Clearing game scene
17:44:20.694 [JavaFX Application Thread] DEBUG GameWorld            - Clearing game world
17:44:20.694 [JavaFX Application Thread] DEBUG PhysicsWorld         - Clearing physics world
17:44:20.695 [FXGL Background Thread 4 ] DEBUG FXGLApplication      - Initializing game
17:44:20.698 [JavaFX Application Thread] DEBUG FXGLApplication      - Registering font factories with UI factory
17:44:20.703 [FXGL Background Thread 4 ] DEBUG FXGLAssetLoaderServi - Loading from file system: file:/C:/Users/Benny%20Chao/IdeaProjects/522-202210-Term-Project-Planet-Bandit/target/classes/assets/textures/ice/ice_disappear.png
17:44:20.745 [FXGL Background Thread 4 ] DEBUG FXGLAssetLoaderServi - Loading from file system: file:/C:/Users/Benny%20Chao/IdeaProjects/522-202210-Term-Project-Planet-Bandit/target/classes/assets/textures/ice/iceWater.png
17:44:20.747 [FXGL Background Thread 4 ] DEBUG FXGLAssetLoaderServi - Loading from file system: file:/C:/Users/Benny%20Chao/IdeaProjects/522-202210-Term-Project-Planet-Bandit/target/classes/assets/textures/ice/collideCoin.png
17:44:20.814 [FXGL Background Thread 4 ] WARN  TMXLevelLoader       - TiledMap generated from 1.2.3. Supported version: 1.4.2. Some features may not be parsed fully.
17:44:20.846 [FXGL Background Thread 4 ] DEBUG TMXLevelLoader       - Parsed TiledMap: file:/C:/Users/Benny%20Chao/IdeaProjects/522-202210-Term-Project-Planet-Bandit/target/classes/assets/levels/tmx/level6.tmx
17:44:20.847 [FXGL Background Thread 4 ] DEBUG TMXLevelLoader       - Creating tile layer entities
17:44:20.849 [FXGL Background Thread 4 ] DEBUG TilesetLoader        - Loading view for layer 块层 1
17:44:20.857 [FXGL Background Thread 4 ] DEBUG TilesetLoader        - Created buffer with size 2940.0x700.0
17:44:20.902 [FXGL Background Thread 4 ] DEBUG TMXLevelLoader       - Creating object layer entities
17:44:20.933 [FXGL Background Thread 4 ] DEBUG FXGLAssetLoaderServi - Loading from file system: file:/C:/Users/Benny%20Chao/IdeaProjects/522-202210-Term-Project-Planet-Bandit/target/classes/assets/textures/ice/iceBlock.png
17:44:20.955 [FXGL Background Thread 4 ] DEBUG FXGLAssetLoaderServi - Loading from file system: file:/C:/Users/Benny%20Chao/IdeaProjects/522-202210-Term-Project-Planet-Bandit/target/classes/assets/textures/ice/tundra_140x40.png
17:44:20.963 [FXGL Background Thread 4 ] DEBUG FXGLAssetLoaderServi - Loading from file system: file:/C:/Users/Benny%20Chao/IdeaProjects/522-202210-Term-Project-Planet-Bandit/target/classes/assets/textures/button.png
17:44:20.981 [FXGL Background Thread 4 ] DEBUG FXGLAssetLoaderServi - Loading from file system: file:/C:/Users/Benny%20Chao/IdeaProjects/522-202210-Term-Project-Planet-Bandit/target/classes/assets/textures/coinGold.png
17:44:20.997 [FXGL Background Thread 4 ] DEBUG GameWorld            - Clearing removable entities
17:44:20.998 [FXGL Background Thread 4 ] DEBUG GameWorld            - Setting level: com.almasb.fxgl.entity.level.Level@65495c94
17:44:21.080 [FXGL Background Thread 4 ] DEBUG FXGLAssetLoaderServi - Loading from file system: file:/C:/Users/Benny%20Chao/IdeaProjects/522-202210-Term-Project-Planet-Bandit/target/classes/assets/textures/player.png
17:44:21.087 [FXGL Background Thread 4 ] INFO  FXGLApplication      - Game initialization took: 0.391 sec
17:44:21.091 [JavaFX Application Thread] DEBUG Input                - Clearing active input actions
17:44:21.103 [JavaFX Application Thread] DEBUG GameApplicationServi - Removing overlay from MarioLoadingScene and adding to GameScene
17:44:21.104 [JavaFX Application Thread] DEBUG PrimaryStageWindow   - MarioLoadingScene -> GameScene
17:44:22.630 [JavaFX Application Thread] DEBUG FXGLApplication      - Exiting FXGL
17:44:22.631 [JavaFX Application Thread] DEBUG LoopRunner           - Stopping loop
17:44:22.631 [JavaFX Application Thread] DEBUG SystemBundleService  - Saving FXGL system data
17:44:22.633 [JavaFX Application Thread] DEBUG FileSystemAccess     - Writing to: C:\Users\Benny Chao\IdeaProjects\522-202210-Term-Project-Planet-Bandit\system\fxgl.bundle
17:44:22.635 [JavaFX Application Thread] DEBUG Async                - Shutting down background threads
17:44:22.636 [JavaFX Application Thread] DEBUG PrimaryStageWindow   - Closing main window
17:44:22.649 [JavaFX Application Thread] DEBUG Logger               - Closing Logger
